#
# There is insufficient memory for the Java Runtime Environment to continue.
# Native memory allocation (mmap) failed to map 134217728 bytes for Failed to commit area from 0x0000000081800000 to 0x0000000089800000 of length 134217728.
# Possible reasons:
#   The system is out of physical RAM or swap space
#   The process is running with CompressedOops enabled, and the Java Heap may be blocking the growth of the native heap
# Possible solutions:
#   Reduce memory load on the system
#   Increase physical memory or swap space
#   Check if swap backing store is full
#   Decrease Java heap size (-Xmx/-Xms)
#   Decrease number of Java threads
#   Decrease Java thread stack sizes (-Xss)
#   Set larger code cache with -XX:ReservedCodeCacheSize=
# This output file may be truncated or incomplete.
#
#  Out of Memory Error (t:/workspace/open/src/hotspot/os/windows/os_windows.cpp:3274), pid=17740, tid=6496
#
# JRE version:  (11.0.5+10) (build )
# Java VM: Java HotSpot(TM) 64-Bit Server VM (11.0.5+10-LTS, mixed mode, aot, sharing, tiered, compressed oops, g1 gc, windows-amd64)
# No core dump will be written. Minidumps are not enabled by default on client versions of Windows
#

---------------  S U M M A R Y ------------

Command Line: -Xverify:none -XX:TieredStopAtLevel=1 com.zeroday.auth.WebApplication

Host: Intel(R) Core(TM) i5-6200U CPU @ 2.30GHz, 4 cores, 7G,  Windows 10 , 64 bit Build 17134 (10.0.17134.706)
Time: Mon Mar  9 22:06:46 2020 GMT Standard Time elapsed time: 0 seconds (0d 0h 0m 0s)

---------------  T H R E A D  ---------------

Current thread (0x0000023fdbbd5000):  JavaThread "Unknown thread" [_thread_in_vm, id=6496, stack(0x00000084a0700000,0x00000084a0800000)]

Stack: [0x00000084a0700000,0x00000084a0800000]
Native frames: (J=compiled Java code, j=interpreted, Vv=VM code, C=native code)
V  [jvm.dll+0x63611a]
V  [jvm.dll+0x77426f]
V  [jvm.dll+0x77591a]
V  [jvm.dll+0x775fd3]
V  [jvm.dll+0x25e608]
V  [jvm.dll+0x6335ca]
V  [jvm.dll+0x627f85]
V  [jvm.dll+0x314ecc]
V  [jvm.dll+0x314d52]
V  [jvm.dll+0x31a5c6]
V  [jvm.dll+0x3666bf]
V  [jvm.dll+0x3660e0]
V  [jvm.dll+0x2f1c48]
V  [jvm.dll+0x2f2db6]
V  [jvm.dll+0x74d437]
V  [jvm.dll+0x74ebaf]
V  [jvm.dll+0x3734f9]
V  [jvm.dll+0x733ae9]
V  [jvm.dll+0x3e2e1d]
V  [jvm.dll+0x3e51e1]
C  [java.exe+0x3607]
C  [java.exe+0x178dc]
C  [KERNEL32.DLL+0x14034]
C  [ntdll.dll+0x73691]


---------------  P R O C E S S  ---------------

Threads class SMR info:
_java_thread_list=0x0000023fd993b090, length=0, elements={
}

Java Threads: ( => current thread )

Other Threads:
  0x0000023fdbbec000 GCTaskThread "GC Thread#0" [stack: 0x00000084a0800000,0x00000084a0900000] [id=17376]
  0x0000023fdbc1d000 ConcurrentGCThread "G1 Main Marker" [stack: 0x00000084a0900000,0x00000084a0a00000] [id=2536]
  0x0000023fdbc20800 ConcurrentGCThread "G1 Conc#0" [stack: 0x00000084a0a00000,0x00000084a0b00000] [id=7124]

[error occurred during error reporting (printing all threads), id 0xc0000005, EXCEPTION_ACCESS_VIOLATION (0xc0000005) at pc=0x00007fff13a40617]

VM state:not at safepoint (not fully initialized)

VM Mutex/Monitor currently owned by a thread:  ([mutex/lock_event])
[0x0000023fdbbd1850] Heap_lock - owner thread: 0x0000023fdbbd5000

Heap address: 0x0000000081800000, size: 2024 MB, Compressed Oops mode: Non-zero based: 0x0000000081800000
Narrow klass base: 0x0000000000000000, Narrow klass shift: 0

GC Heap History (0 events):
No events

Deoptimization events (0 events):
No events

Classes redefined (0 events):
No events

Internal exceptions (0 events):
No events

Events (0 events):
No events


Dynamic libraries:
0x00007ff7605f0000 - 0x00007ff760637000 	C:\Program Files\Java\jdk-11.0.5\bin\java.exe
0x00007fff6c5e0000 - 0x00007fff6c7c1000 	C:\WINDOWS\SYSTEM32\ntdll.dll
0x00007fff64130000 - 0x00007fff64145000 	C:\Program Files\AVAST Software\Avast\aswhook.dll
0x00007fff6c0e0000 - 0x00007fff6c191000 	C:\WINDOWS\System32\KERNEL32.DLL
0x00007fff68cb0000 - 0x00007fff68f23000 	C:\WINDOWS\System32\KERNELBASE.dll
0x00007fff6c380000 - 0x00007fff6c421000 	C:\WINDOWS\System32\ADVAPI32.dll
0x00007fff6c030000 - 0x00007fff6c0ce000 	C:\WINDOWS\System32\msvcrt.dll
0x00007fff69b10000 - 0x00007fff69b6b000 	C:\WINDOWS\System32\sechost.dll
0x00007fff6bf00000 - 0x00007fff6c024000 	C:\WINDOWS\System32\RPCRT4.dll
0x00007fff6bbd0000 - 0x00007fff6bd60000 	C:\WINDOWS\System32\USER32.dll
0x00007fff68f30000 - 0x00007fff68f50000 	C:\WINDOWS\System32\win32u.dll
0x00007fff69a70000 - 0x00007fff69a98000 	C:\WINDOWS\System32\GDI32.dll
0x00007fff69880000 - 0x00007fff69a12000 	C:\WINDOWS\System32\gdi32full.dll
0x00007fff68f50000 - 0x00007fff68fef000 	C:\WINDOWS\System32\msvcp_win.dll
0x00007fff68ff0000 - 0x00007fff690e8000 	C:\WINDOWS\System32\ucrtbase.dll
0x00007fff5ad70000 - 0x00007fff5afd9000 	C:\WINDOWS\WinSxS\amd64_microsoft.windows.common-controls_6595b64144ccf1df_6.0.17134.706_none_fb43a2cb30647007\COMCTL32.dll
0x00007fff6b610000 - 0x00007fff6b932000 	C:\WINDOWS\System32\combase.dll
0x00007fff690f0000 - 0x00007fff6916a000 	C:\WINDOWS\System32\bcryptPrimitives.dll
0x00007fff617e0000 - 0x00007fff617ea000 	C:\WINDOWS\SYSTEM32\VERSION.dll
0x00007fff6c580000 - 0x00007fff6c5ad000 	C:\WINDOWS\System32\IMM32.DLL
0x00007fff631c0000 - 0x00007fff631d6000 	C:\Program Files\Java\jdk-11.0.5\bin\vcruntime140.dll
0x00007fff468c0000 - 0x00007fff4696a000 	C:\Program Files\Java\jdk-11.0.5\bin\msvcp140.dll
0x00007fff13740000 - 0x00007fff14268000 	C:\Program Files\Java\jdk-11.0.5\bin\server\jvm.dll
0x00007fff6c570000 - 0x00007fff6c578000 	C:\WINDOWS\System32\PSAPI.DLL
0x00007fff54550000 - 0x00007fff54559000 	C:\WINDOWS\SYSTEM32\WSOCK32.dll
0x00007fff6bb60000 - 0x00007fff6bbcc000 	C:\WINDOWS\System32\WS2_32.dll
0x00007fff622a0000 - 0x00007fff622c3000 	C:\WINDOWS\SYSTEM32\WINMM.dll
0x00007fff62250000 - 0x00007fff6227a000 	C:\WINDOWS\SYSTEM32\WINMMBASE.dll
0x00007fff69a20000 - 0x00007fff69a69000 	C:\WINDOWS\System32\cfgmgr32.dll
0x00007fff68990000 - 0x00007fff689a1000 	C:\WINDOWS\System32\kernel.appcore.dll
0x00007fff600b0000 - 0x00007fff600c1000 	C:\Program Files\Java\jdk-11.0.5\bin\verify.dll
0x00007fff67300000 - 0x00007fff674c9000 	C:\WINDOWS\SYSTEM32\DBGHELP.DLL
0x00007fff61570000 - 0x00007fff61599000 	C:\WINDOWS\SYSTEM32\dbgcore.DLL
0x00007fff5b7c0000 - 0x00007fff5b7e9000 	C:\Program Files\Java\jdk-11.0.5\bin\java.dll
0x00007fff5fb30000 - 0x00007fff5fb46000 	C:\Program Files\Java\jdk-11.0.5\bin\zip.dll
0x00007fff640b0000 - 0x00007fff640ba000 	C:\Program Files\Java\jdk-11.0.5\bin\jimage.dll

dbghelp: loaded successfully - version: 4.0.5 - missing functions: none
symbol engine: initialized successfully - sym options: 0x614 - pdb path: .;C:\Program Files\Java\jdk-11.0.5\bin;C:\WINDOWS\SYSTEM32;C:\Program Files\AVAST Software\Avast;C:\WINDOWS\WinSxS\amd64_microsoft.windows.common-controls_6595b64144ccf1df_6.0.17134.706_none_fb43a2cb30647007;C:\Program Files\Java\jdk-11.0.5\bin\server

VM Arguments:
jvm_args: -Xverify:none -XX:TieredStopAtLevel=1 
java_command: com.zeroday.auth.WebApplication
java_class_path (initial): C:\Users\Anna\IdeaProjects\ZeroDayFinal\target\classes;C:\Users\Anna\.m2\repository\org\springframework\boot\spring-boot-starter-web\2.2.3.RELEASE\spring-boot-starter-web-2.2.3.RELEASE.jar;C:\Users\Anna\.m2\repository\org\springframework\boot\spring-boot-starter\2.2.3.RELEASE\spring-boot-starter-2.2.3.RELEASE.jar;C:\Users\Anna\.m2\repository\org\springframework\boot\spring-boot\2.2.3.RELEASE\spring-boot-2.2.3.RELEASE.jar;C:\Users\Anna\.m2\repository\org\springframework\boot\spring-boot-autoconfigure\2.2.3.RELEASE\spring-boot-autoconfigure-2.2.3.RELEASE.jar;C:\Users\Anna\.m2\repository\org\springframework\boot\spring-boot-starter-logging\2.2.3.RELEASE\spring-boot-starter-logging-2.2.3.RELEASE.jar;C:\Users\Anna\.m2\repository\ch\qos\logback\logback-classic\1.2.3\logback-classic-1.2.3.jar;C:\Users\Anna\.m2\repository\ch\qos\logback\logback-core\1.2.3\logback-core-1.2.3.jar;C:\Users\Anna\.m2\repository\org\apache\logging\log4j\log4j-to-slf4j\2.12.1\log4j-to-slf4j-2.12.1.jar;C:\Users\Anna\.m2\repository\org\apache\logging\log4j\log4j-api\2.12.1\log4j-api-2.12.1.jar;C:\Users\Anna\.m2\repository\org\slf4j\jul-to-slf4j\1.7.30\jul-to-slf4j-1.7.30.jar;C:\Users\Anna\.m2\repository\jakarta\annotation\jakarta.annotation-api\1.3.5\jakarta.annotation-api-1.3.5.jar;C:\Users\Anna\.m2\repository\org\springframework\spring-core\5.2.3.RELEASE\spring-core-5.2.3.RELEASE.jar;C:\Users\Anna\.m2\repository\org\springframework\spring-jcl\5.2.3.RELEASE\spring-jcl-5.2.3.RELEASE.jar;C:\Users\Anna\.m2\repository\org\yaml\snakeyaml\1.25\snakeyaml-1.25.jar;C:\Users\Anna\.m2\repository\org\springframework\boot\spring-boot-starter-json\2.2.3.RELEASE\spring-boot-starter-json-2.2.3.RELEASE.jar;C:\Users\Anna\.m2\repository\com\fasterxml\jackson\core\jackson-databind\2.10.2\jackson-databind-2.10.2.jar;C:\Users\Anna\.m2\repository\com\fasterxml\jackson\core\jackson-annotations\2.10.2\jackson-annotations-2.10.2.jar;C:\Users\Anna\.m2\repository\com\fasterxml\jackson\core\jackson
Launcher Type: SUN_STANDARD

[Global flags]
     bool BytecodeVerificationLocal                = false                                     {product} {command line}
     bool BytecodeVerificationRemote               = false                                     {product} {command line}
     intx CICompilerCount                          = 3                                         {product} {ergonomic}
     uint ConcGCThreads                            = 1                                         {product} {ergonomic}
     uint G1ConcRefinementThreads                  = 4                                         {product} {ergonomic}
   size_t G1HeapRegionSize                         = 1048576                                   {product} {ergonomic}
    uintx GCDrainStackTargetSize                   = 64                                        {product} {ergonomic}
   size_t InitialHeapSize                          = 134217728                                 {product} {ergonomic}
   size_t MarkStackSize                            = 4194304                                   {product} {ergonomic}
   size_t MaxHeapSize                              = 2122317824                                {product} {ergonomic}
   size_t MinHeapDeltaBytes                        = 1048576                                   {product} {ergonomic}
    uintx NonNMethodCodeHeapSize                   = 6973028                                {pd product} {ergonomic}
    uintx NonProfiledCodeHeapSize                  = 244685212                              {pd product} {ergonomic}
    uintx ProfiledCodeHeapSize                     = 0                                      {pd product} {ergonomic}
    uintx ReservedCodeCacheSize                    = 251658240                              {pd product} {ergonomic}
     bool SegmentedCodeCache                       = true                                      {product} {ergonomic}
     intx TieredStopAtLevel                        = 1                                         {product} {command line}
     bool UseCompressedClassPointers               = true                                 {lp64_product} {ergonomic}
     bool UseCompressedOops                        = true                                 {lp64_product} {ergonomic}
     bool UseG1GC                                  = true                                      {product} {ergonomic}
     bool UseLargePagesIndividualAllocation        = false                                  {pd product} {ergonomic}

Logging:
Log output configuration:
 #0: stdout all=warning uptime,level,tags
 #1: stderr all=off uptime,level,tags

Environment Variables:
JAVA_HOME=C:\Program Files\Java\jdk-11.0.5
PATH=C:\Program Files\Java\jdk-11.0.5\bin;C:\Program Files\Java\jdk1.8.0_121\bin;C:\Program Files (x86)\Common Files\Oracle\Java\javapath;C:\Program Files (x86)\Intel\iCLS Client\;C:\ProgramData\Oracle\Java\javapath;C:\Program Files\Intel\iCLS Client\;C:\WINDOWS\system32;C:\WINDOWS;C:\WINDOWS\System32\Wbem;C:\WINDOWS\System32\WindowsPowerShell\v1.0\;C:\Program Files\Intel\IntelSGXPSW\bin\x64\Release\;C:\Program Files\Intel\IntelSGXPSW\bin\win32\Release\;C:\Program Files\Hewlett-Packard\SimplePass\;C:\MinGW\bin;C:\MinGW\var\cache\mingw-get\packages\make-3.82.90-2-mingw32-cvs-20120902-bin.tar\make-3.82.90-2-mingw32-cvs-20120902-bin\bin;C:\Program Files\MySQL\MySQL Utilities 1.6\;C:\Users\Anna\sisc-1.16.6;C:\Program Files (x86)\Intel\Intel(R) Management Engine Components\DAL;C:\Program Files\Intel\Intel(R) Management Engine Components\DAL;C:\Program Files (x86)\Intel\Intel(R) Management Engine Components\IPT;C:\Program Files\Intel\Intel(R) Management Engine Components\IPT;C:\WINDOWS\System32\OpenSSH\;C:\Program Files\MATLAB\R2018b\bin;C:\Program Files\Intel\WiFi\bin\;C:\Program Files\Common Files\Intel\WirelessCommon\;C:\Program Files (x86)\PuTTY\;C:\ProgramData\chocolatey\bin;C:\ProgramData\chocolatey\lib\maven\apache-maven-3.6.3\bin;C:\Users\Anna\AppData\Local\GitHub\PortableGit_f02737a78695063deace08e96d5042710d3e32db\cmd;C:\Program Files\MySQL\MySQL Shell 8.0\bin\;C:\Ruby24-x64\bin;C:\Users\Anna\AppData\Local\Microsoft\WindowsApps
USERNAME=Anna
OS=Windows_NT
PROCESSOR_IDENTIFIER=Intel64 Family 6 Model 78 Stepping 3, GenuineIntel



---------------  S Y S T E M  ---------------

OS: Windows 10 , 64 bit Build 17134 (10.0.17134.706)

CPU:total 4 (initial active 4) (2 cores per cpu, 2 threads per core) family 6 model 78 stepping 3, cmov, cx8, fxsr, mmx, sse, sse2, sse3, ssse3, sse4.1, sse4.2, popcnt, avx, avx2, aes, clmul, erms, 3dnowpref, lzcnt, ht, tsc, tscinvbit, bmi1, bmi2, adx, fma

Memory: 4k page, system-wide physical 8090M (714M free)
TotalPageFile size 32666M (AvailPageFile size 8M)
current process WorkingSet (physical memory assigned to process): 9M, peak: 9M
current process commit charge ("private bytes"): 49M, peak: 177M

vm_info: Java HotSpot(TM) 64-Bit Server VM (11.0.5+10-LTS) for windows-amd64 JRE (11.0.5+10-LTS), built on Oct  6 2019 12:37:14 by "mach5one" with MS VC++ 15.5 (VS2017)

END.
