#
# There is insufficient memory for the Java Runtime Environment to continue.
# Native memory allocation (malloc) failed to allocate 32744 bytes for ChunkPool::allocate
# Possible reasons:
#   The system is out of physical RAM or swap space
#   The process is running with CompressedOops enabled, and the Java Heap may be blocking the growth of the native heap
# Possible solutions:
#   Reduce memory load on the system
#   Increase physical memory or swap space
#   Check if swap backing store is full
#   Decrease Java heap size (-Xmx/-Xms)
#   Decrease number of Java threads
#   Decrease Java thread stack sizes (-Xss)
#   Set larger code cache with -XX:ReservedCodeCacheSize=
#   JVM is running with Unscaled Compressed Oops mode in which the Java heap is
#     placed in the first 4GB address space. The Java Heap base address is the
#     maximum limit for the native heap growth. Please use -XX:HeapBaseMinAddress
#     to set the Java Heap base and to place the Java Heap above 4GB virtual address.
# This output file may be truncated or incomplete.
#
#  Out of Memory Error (t:/workspace/open/src/hotspot/share/memory/arena.cpp:81), pid=2840, tid=19220
#
# JRE version: Java(TM) SE Runtime Environment (11.0.5+10) (build 11.0.5+10-LTS)
# Java VM: Java HotSpot(TM) 64-Bit Server VM (11.0.5+10-LTS, mixed mode, tiered, compressed oops, g1 gc, windows-amd64)
# No core dump will be written. Minidumps are not enabled by default on client versions of Windows
#

---------------  S U M M A R Y ------------

Command Line: -Xverify:none -XX:TieredStopAtLevel=1 com.zeroday.auth.WebApplication

Host: Intel(R) Core(TM) i5-6200U CPU @ 2.30GHz, 4 cores, 7G,  Windows 10 , 64 bit Build 17134 (10.0.17134.706)
Time: Mon Mar  9 21:26:53 2020 GMT Standard Time elapsed time: 26 seconds (0d 0h 0m 26s)

---------------  T H R E A D  ---------------

Current thread (0x0000022a1edf5800):  JavaThread "C1 CompilerThread0" daemon [_thread_in_native, id=19220, stack(0x0000008d91d00000,0x0000008d91e00000)]


Current CompileTask:
C1:  26574 5459       1       org.eclipse.jdt.internal.compiler.parser.Parser::consumeRule (7272 bytes)

Stack: [0x0000008d91d00000,0x0000008d91e00000]
Native frames: (J=compiled Java code, j=interpreted, Vv=VM code, C=native code)
V  [jvm.dll+0x63611a]
V  [jvm.dll+0x77426f]
V  [jvm.dll+0x77591a]
V  [jvm.dll+0x775fd3]
V  [jvm.dll+0x25e608]
V  [jvm.dll+0xc215b]
V  [jvm.dll+0xc24bc]
V  [jvm.dll+0x190ffe]
V  [jvm.dll+0x12c47e]
V  [jvm.dll+0x12c702]
V  [jvm.dll+0x12ca2f]
V  [jvm.dll+0x12bba7]
V  [jvm.dll+0x12dc47]
V  [jvm.dll+0x226684]
V  [jvm.dll+0x224c78]
V  [jvm.dll+0x7396cd]
V  [jvm.dll+0x6351c2]
C  [ucrtbase.dll+0x1e3fe]
C  [KERNEL32.DLL+0x14034]
C  [ntdll.dll+0x73691]


---------------  P R O C E S S  ---------------

Threads class SMR info:
_java_thread_list=0x0000022a23e21670, length=27, elements={
0x0000022a1eddf000, 0x0000022a1edd8000, 0x0000022a1edec800, 0x0000022a1edee800,
0x0000022a1edf5800, 0x0000022a1edf3800, 0x0000022a1f84f000, 0x0000022a1f861000,
0x0000022a218b1800, 0x0000022a218b2800, 0x0000022a21905800, 0x0000022a21929800,
0x0000022a21bb7800, 0x0000022a21f3e000, 0x0000022a23e8e000, 0x0000022a23e8e800,
0x0000022a23e93800, 0x0000022a23e9a000, 0x0000022a23e99000, 0x0000022a23e95000,
0x0000022a23e98800, 0x0000022a23e94800, 0x0000022a23e9b000, 0x0000022a23e96000,
0x0000022a23e96800, 0x0000022a23e97800, 0x0000022a23ef5800
}

Java Threads: ( => current thread )
  0x0000022a1eddf000 JavaThread "Reference Handler" daemon [_thread_blocked, id=8752, stack(0x0000008d91900000,0x0000008d91a00000)]
  0x0000022a1edd8000 JavaThread "Finalizer" daemon [_thread_blocked, id=11624, stack(0x0000008d91a00000,0x0000008d91b00000)]
  0x0000022a1edec800 JavaThread "Signal Dispatcher" daemon [_thread_blocked, id=14028, stack(0x0000008d91b00000,0x0000008d91c00000)]
  0x0000022a1edee800 JavaThread "Attach Listener" daemon [_thread_blocked, id=2440, stack(0x0000008d91c00000,0x0000008d91d00000)]
=>0x0000022a1edf5800 JavaThread "C1 CompilerThread0" daemon [_thread_in_native, id=19220, stack(0x0000008d91d00000,0x0000008d91e00000)]
  0x0000022a1edf3800 JavaThread "Sweeper thread" daemon [_thread_blocked, id=14732, stack(0x0000008d91e00000,0x0000008d91f00000)]
  0x0000022a1f84f000 JavaThread "Service Thread" daemon [_thread_blocked, id=3452, stack(0x0000008d91f00000,0x0000008d92000000)]
  0x0000022a1f861000 JavaThread "Common-Cleaner" daemon [_thread_blocked, id=18628, stack(0x0000008d92100000,0x0000008d92200000)]
  0x0000022a218b1800 JavaThread "Catalina-utility-1" [_thread_blocked, id=19096, stack(0x0000008d92500000,0x0000008d92600000)]
  0x0000022a218b2800 JavaThread "Catalina-utility-2" [_thread_blocked, id=4748, stack(0x0000008d92700000,0x0000008d92800000)]
  0x0000022a21905800 JavaThread "container-0" [_thread_blocked, id=18652, stack(0x0000008d92800000,0x0000008d92900000)]
  0x0000022a21929800 JavaThread "mysql-cj-abandoned-connection-cleanup" daemon [_thread_blocked, id=15724, stack(0x0000008d92900000,0x0000008d92a00000)]
  0x0000022a21bb7800 JavaThread "HikariPool-1 housekeeper" daemon [_thread_blocked, id=7316, stack(0x0000008d92b00000,0x0000008d92c00000)]
  0x0000022a21f3e000 JavaThread "http-nio-8080-BlockPoller" daemon [_thread_in_native, id=16116, stack(0x0000008d92d00000,0x0000008d92e00000)]
  0x0000022a23e8e000 JavaThread "http-nio-8080-exec-1" daemon [_thread_in_vm, id=18932, stack(0x0000008d92e00000,0x0000008d92f00000)]
  0x0000022a23e8e800 JavaThread "http-nio-8080-exec-2" daemon [_thread_blocked, id=18812, stack(0x0000008d92f00000,0x0000008d93000000)]
  0x0000022a23e93800 JavaThread "http-nio-8080-exec-3" daemon [_thread_blocked, id=9076, stack(0x0000008d93000000,0x0000008d93100000)]
  0x0000022a23e9a000 JavaThread "http-nio-8080-exec-4" daemon [_thread_blocked, id=16148, stack(0x0000008d93100000,0x0000008d93200000)]
  0x0000022a23e99000 JavaThread "http-nio-8080-exec-5" daemon [_thread_blocked, id=2040, stack(0x0000008d93200000,0x0000008d93300000)]
  0x0000022a23e95000 JavaThread "http-nio-8080-exec-6" daemon [_thread_blocked, id=11544, stack(0x0000008d93300000,0x0000008d93400000)]
  0x0000022a23e98800 JavaThread "http-nio-8080-exec-7" daemon [_thread_blocked, id=10640, stack(0x0000008d93400000,0x0000008d93500000)]
  0x0000022a23e94800 JavaThread "http-nio-8080-exec-8" daemon [_thread_blocked, id=9556, stack(0x0000008d93500000,0x0000008d93600000)]
  0x0000022a23e9b000 JavaThread "http-nio-8080-exec-9" daemon [_thread_blocked, id=18792, stack(0x0000008d93600000,0x0000008d93700000)]
  0x0000022a23e96000 JavaThread "http-nio-8080-exec-10" daemon [_thread_blocked, id=13136, stack(0x0000008d93700000,0x0000008d93800000)]
  0x0000022a23e96800 JavaThread "http-nio-8080-ClientPoller" daemon [_thread_in_native, id=18904, stack(0x0000008d93800000,0x0000008d93900000)]
  0x0000022a23e97800 JavaThread "http-nio-8080-Acceptor" daemon [_thread_in_native, id=12688, stack(0x0000008d93900000,0x0000008d93a00000)]
  0x0000022a23ef5800 JavaThread "DestroyJavaVM" [_thread_blocked, id=1568, stack(0x0000008d91200000,0x0000008d91300000)]

Other Threads:
  0x0000022a1eda7000 VMThread "VM Thread" [stack: 0x0000008d91800000,0x0000008d91900000] [id=2536]
  0x0000022a1f85e800 WatcherThread [stack: 0x0000008d92000000,0x0000008d92100000] [id=16124]
  0x0000022a7f599000 GCTaskThread "GC Thread#0" [stack: 0x0000008d91300000,0x0000008d91400000] [id=5544]
  0x0000022a2005f800 GCTaskThread "GC Thread#1" [stack: 0x0000008d92200000,0x0000008d92300000] [id=7376]
  0x0000022a2003e800 GCTaskThread "GC Thread#2" [stack: 0x0000008d92300000,0x0000008d92400000] [id=16832]
  0x0000022a201b2800 GCTaskThread "GC Thread#3" [stack: 0x0000008d92600000,0x0000008d92700000] [id=2596]
  0x0000022a7f5cb000 ConcurrentGCThread "G1 Main Marker" [stack: 0x0000008d91400000,0x0000008d91500000] [id=4120]
  0x0000022a7f5cf800 ConcurrentGCThread "G1 Conc#0" [stack: 0x0000008d91500000,0x0000008d91600000] [id=5200]
  0x0000022a1ec14800 ConcurrentGCThread "G1 Refine#0" [stack: 0x0000008d91600000,0x0000008d91700000] [id=8560]
  0x0000022a20092800 ConcurrentGCThread "G1 Refine#1" [stack: 0x0000008d92400000,0x0000008d92500000] [id=12992]
  0x0000022a7f64e000 ConcurrentGCThread "G1 Young RemSet Sampling" [stack: 0x0000008d91700000,0x0000008d91800000] [id=10204]

Threads with active compile tasks:
C1 CompilerThread05459       1       org.eclipse.jdt.internal.compiler.parser.Parser::consumeRule (7272 bytes)

VM state:not at safepoint (normal execution)

VM Mutex/Monitor currently owned by a thread:  ([mutex/lock_event])
[0x0000022a7f5826f0] MethodData_lock - owner thread: 0x0000022a23e8e000

Heap address: 0x0000000081800000, size: 2024 MB, Compressed Oops mode: 32-bit
Narrow klass base: 0x0000000000000000, Narrow klass shift: 3
Compressed class space size: 1073741824 Address: 0x0000000100000000

Heap:
 garbage-first heap   total 189440K, used 60853K [0x0000000081800000, 0x0000000100000000)
  region size 1024K, 41 young (41984K), 6 survivors (6144K)
 Metaspace       used 64582K, capacity 66147K, committed 66512K, reserved 1107968K
  class space    used 8315K, capacity 8916K, committed 9036K, reserved 1048576K
Heap Regions: E=young(eden), S=young(survivor), O=old, HS=humongous(starts), HC=humongous(continues), CS=collection set, F=free, A=archive, TAMS=top-at-mark-start (previous, next)
|   0|0x0000000081800000, 0x0000000081900000, 0x0000000081900000|100%|HS|  |TAMS 0x0000000081900000, 0x0000000081800000| Complete 
|   1|0x0000000081900000, 0x0000000081a00000, 0x0000000081a00000|100%| O|  |TAMS 0x0000000081a00000, 0x0000000081900000| Untracked 
|   2|0x0000000081a00000, 0x0000000081b00000, 0x0000000081b00000|100%| O|  |TAMS 0x0000000081b00000, 0x0000000081a00000| Untracked 
|   3|0x0000000081b00000, 0x0000000081c00000, 0x0000000081c00000|100%| O|  |TAMS 0x0000000081c00000, 0x0000000081b00000| Untracked 
|   4|0x0000000081c00000, 0x0000000081d00000, 0x0000000081d00000|100%| O|  |TAMS 0x0000000081d00000, 0x0000000081c00000| Untracked 
|   5|0x0000000081d00000, 0x0000000081e00000, 0x0000000081e00000|100%| O|  |TAMS 0x0000000081e00000, 0x0000000081d00000| Untracked 
|   6|0x0000000081e00000, 0x0000000081f00000, 0x0000000081f00000|100%| O|  |TAMS 0x0000000081f00000, 0x0000000081e00000| Untracked 
|   7|0x0000000081f00000, 0x0000000082000000, 0x0000000082000000|100%| O|  |TAMS 0x0000000082000000, 0x0000000081f00000| Untracked 
|   8|0x0000000082000000, 0x0000000082100000, 0x0000000082100000|100%| O|  |TAMS 0x0000000082100000, 0x0000000082000000| Untracked 
|   9|0x0000000082100000, 0x0000000082200000, 0x0000000082200000|100%| O|  |TAMS 0x0000000082200000, 0x0000000082100000| Untracked 
|  10|0x0000000082200000, 0x0000000082300000, 0x0000000082300000|100%| O|  |TAMS 0x0000000082300000, 0x0000000082200000| Untracked 
|  11|0x0000000082300000, 0x0000000082400000, 0x0000000082400000|100%| O|  |TAMS 0x0000000082400000, 0x0000000082300000| Untracked 
|  12|0x0000000082400000, 0x0000000082500000, 0x0000000082500000|100%| O|  |TAMS 0x0000000082500000, 0x0000000082400000| Untracked 
|  13|0x0000000082500000, 0x0000000082600000, 0x0000000082600000|100%| O|  |TAMS 0x0000000082600000, 0x0000000082500000| Untracked 
|  14|0x0000000082600000, 0x0000000082700000, 0x0000000082700000|100%| O|  |TAMS 0x0000000082700000, 0x0000000082600000| Untracked 
|  15|0x0000000082700000, 0x0000000082800000, 0x0000000082800000|100%| O|  |TAMS 0x0000000082800000, 0x0000000082700000| Untracked 
|  16|0x0000000082800000, 0x0000000082900000, 0x0000000082900000|100%| O|  |TAMS 0x0000000082900000, 0x0000000082800000| Untracked 
|  17|0x0000000082900000, 0x0000000082a00000, 0x0000000082a00000|100%| O|  |TAMS 0x0000000082a00000, 0x0000000082900000| Untracked 
|  18|0x0000000082a00000, 0x0000000082b00000, 0x0000000082b00000|100%| O|  |TAMS 0x0000000082b00000, 0x0000000082a00000| Untracked 
|  19|0x0000000082b00000, 0x0000000082bf5a00, 0x0000000082c00000| 95%| O|  |TAMS 0x0000000082bf5a00, 0x0000000082b00000| Untracked 
|  20|0x0000000082c00000, 0x0000000082c00000, 0x0000000082d00000|  0%| F|  |TAMS 0x0000000082c00000, 0x0000000082c00000| Untracked 
|  21|0x0000000082d00000, 0x0000000082d00000, 0x0000000082e00000|  0%| F|  |TAMS 0x0000000082d00000, 0x0000000082d00000| Untracked 
|  22|0x0000000082e00000, 0x0000000082e00000, 0x0000000082f00000|  0%| F|  |TAMS 0x0000000082e00000, 0x0000000082e00000| Untracked 
|  23|0x0000000082f00000, 0x0000000082f00000, 0x0000000083000000|  0%| F|  |TAMS 0x0000000082f00000, 0x0000000082f00000| Untracked 
|  24|0x0000000083000000, 0x0000000083000000, 0x0000000083100000|  0%| F|  |TAMS 0x0000000083000000, 0x0000000083000000| Untracked 
|  25|0x0000000083100000, 0x0000000083100000, 0x0000000083200000|  0%| F|  |TAMS 0x0000000083100000, 0x0000000083100000| Untracked 
|  26|0x0000000083200000, 0x0000000083200000, 0x0000000083300000|  0%| F|  |TAMS 0x0000000083200000, 0x0000000083200000| Untracked 
|  27|0x0000000083300000, 0x0000000083300000, 0x0000000083400000|  0%| F|  |TAMS 0x0000000083300000, 0x0000000083300000| Untracked 
|  28|0x0000000083400000, 0x0000000083400000, 0x0000000083500000|  0%| F|  |TAMS 0x0000000083400000, 0x0000000083400000| Untracked 
|  29|0x0000000083500000, 0x0000000083500000, 0x0000000083600000|  0%| F|  |TAMS 0x0000000083500000, 0x0000000083500000| Untracked 
|  30|0x0000000083600000, 0x0000000083600000, 0x0000000083700000|  0%| F|  |TAMS 0x0000000083600000, 0x0000000083600000| Untracked 
|  31|0x0000000083700000, 0x0000000083700000, 0x0000000083800000|  0%| F|  |TAMS 0x0000000083700000, 0x0000000083700000| Untracked 
|  32|0x0000000083800000, 0x0000000083800000, 0x0000000083900000|  0%| F|  |TAMS 0x0000000083800000, 0x0000000083800000| Untracked 
|  33|0x0000000083900000, 0x0000000083900000, 0x0000000083a00000|  0%| F|  |TAMS 0x0000000083900000, 0x0000000083900000| Untracked 
|  34|0x0000000083a00000, 0x0000000083a00000, 0x0000000083b00000|  0%| F|  |TAMS 0x0000000083a00000, 0x0000000083a00000| Untracked 
|  35|0x0000000083b00000, 0x0000000083b00000, 0x0000000083c00000|  0%| F|  |TAMS 0x0000000083b00000, 0x0000000083b00000| Untracked 
|  36|0x0000000083c00000, 0x0000000083c00000, 0x0000000083d00000|  0%| F|  |TAMS 0x0000000083c00000, 0x0000000083c00000| Untracked 
|  37|0x0000000083d00000, 0x0000000083d00000, 0x0000000083e00000|  0%| F|  |TAMS 0x0000000083d00000, 0x0000000083d00000| Untracked 
|  38|0x0000000083e00000, 0x0000000083e00000, 0x0000000083f00000|  0%| F|  |TAMS 0x0000000083e00000, 0x0000000083e00000| Untracked 
|  39|0x0000000083f00000, 0x0000000083f00000, 0x0000000084000000|  0%| F|  |TAMS 0x0000000083f00000, 0x0000000083f00000| Untracked 
|  40|0x0000000084000000, 0x0000000084000000, 0x0000000084100000|  0%| F|  |TAMS 0x0000000084000000, 0x0000000084000000| Untracked 
|  41|0x0000000084100000, 0x0000000084100000, 0x0000000084200000|  0%| F|  |TAMS 0x0000000084100000, 0x0000000084100000| Untracked 
|  42|0x0000000084200000, 0x0000000084200000, 0x0000000084300000|  0%| F|  |TAMS 0x0000000084200000, 0x0000000084200000| Untracked 
|  43|0x0000000084300000, 0x0000000084300000, 0x0000000084400000|  0%| F|  |TAMS 0x0000000084300000, 0x0000000084300000| Untracked 
|  44|0x0000000084400000, 0x0000000084400000, 0x0000000084500000|  0%| F|  |TAMS 0x0000000084400000, 0x0000000084400000| Untracked 
|  45|0x0000000084500000, 0x0000000084500000, 0x0000000084600000|  0%| F|  |TAMS 0x0000000084500000, 0x0000000084500000| Untracked 
|  46|0x0000000084600000, 0x0000000084600000, 0x0000000084700000|  0%| F|  |TAMS 0x0000000084600000, 0x0000000084600000| Untracked 
|  47|0x0000000084700000, 0x0000000084700000, 0x0000000084800000|  0%| F|  |TAMS 0x0000000084700000, 0x0000000084700000| Untracked 
|  48|0x0000000084800000, 0x0000000084800000, 0x0000000084900000|  0%| F|  |TAMS 0x0000000084800000, 0x0000000084800000| Untracked 
|  49|0x0000000084900000, 0x0000000084900000, 0x0000000084a00000|  0%| F|  |TAMS 0x0000000084900000, 0x0000000084900000| Untracked 
|  50|0x0000000084a00000, 0x0000000084a00000, 0x0000000084b00000|  0%| F|  |TAMS 0x0000000084a00000, 0x0000000084a00000| Untracked 
|  51|0x0000000084b00000, 0x0000000084b00000, 0x0000000084c00000|  0%| F|  |TAMS 0x0000000084b00000, 0x0000000084b00000| Untracked 
|  52|0x0000000084c00000, 0x0000000084c00000, 0x0000000084d00000|  0%| F|  |TAMS 0x0000000084c00000, 0x0000000084c00000| Untracked 
|  53|0x0000000084d00000, 0x0000000084d00000, 0x0000000084e00000|  0%| F|  |TAMS 0x0000000084d00000, 0x0000000084d00000| Untracked 
|  54|0x0000000084e00000, 0x0000000084e00000, 0x0000000084f00000|  0%| F|  |TAMS 0x0000000084e00000, 0x0000000084e00000| Untracked 
|  55|0x0000000084f00000, 0x0000000084f00000, 0x0000000085000000|  0%| F|  |TAMS 0x0000000084f00000, 0x0000000084f00000| Untracked 
|  56|0x0000000085000000, 0x0000000085000000, 0x0000000085100000|  0%| F|  |TAMS 0x0000000085000000, 0x0000000085000000| Untracked 
|  57|0x0000000085100000, 0x0000000085100000, 0x0000000085200000|  0%| F|  |TAMS 0x0000000085100000, 0x0000000085100000| Untracked 
|  58|0x0000000085200000, 0x0000000085200000, 0x0000000085300000|  0%| F|  |TAMS 0x0000000085200000, 0x0000000085200000| Untracked 
|  59|0x0000000085300000, 0x0000000085300000, 0x0000000085400000|  0%| F|  |TAMS 0x0000000085300000, 0x0000000085300000| Untracked 
|  60|0x0000000085400000, 0x0000000085400000, 0x0000000085500000|  0%| F|  |TAMS 0x0000000085400000, 0x0000000085400000| Untracked 
|  61|0x0000000085500000, 0x0000000085500000, 0x0000000085600000|  0%| F|  |TAMS 0x0000000085500000, 0x0000000085500000| Untracked 
|  62|0x0000000085600000, 0x0000000085600000, 0x0000000085700000|  0%| F|  |TAMS 0x0000000085600000, 0x0000000085600000| Untracked 
|  63|0x0000000085700000, 0x0000000085700000, 0x0000000085800000|  0%| F|  |TAMS 0x0000000085700000, 0x0000000085700000| Untracked 
|  64|0x0000000085800000, 0x0000000085800000, 0x0000000085900000|  0%| F|  |TAMS 0x0000000085800000, 0x0000000085800000| Untracked 
|  65|0x0000000085900000, 0x0000000085900000, 0x0000000085a00000|  0%| F|  |TAMS 0x0000000085900000, 0x0000000085900000| Untracked 
|  66|0x0000000085a00000, 0x0000000085a00000, 0x0000000085b00000|  0%| F|  |TAMS 0x0000000085a00000, 0x0000000085a00000| Untracked 
|  67|0x0000000085b00000, 0x0000000085b00000, 0x0000000085c00000|  0%| F|  |TAMS 0x0000000085b00000, 0x0000000085b00000| Untracked 
|  68|0x0000000085c00000, 0x0000000085c00000, 0x0000000085d00000|  0%| F|  |TAMS 0x0000000085c00000, 0x0000000085c00000| Untracked 
|  69|0x0000000085d00000, 0x0000000085d00000, 0x0000000085e00000|  0%| F|  |TAMS 0x0000000085d00000, 0x0000000085d00000| Untracked 
|  70|0x0000000085e00000, 0x0000000085e00000, 0x0000000085f00000|  0%| F|  |TAMS 0x0000000085e00000, 0x0000000085e00000| Untracked 
|  71|0x0000000085f00000, 0x0000000085f00000, 0x0000000086000000|  0%| F|  |TAMS 0x0000000085f00000, 0x0000000085f00000| Untracked 
|  72|0x0000000086000000, 0x0000000086000000, 0x0000000086100000|  0%| F|  |TAMS 0x0000000086000000, 0x0000000086000000| Untracked 
|  73|0x0000000086100000, 0x0000000086100000, 0x0000000086200000|  0%| F|  |TAMS 0x0000000086100000, 0x0000000086100000| Untracked 
|  74|0x0000000086200000, 0x0000000086200000, 0x0000000086300000|  0%| F|  |TAMS 0x0000000086200000, 0x0000000086200000| Untracked 
|  75|0x0000000086300000, 0x0000000086300000, 0x0000000086400000|  0%| F|  |TAMS 0x0000000086300000, 0x0000000086300000| Untracked 
|  76|0x0000000086400000, 0x0000000086400000, 0x0000000086500000|  0%| F|  |TAMS 0x0000000086400000, 0x0000000086400000| Untracked 
|  77|0x0000000086500000, 0x0000000086500000, 0x0000000086600000|  0%| F|  |TAMS 0x0000000086500000, 0x0000000086500000| Untracked 
|  78|0x0000000086600000, 0x0000000086600000, 0x0000000086700000|  0%| F|  |TAMS 0x0000000086600000, 0x0000000086600000| Untracked 
|  79|0x0000000086700000, 0x0000000086700000, 0x0000000086800000|  0%| F|  |TAMS 0x0000000086700000, 0x0000000086700000| Untracked 
|  80|0x0000000086800000, 0x0000000086800000, 0x0000000086900000|  0%| F|  |TAMS 0x0000000086800000, 0x0000000086800000| Untracked 
|  81|0x0000000086900000, 0x0000000086900000, 0x0000000086a00000|  0%| F|  |TAMS 0x0000000086900000, 0x0000000086900000| Untracked 
|  82|0x0000000086a00000, 0x0000000086a00000, 0x0000000086b00000|  0%| F|  |TAMS 0x0000000086a00000, 0x0000000086a00000| Untracked 
|  83|0x0000000086b00000, 0x0000000086b00000, 0x0000000086c00000|  0%| F|  |TAMS 0x0000000086b00000, 0x0000000086b00000| Untracked 
|  84|0x0000000086c00000, 0x0000000086c00000, 0x0000000086d00000|  0%| F|  |TAMS 0x0000000086c00000, 0x0000000086c00000| Untracked 
|  85|0x0000000086d00000, 0x0000000086d00000, 0x0000000086e00000|  0%| F|  |TAMS 0x0000000086d00000, 0x0000000086d00000| Untracked 
|  86|0x0000000086e00000, 0x0000000086e00000, 0x0000000086f00000|  0%| F|  |TAMS 0x0000000086e00000, 0x0000000086e00000| Untracked 
|  87|0x0000000086f00000, 0x0000000086f00000, 0x0000000087000000|  0%| F|  |TAMS 0x0000000086f00000, 0x0000000086f00000| Untracked 
|  88|0x0000000087000000, 0x0000000087000000, 0x0000000087100000|  0%| F|  |TAMS 0x0000000087000000, 0x0000000087000000| Untracked 
|  89|0x0000000087100000, 0x0000000087100000, 0x0000000087200000|  0%| F|  |TAMS 0x0000000087100000, 0x0000000087100000| Untracked 
|  90|0x0000000087200000, 0x0000000087200000, 0x0000000087300000|  0%| F|  |TAMS 0x0000000087200000, 0x0000000087200000| Untracked 
|  91|0x0000000087300000, 0x0000000087300000, 0x0000000087400000|  0%| F|  |TAMS 0x0000000087300000, 0x0000000087300000| Untracked 
|  92|0x0000000087400000, 0x0000000087400000, 0x0000000087500000|  0%| F|  |TAMS 0x0000000087400000, 0x0000000087400000| Untracked 
|  93|0x0000000087500000, 0x0000000087500000, 0x0000000087600000|  0%| F|  |TAMS 0x0000000087500000, 0x0000000087500000| Untracked 
|  94|0x0000000087600000, 0x0000000087600000, 0x0000000087700000|  0%| F|  |TAMS 0x0000000087600000, 0x0000000087600000| Untracked 
|  95|0x0000000087700000, 0x0000000087700000, 0x0000000087800000|  0%| F|  |TAMS 0x0000000087700000, 0x0000000087700000| Untracked 
|  96|0x0000000087800000, 0x0000000087800000, 0x0000000087900000|  0%| F|  |TAMS 0x0000000087800000, 0x0000000087800000| Untracked 
|  97|0x0000000087900000, 0x0000000087900000, 0x0000000087a00000|  0%| F|  |TAMS 0x0000000087900000, 0x0000000087900000| Untracked 
|  98|0x0000000087a00000, 0x0000000087a00000, 0x0000000087b00000|  0%| F|  |TAMS 0x0000000087a00000, 0x0000000087a00000| Untracked 
|  99|0x0000000087b00000, 0x0000000087b00000, 0x0000000087c00000|  0%| F|  |TAMS 0x0000000087b00000, 0x0000000087b00000| Untracked 
| 100|0x0000000087c00000, 0x0000000087c00000, 0x0000000087d00000|  0%| F|  |TAMS 0x0000000087c00000, 0x0000000087c00000| Untracked 
| 101|0x0000000087d00000, 0x0000000087d00000, 0x0000000087e00000|  0%| F|  |TAMS 0x0000000087d00000, 0x0000000087d00000| Untracked 
| 102|0x0000000087e00000, 0x0000000087e00000, 0x0000000087f00000|  0%| F|  |TAMS 0x0000000087e00000, 0x0000000087e00000| Untracked 
| 103|0x0000000087f00000, 0x0000000087f00000, 0x0000000088000000|  0%| F|  |TAMS 0x0000000087f00000, 0x0000000087f00000| Untracked 
| 104|0x0000000088000000, 0x0000000088000000, 0x0000000088100000|  0%| F|  |TAMS 0x0000000088000000, 0x0000000088000000| Untracked 
| 105|0x0000000088100000, 0x0000000088100000, 0x0000000088200000|  0%| F|  |TAMS 0x0000000088100000, 0x0000000088100000| Untracked 
| 106|0x0000000088200000, 0x0000000088200000, 0x0000000088300000|  0%| F|  |TAMS 0x0000000088200000, 0x0000000088200000| Untracked 
| 107|0x0000000088300000, 0x0000000088300000, 0x0000000088400000|  0%| F|  |TAMS 0x0000000088300000, 0x0000000088300000| Untracked 
| 108|0x0000000088400000, 0x0000000088400000, 0x0000000088500000|  0%| F|  |TAMS 0x0000000088400000, 0x0000000088400000| Untracked 
| 109|0x0000000088500000, 0x0000000088500000, 0x0000000088600000|  0%| F|  |TAMS 0x0000000088500000, 0x0000000088500000| Untracked 
| 110|0x0000000088600000, 0x0000000088600000, 0x0000000088700000|  0%| F|  |TAMS 0x0000000088600000, 0x0000000088600000| Untracked 
| 111|0x0000000088700000, 0x0000000088700000, 0x0000000088800000|  0%| F|  |TAMS 0x0000000088700000, 0x0000000088700000| Untracked 
| 112|0x0000000088800000, 0x0000000088800000, 0x0000000088900000|  0%| F|  |TAMS 0x0000000088800000, 0x0000000088800000| Untracked 
| 113|0x0000000088900000, 0x0000000088900000, 0x0000000088a00000|  0%| F|  |TAMS 0x0000000088900000, 0x0000000088900000| Untracked 
| 114|0x0000000088a00000, 0x0000000088a00000, 0x0000000088b00000|  0%| F|  |TAMS 0x0000000088a00000, 0x0000000088a00000| Untracked 
| 115|0x0000000088b00000, 0x0000000088b00000, 0x0000000088c00000|  0%| F|  |TAMS 0x0000000088b00000, 0x0000000088b00000| Untracked 
| 116|0x0000000088c00000, 0x0000000088c00000, 0x0000000088d00000|  0%| F|  |TAMS 0x0000000088c00000, 0x0000000088c00000| Untracked 
| 117|0x0000000088d00000, 0x0000000088d00000, 0x0000000088e00000|  0%| F|  |TAMS 0x0000000088d00000, 0x0000000088d00000| Untracked 
| 118|0x0000000088e00000, 0x0000000088e00000, 0x0000000088f00000|  0%| F|  |TAMS 0x0000000088e00000, 0x0000000088e00000| Untracked 
| 119|0x0000000088f00000, 0x0000000088f00000, 0x0000000089000000|  0%| F|  |TAMS 0x0000000088f00000, 0x0000000088f00000| Untracked 
| 120|0x0000000089000000, 0x0000000089000000, 0x0000000089100000|  0%| F|  |TAMS 0x0000000089000000, 0x0000000089000000| Untracked 
| 121|0x0000000089100000, 0x0000000089100000, 0x0000000089200000|  0%| F|  |TAMS 0x0000000089100000, 0x0000000089100000| Untracked 
| 122|0x0000000089200000, 0x0000000089200000, 0x0000000089300000|  0%| F|  |TAMS 0x0000000089200000, 0x0000000089200000| Untracked 
| 123|0x0000000089300000, 0x0000000089300000, 0x0000000089400000|  0%| F|  |TAMS 0x0000000089300000, 0x0000000089300000| Untracked 
| 124|0x0000000089400000, 0x0000000089400000, 0x0000000089500000|  0%| F|  |TAMS 0x0000000089400000, 0x0000000089400000| Untracked 
| 125|0x0000000089500000, 0x0000000089500000, 0x0000000089600000|  0%| F|  |TAMS 0x0000000089500000, 0x0000000089500000| Untracked 
| 126|0x0000000089600000, 0x0000000089600000, 0x0000000089700000|  0%| F|  |TAMS 0x0000000089600000, 0x0000000089600000| Untracked 
| 127|0x0000000089700000, 0x0000000089700000, 0x0000000089800000|  0%| F|  |TAMS 0x0000000089700000, 0x0000000089700000| Untracked 
| 128|0x0000000089800000, 0x0000000089800000, 0x0000000089900000|  0%| F|  |TAMS 0x0000000089800000, 0x0000000089800000| Untracked 
| 129|0x0000000089900000, 0x0000000089900000, 0x0000000089a00000|  0%| F|  |TAMS 0x0000000089900000, 0x0000000089900000| Untracked 
| 130|0x0000000089a00000, 0x0000000089a00000, 0x0000000089b00000|  0%| F|  |TAMS 0x0000000089a00000, 0x0000000089a00000| Untracked 
| 131|0x0000000089b00000, 0x0000000089b00000, 0x0000000089c00000|  0%| F|  |TAMS 0x0000000089b00000, 0x0000000089b00000| Untracked 
| 132|0x0000000089c00000, 0x0000000089c00000, 0x0000000089d00000|  0%| F|  |TAMS 0x0000000089c00000, 0x0000000089c00000| Untracked 
| 133|0x0000000089d00000, 0x0000000089d00000, 0x0000000089e00000|  0%| F|  |TAMS 0x0000000089d00000, 0x0000000089d00000| Untracked 
| 134|0x0000000089e00000, 0x0000000089e00000, 0x0000000089f00000|  0%| F|  |TAMS 0x0000000089e00000, 0x0000000089e00000| Untracked 
| 135|0x0000000089f00000, 0x0000000089f00000, 0x000000008a000000|  0%| F|  |TAMS 0x0000000089f00000, 0x0000000089f00000| Untracked 
| 136|0x000000008a000000, 0x000000008a000000, 0x000000008a100000|  0%| F|  |TAMS 0x000000008a000000, 0x000000008a000000| Untracked 
| 137|0x000000008a100000, 0x000000008a100000, 0x000000008a200000|  0%| F|  |TAMS 0x000000008a100000, 0x000000008a100000| Untracked 
| 138|0x000000008a200000, 0x000000008a200000, 0x000000008a300000|  0%| F|  |TAMS 0x000000008a200000, 0x000000008a200000| Untracked 
| 139|0x000000008a300000, 0x000000008a300000, 0x000000008a400000|  0%| F|  |TAMS 0x000000008a300000, 0x000000008a300000| Untracked 
| 140|0x000000008a400000, 0x000000008a400000, 0x000000008a500000|  0%| F|  |TAMS 0x000000008a400000, 0x000000008a400000| Untracked 
| 141|0x000000008a500000, 0x000000008a500000, 0x000000008a600000|  0%| F|  |TAMS 0x000000008a500000, 0x000000008a500000| Untracked 
| 142|0x000000008a600000, 0x000000008a600000, 0x000000008a700000|  0%| F|  |TAMS 0x000000008a600000, 0x000000008a600000| Untracked 
| 143|0x000000008a700000, 0x000000008a700000, 0x000000008a800000|  0%| F|  |TAMS 0x000000008a700000, 0x000000008a700000| Untracked 
| 144|0x000000008a800000, 0x000000008a880800, 0x000000008a900000| 50%| E|  |TAMS 0x000000008a800000, 0x000000008a800000| Complete 
| 145|0x000000008a900000, 0x000000008aa00000, 0x000000008aa00000|100%| E|CS|TAMS 0x000000008a900000, 0x000000008a900000| Complete 
| 146|0x000000008aa00000, 0x000000008ab00000, 0x000000008ab00000|100%| E|CS|TAMS 0x000000008aa00000, 0x000000008aa00000| Complete 
| 147|0x000000008ab00000, 0x000000008ac00000, 0x000000008ac00000|100%| E|CS|TAMS 0x000000008ab00000, 0x000000008ab00000| Complete 
| 148|0x000000008ac00000, 0x000000008ad00000, 0x000000008ad00000|100%| E|CS|TAMS 0x000000008ac00000, 0x000000008ac00000| Complete 
| 149|0x000000008ad00000, 0x000000008ae00000, 0x000000008ae00000|100%| E|CS|TAMS 0x000000008ad00000, 0x000000008ad00000| Complete 
| 150|0x000000008ae00000, 0x000000008af00000, 0x000000008af00000|100%| E|CS|TAMS 0x000000008ae00000, 0x000000008ae00000| Complete 
| 151|0x000000008af00000, 0x000000008b000000, 0x000000008b000000|100%| E|CS|TAMS 0x000000008af00000, 0x000000008af00000| Complete 
| 152|0x000000008b000000, 0x000000008b100000, 0x000000008b100000|100%| E|CS|TAMS 0x000000008b000000, 0x000000008b000000| Complete 
| 153|0x000000008b100000, 0x000000008b200000, 0x000000008b200000|100%| E|CS|TAMS 0x000000008b100000, 0x000000008b100000| Complete 
| 154|0x000000008b200000, 0x000000008b300000, 0x000000008b300000|100%| E|CS|TAMS 0x000000008b200000, 0x000000008b200000| Complete 
| 155|0x000000008b300000, 0x000000008b400000, 0x000000008b400000|100%| E|CS|TAMS 0x000000008b300000, 0x000000008b300000| Complete 
| 156|0x000000008b400000, 0x000000008b500000, 0x000000008b500000|100%| E|CS|TAMS 0x000000008b400000, 0x000000008b400000| Complete 
| 157|0x000000008b500000, 0x000000008b600000, 0x000000008b600000|100%| E|CS|TAMS 0x000000008b500000, 0x000000008b500000| Complete 
| 158|0x000000008b600000, 0x000000008b700000, 0x000000008b700000|100%| E|CS|TAMS 0x000000008b600000, 0x000000008b600000| Complete 
| 159|0x000000008b700000, 0x000000008b800000, 0x000000008b800000|100%| E|CS|TAMS 0x000000008b700000, 0x000000008b700000| Complete 
| 160|0x000000008b800000, 0x000000008b900000, 0x000000008b900000|100%| E|CS|TAMS 0x000000008b800000, 0x000000008b800000| Complete 
| 161|0x000000008b900000, 0x000000008ba00000, 0x000000008ba00000|100%| E|CS|TAMS 0x000000008b900000, 0x000000008b900000| Complete 
| 162|0x000000008ba00000, 0x000000008bb00000, 0x000000008bb00000|100%| E|CS|TAMS 0x000000008ba00000, 0x000000008ba00000| Complete 
| 163|0x000000008bb00000, 0x000000008bc00000, 0x000000008bc00000|100%| E|CS|TAMS 0x000000008bb00000, 0x000000008bb00000| Complete 
| 164|0x000000008bc00000, 0x000000008bd00000, 0x000000008bd00000|100%| E|CS|TAMS 0x000000008bc00000, 0x000000008bc00000| Complete 
| 165|0x000000008bd00000, 0x000000008be00000, 0x000000008be00000|100%| E|CS|TAMS 0x000000008bd00000, 0x000000008bd00000| Complete 
| 166|0x000000008be00000, 0x000000008be77ab0, 0x000000008bf00000| 46%| S|CS|TAMS 0x000000008be00000, 0x000000008be00000| Complete 
| 167|0x000000008bf00000, 0x000000008c000000, 0x000000008c000000|100%| S|CS|TAMS 0x000000008bf00000, 0x000000008bf00000| Complete 
| 168|0x000000008c000000, 0x000000008c100000, 0x000000008c100000|100%| S|CS|TAMS 0x000000008c000000, 0x000000008c000000| Complete 
| 169|0x000000008c100000, 0x000000008c200000, 0x000000008c200000|100%| S|CS|TAMS 0x000000008c100000, 0x000000008c100000| Complete 
| 170|0x000000008c200000, 0x000000008c300000, 0x000000008c300000|100%| S|CS|TAMS 0x000000008c200000, 0x000000008c200000| Complete 
| 171|0x000000008c300000, 0x000000008c400000, 0x000000008c400000|100%| S|CS|TAMS 0x000000008c300000, 0x000000008c300000| Complete 
| 172|0x000000008c400000, 0x000000008c500000, 0x000000008c500000|100%| E|CS|TAMS 0x000000008c400000, 0x000000008c400000| Complete 
| 173|0x000000008c500000, 0x000000008c600000, 0x000000008c600000|100%| E|CS|TAMS 0x000000008c500000, 0x000000008c500000| Complete 
| 174|0x000000008c600000, 0x000000008c700000, 0x000000008c700000|100%| E|CS|TAMS 0x000000008c600000, 0x000000008c600000| Complete 
| 175|0x000000008c700000, 0x000000008c800000, 0x000000008c800000|100%| E|CS|TAMS 0x000000008c700000, 0x000000008c700000| Complete 
| 176|0x000000008c800000, 0x000000008c900000, 0x000000008c900000|100%| E|CS|TAMS 0x000000008c800000, 0x000000008c800000| Complete 
| 177|0x000000008c900000, 0x000000008ca00000, 0x000000008ca00000|100%| E|CS|TAMS 0x000000008c900000, 0x000000008c900000| Complete 
| 178|0x000000008ca00000, 0x000000008cb00000, 0x000000008cb00000|100%| E|CS|TAMS 0x000000008ca00000, 0x000000008ca00000| Complete 
| 179|0x000000008cb00000, 0x000000008cc00000, 0x000000008cc00000|100%| E|CS|TAMS 0x000000008cb00000, 0x000000008cb00000| Complete 
| 180|0x000000008cc00000, 0x000000008cd00000, 0x000000008cd00000|100%| E|CS|TAMS 0x000000008cc00000, 0x000000008cc00000| Complete 
| 181|0x000000008cd00000, 0x000000008ce00000, 0x000000008ce00000|100%| E|CS|TAMS 0x000000008cd00000, 0x000000008cd00000| Complete 
| 182|0x000000008ce00000, 0x000000008cf00000, 0x000000008cf00000|100%| E|CS|TAMS 0x000000008ce00000, 0x000000008ce00000| Complete 
| 183|0x000000008cf00000, 0x000000008d000000, 0x000000008d000000|100%| E|CS|TAMS 0x000000008cf00000, 0x000000008cf00000| Complete 
| 184|0x000000008d000000, 0x000000008d100000, 0x000000008d100000|100%| E|CS|TAMS 0x000000008d000000, 0x000000008d000000| Complete 

Card table byte_map: [0x0000022a7fa50000,0x0000022a7fe50000] _byte_map_base: 0x0000022a7f644000

Marking Bits (Prev, Next): (CMBitMap*) 0x0000022a7f5c2930, (CMBitMap*) 0x0000022a7f5c28f8
 Prev Bits: [0x0000022a1aa40000, 0x0000022a1c9e0000)
 Next Bits: [0x0000022a18aa0000, 0x0000022a1aa40000)

Polling page: 0x0000022a7e850000

Metaspace:

Usage:
  Non-class:     55.89 MB capacity,    54.95 MB ( 98%) used,   767.98 KB (  1%) free+waste,   195.56 KB ( <1%) overhead. 
      Class:      8.71 MB capacity,     8.12 MB ( 93%) used,   508.03 KB (  6%) free+waste,    92.75 KB (  1%) overhead. 
       Both:     64.60 MB capacity,    63.07 MB ( 98%) used,     1.25 MB (  2%) free+waste,   288.31 KB ( <1%) overhead. 

Virtual space:
  Non-class space:       58.00 MB reserved,      56.13 MB ( 97%) committed 
      Class space:        1.00 GB reserved,       8.82 MB ( <1%) committed 
             Both:        1.06 GB reserved,      64.95 MB (  6%) committed 

Chunk freelists:
   Non-Class:  6.63 KB
       Class:  5.50 KB
        Both:  12.13 KB

CodeHeap 'non-profiled nmethods': size=238912Kb used=9107Kb max_used=9107Kb free=229804Kb
 bounds [0x0000022a09d50000, 0x0000022a0a640000, 0x0000022a186a0000]
CodeHeap 'non-nmethods': size=6848Kb used=1241Kb max_used=1241Kb free=5606Kb
 bounds [0x0000022a096a0000, 0x0000022a09910000, 0x0000022a09d50000]
 total_blobs=6093 nmethods=5440 adapters=545
 compilation: enabled
              stopped_count=0, restarted_count=0
 full_count=0

Compilation events (10 events):
Event: 26.541 Thread 0x0000022a1edf5800 nmethod 5454 0x0000022a0a633810 code [0x0000022a0a6339c0, 0x0000022a0a633ad8]
Event: 26.541 Thread 0x0000022a1edf5800 5455       1       java.lang.reflect.Field::setFieldAccessor (34 bytes)
Event: 26.541 Thread 0x0000022a1edf5800 nmethod 5455 0x0000022a0a633b90 code [0x0000022a0a633d60, 0x0000022a0a634050]
Event: 26.567 Thread 0x0000022a1edf5800 5456       1       org.eclipse.jdt.internal.compiler.parser.Parser::tAction (35 bytes)
Event: 26.567 Thread 0x0000022a1edf5800 nmethod 5456 0x0000022a0a634110 code [0x0000022a0a6342c0, 0x0000022a0a634458]
Event: 26.567 Thread 0x0000022a1edf5800 5457       1       org.eclipse.jdt.internal.compiler.parser.Parser::actFromTokenOrSynthetic (9 bytes)
Event: 26.567 Thread 0x0000022a1edf5800 nmethod 5457 0x0000022a0a634590 code [0x0000022a0a634740, 0x0000022a0a6348f8]
Event: 26.567 Thread 0x0000022a1edf5800 5458       1       org.eclipse.jdt.internal.compiler.parser.Parser::ntAction (8 bytes)
Event: 26.567 Thread 0x0000022a1edf5800 nmethod 5458 0x0000022a0a634a90 code [0x0000022a0a634c40, 0x0000022a0a634d78]
Event: 26.567 Thread 0x0000022a1edf5800 5459       1       org.eclipse.jdt.internal.compiler.parser.Parser::consumeRule (7272 bytes)

GC Heap History (10 events):
Event: 4.282 GC heap before
{Heap before GC invocations=6 (full 0):
 garbage-first heap   total 157696K, used 97919K [0x0000000081800000, 0x0000000100000000)
  region size 1024K, 91 young (93184K), 5 survivors (5120K)
 Metaspace       used 31563K, capacity 32563K, committed 32688K, reserved 1077248K
  class space    used 3938K, capacity 4346K, committed 4352K, reserved 1048576K
}
Event: 4.293 GC heap after
{Heap after GC invocations=7 (full 0):
 garbage-first heap   total 157696K, used 14846K [0x0000000081800000, 0x0000000100000000)
  region size 1024K, 9 young (9216K), 9 survivors (9216K)
 Metaspace       used 31563K, capacity 32563K, committed 32688K, reserved 1077248K
  class space    used 3938K, capacity 4346K, committed 4352K, reserved 1048576K
}
Event: 4.776 GC heap before
{Heap before GC invocations=7 (full 0):
 garbage-first heap   total 157696K, used 44542K [0x0000000081800000, 0x0000000100000000)
  region size 1024K, 40 young (40960K), 9 survivors (9216K)
 Metaspace       used 34850K, capacity 35812K, committed 35888K, reserved 1081344K
  class space    used 4312K, capacity 4706K, committed 4736K, reserved 1048576K
}
Event: 4.792 GC heap after
{Heap after GC invocations=8 (full 0):
 garbage-first heap   total 157696K, used 16414K [0x0000000081800000, 0x0000000100000000)
  region size 1024K, 8 young (8192K), 8 survivors (8192K)
 Metaspace       used 34850K, capacity 35812K, committed 35888K, reserved 1081344K
  class space    used 4312K, capacity 4706K, committed 4736K, reserved 1048576K
}
Event: 6.189 GC heap before
{Heap before GC invocations=9 (full 0):
 garbage-first heap   total 157696K, used 102430K [0x0000000081800000, 0x0000000100000000)
  region size 1024K, 92 young (94208K), 8 survivors (8192K)
 Metaspace       used 48899K, capacity 50071K, committed 50332K, reserved 1093632K
  class space    used 6359K, capacity 6785K, committed 6912K, reserved 1048576K
}
Event: 6.202 GC heap after
{Heap after GC invocations=10 (full 0):
 garbage-first heap   total 157696K, used 21144K [0x0000000081800000, 0x0000000100000000)
  region size 1024K, 11 young (11264K), 11 survivors (11264K)
 Metaspace       used 48899K, capacity 50071K, committed 50332K, reserved 1093632K
  class space    used 6359K, capacity 6785K, committed 6912K, reserved 1048576K
}
Event: 7.439 GC heap before
{Heap before GC invocations=10 (full 0):
 garbage-first heap   total 157696K, used 104088K [0x0000000081800000, 0x0000000100000000)
  region size 1024K, 92 young (94208K), 11 survivors (11264K)
 Metaspace       used 57539K, capacity 59007K, committed 59292K, reserved 1099776K
  class space    used 7545K, capacity 8096K, committed 8192K, reserved 1048576K
}
Event: 7.456 GC heap after
{Heap after GC invocations=11 (full 0):
 garbage-first heap   total 189440K, used 25022K [0x0000000081800000, 0x0000000100000000)
  region size 1024K, 11 young (11264K), 11 survivors (11264K)
 Metaspace       used 57539K, capacity 59007K, committed 59292K, reserved 1099776K
  class space    used 7545K, capacity 8096K, committed 8192K, reserved 1048576K
}
Event: 7.679 GC heap before
{Heap before GC invocations=11 (full 0):
 garbage-first heap   total 189440K, used 37310K [0x0000000081800000, 0x0000000100000000)
  region size 1024K, 24 young (24576K), 11 survivors (11264K)
 Metaspace       used 58903K, capacity 60327K, committed 60420K, reserved 1101824K
  class space    used 7720K, capacity 8280K, committed 8320K, reserved 1048576K
}
Event: 7.695 GC heap after
{Heap after GC invocations=12 (full 0):
 garbage-first heap   total 189440K, used 26037K [0x0000000081800000, 0x0000000100000000)
  region size 1024K, 6 young (6144K), 6 survivors (6144K)
 Metaspace       used 58903K, capacity 60327K, committed 60420K, reserved 1101824K
  class space    used 7720K, capacity 8280K, committed 8320K, reserved 1048576K
}

Deoptimization events (0 events):
No events

Classes redefined (0 events):
No events

Internal exceptions (10 events):
Event: 26.376 Thread 0x0000022a23e8e000 Exception <a 'java/lang/ClassNotFoundException'{0x000000008b37d448}: org/apache/taglibs/standard/tag/rt/core/SetTagBeanInfo> (0x000000008b37d448) thrown at [t:/workspace/open/src/hotspot/share/classfile/systemDictionary.cpp, line 231]
Event: 26.378 Thread 0x0000022a23e8e000 Exception <a 'java/lang/ClassNotFoundException'{0x000000008b38cd10}: org/apache/taglibs/standard/tag/common/core/SetSupportBeanInfo> (0x000000008b38cd10) thrown at [t:/workspace/open/src/hotspot/share/classfile/systemDictionary.cpp, line 231]
Event: 26.381 Thread 0x0000022a23e8e000 Exception <a 'java/lang/ClassNotFoundException'{0x000000008b39aba0}: javax/servlet/jsp/tagext/BodyTagSupportBeanInfo> (0x000000008b39aba0) thrown at [t:/workspace/open/src/hotspot/share/classfile/systemDictionary.cpp, line 231]
Event: 26.383 Thread 0x0000022a23e8e000 Exception <a 'java/lang/ClassNotFoundException'{0x000000008b3a8d18}: javax/servlet/jsp/tagext/TagSupportBeanInfo> (0x000000008b3a8d18) thrown at [t:/workspace/open/src/hotspot/share/classfile/systemDictionary.cpp, line 231]
Event: 26.385 Thread 0x0000022a23e8e000 Exception <a 'java/lang/ClassNotFoundException'{0x000000008b3acdc8}: java/lang/ObjectBeanInfo> (0x000000008b3acdc8) thrown at [t:/workspace/open/src/hotspot/share/classfile/systemDictionary.cpp, line 231]
Event: 26.387 Thread 0x0000022a23e8e000 Exception <a 'java/lang/ClassNotFoundException'{0x000000008b3b1180}: java/lang/ObjectCustomizer> (0x000000008b3b1180) thrown at [t:/workspace/open/src/hotspot/share/classfile/systemDictionary.cpp, line 231]
Event: 26.389 Thread 0x0000022a23e8e000 Exception <a 'java/lang/ClassNotFoundException'{0x000000008b3c2698}: javax/servlet/jsp/tagext/TagSupportCustomizer> (0x000000008b3c2698) thrown at [t:/workspace/open/src/hotspot/share/classfile/systemDictionary.cpp, line 231]
Event: 26.394 Thread 0x0000022a23e8e000 Exception <a 'java/lang/ClassNotFoundException'{0x000000008b3e2960}: javax/servlet/jsp/tagext/BodyTagSupportCustomizer> (0x000000008b3e2960) thrown at [t:/workspace/open/src/hotspot/share/classfile/systemDictionary.cpp, line 231]
Event: 26.398 Thread 0x0000022a23e8e000 Exception <a 'java/lang/ClassNotFoundException'{0x000000008b201da8}: org/apache/taglibs/standard/tag/common/core/SetSupportCustomizer> (0x000000008b201da8) thrown at [t:/workspace/open/src/hotspot/share/classfile/systemDictionary.cpp, line 231]
Event: 26.400 Thread 0x0000022a23e8e000 Exception <a 'java/lang/ClassNotFoundException'{0x000000008b216550}: org/apache/taglibs/standard/tag/rt/core/SetTagCustomizer> (0x000000008b216550) thrown at [t:/workspace/open/src/hotspot/share/classfile/systemDictionary.cpp, line 231]

Events (10 events):
Event: 26.564 loading class org/eclipse/jdt/internal/compiler/ast/ArrayQualifiedTypeReference
Event: 26.564 loading class org/eclipse/jdt/internal/compiler/ast/ArrayQualifiedTypeReference done
Event: 26.565 loading class org/eclipse/jdt/internal/compiler/ast/Block
Event: 26.565 loading class org/eclipse/jdt/internal/compiler/ast/Block done
Event: 26.566 loading class org/eclipse/jdt/internal/compiler/ast/Initializer
Event: 26.566 loading class org/eclipse/jdt/internal/compiler/ast/Initializer done
Event: 26.567 loading class org/eclipse/jdt/internal/compiler/ast/MethodDeclaration
Event: 26.567 loading class org/eclipse/jdt/internal/compiler/ast/MethodDeclaration done
Event: 26.568 loading class org/eclipse/jdt/internal/compiler/ast/AbstractMethodDeclaration
Event: 26.568 loading class org/eclipse/jdt/internal/compiler/ast/AbstractMethodDeclaration done


Dynamic libraries:
0x00007ff6533b0000 - 0x00007ff6533f7000 	C:\Program Files\Java\jdk-11.0.5\bin\java.exe
0x00007fff6c5e0000 - 0x00007fff6c7c1000 	C:\WINDOWS\SYSTEM32\ntdll.dll
0x00007fff64130000 - 0x00007fff64145000 	C:\Program Files\AVAST Software\Avast\aswhook.dll
0x00007fff6c0e0000 - 0x00007fff6c191000 	C:\WINDOWS\System32\KERNEL32.DLL
0x00007fff68cb0000 - 0x00007fff68f23000 	C:\WINDOWS\System32\KERNELBASE.dll
0x00007fff6c380000 - 0x00007fff6c421000 	C:\WINDOWS\System32\ADVAPI32.dll
0x00007fff6c030000 - 0x00007fff6c0ce000 	C:\WINDOWS\System32\msvcrt.dll
0x00007fff69b10000 - 0x00007fff69b6b000 	C:\WINDOWS\System32\sechost.dll
0x00007fff6bf00000 - 0x00007fff6c024000 	C:\WINDOWS\System32\RPCRT4.dll
0x00007fff6bbd0000 - 0x00007fff6bd60000 	C:\WINDOWS\System32\USER32.dll
0x00007fff68f30000 - 0x00007fff68f50000 	C:\WINDOWS\System32\win32u.dll
0x00007fff69a70000 - 0x00007fff69a98000 	C:\WINDOWS\System32\GDI32.dll
0x00007fff69880000 - 0x00007fff69a12000 	C:\WINDOWS\System32\gdi32full.dll
0x00007fff68f50000 - 0x00007fff68fef000 	C:\WINDOWS\System32\msvcp_win.dll
0x00007fff68ff0000 - 0x00007fff690e8000 	C:\WINDOWS\System32\ucrtbase.dll
0x00007fff5ad70000 - 0x00007fff5afd9000 	C:\WINDOWS\WinSxS\amd64_microsoft.windows.common-controls_6595b64144ccf1df_6.0.17134.706_none_fb43a2cb30647007\COMCTL32.dll
0x00007fff6b610000 - 0x00007fff6b932000 	C:\WINDOWS\System32\combase.dll
0x00007fff690f0000 - 0x00007fff6916a000 	C:\WINDOWS\System32\bcryptPrimitives.dll
0x00007fff617e0000 - 0x00007fff617ea000 	C:\WINDOWS\SYSTEM32\VERSION.dll
0x00007fff6c580000 - 0x00007fff6c5ad000 	C:\WINDOWS\System32\IMM32.DLL
0x00007fff63910000 - 0x00007fff63926000 	C:\Program Files\Java\jdk-11.0.5\bin\vcruntime140.dll
0x00007fff5f8d0000 - 0x00007fff5f97a000 	C:\Program Files\Java\jdk-11.0.5\bin\msvcp140.dll
0x00007fff34af0000 - 0x00007fff35618000 	C:\Program Files\Java\jdk-11.0.5\bin\server\jvm.dll
0x00007fff6c570000 - 0x00007fff6c578000 	C:\WINDOWS\System32\PSAPI.DLL
0x00007fff54550000 - 0x00007fff54559000 	C:\WINDOWS\SYSTEM32\WSOCK32.dll
0x00007fff6bb60000 - 0x00007fff6bbcc000 	C:\WINDOWS\System32\WS2_32.dll
0x00007fff622a0000 - 0x00007fff622c3000 	C:\WINDOWS\SYSTEM32\WINMM.dll
0x00007fff62250000 - 0x00007fff6227a000 	C:\WINDOWS\SYSTEM32\WINMMBASE.dll
0x00007fff69a20000 - 0x00007fff69a69000 	C:\WINDOWS\System32\cfgmgr32.dll
0x00007fff68990000 - 0x00007fff689a1000 	C:\WINDOWS\System32\kernel.appcore.dll
0x00007fff63490000 - 0x00007fff634a1000 	C:\Program Files\Java\jdk-11.0.5\bin\verify.dll
0x00007fff67300000 - 0x00007fff674c9000 	C:\WINDOWS\SYSTEM32\DBGHELP.DLL
0x00007fff61570000 - 0x00007fff61599000 	C:\WINDOWS\SYSTEM32\dbgcore.DLL
0x00007fff63220000 - 0x00007fff63249000 	C:\Program Files\Java\jdk-11.0.5\bin\java.dll
0x00007fff63470000 - 0x00007fff63486000 	C:\Program Files\Java\jdk-11.0.5\bin\zip.dll
0x00007fff64720000 - 0x00007fff6472a000 	C:\Program Files\Java\jdk-11.0.5\bin\jimage.dll
0x00007fff6a1d0000 - 0x00007fff6b610000 	C:\WINDOWS\System32\SHELL32.dll
0x00007fff69b70000 - 0x00007fff69c19000 	C:\WINDOWS\System32\shcore.dll
0x00007fff69170000 - 0x00007fff6987d000 	C:\WINDOWS\System32\windows.storage.dll
0x00007fff6c320000 - 0x00007fff6c371000 	C:\WINDOWS\System32\shlwapi.dll
0x00007fff688f0000 - 0x00007fff6890f000 	C:\WINDOWS\System32\profapi.dll
0x00007fff68930000 - 0x00007fff6897c000 	C:\WINDOWS\System32\powrprof.dll
0x00007fff68980000 - 0x00007fff6898a000 	C:\WINDOWS\System32\FLTLIB.DLL
0x00007fff631d0000 - 0x00007fff631e9000 	C:\Program Files\Java\jdk-11.0.5\bin\net.dll
0x00007fff62530000 - 0x00007fff6260d000 	C:\WINDOWS\SYSTEM32\WINHTTP.dll
0x00007fff68110000 - 0x00007fff68176000 	C:\WINDOWS\system32\mswsock.dll
0x00007fff62ad0000 - 0x00007fff62ae3000 	C:\Program Files\Java\jdk-11.0.5\bin\nio.dll
0x00007fff64120000 - 0x00007fff64129000 	C:\Program Files\Java\jdk-11.0.5\bin\management.dll
0x00007fff64110000 - 0x00007fff6411c000 	C:\Program Files\Java\jdk-11.0.5\bin\management_ext.dll
0x00007fff35840000 - 0x00007fff35856000 	C:\WINDOWS\system32\napinsp.dll
0x00007fff35820000 - 0x00007fff3583a000 	C:\WINDOWS\system32\pnrpnsp.dll
0x00007fff645f0000 - 0x00007fff64609000 	C:\WINDOWS\system32\NLAapi.dll
0x00007fff67ed0000 - 0x00007fff67f8e000 	C:\WINDOWS\SYSTEM32\DNSAPI.dll
0x00007fff69b00000 - 0x00007fff69b08000 	C:\WINDOWS\System32\NSI.dll
0x00007fff67e90000 - 0x00007fff67ec8000 	C:\WINDOWS\SYSTEM32\IPHLPAPI.DLL
0x00007fff35810000 - 0x00007fff3581e000 	C:\WINDOWS\System32\winrnr.dll
0x00007fff357f0000 - 0x00007fff35805000 	C:\WINDOWS\System32\wshbth.dll
0x00007fff627a0000 - 0x00007fff627aa000 	C:\Windows\System32\rasadhlp.dll
0x00007fff626e0000 - 0x00007fff62752000 	C:\WINDOWS\System32\fwpuclnt.dll
0x00007fff683f0000 - 0x00007fff68415000 	C:\WINDOWS\SYSTEM32\bcrypt.dll
0x00007fff682c0000 - 0x00007fff682d7000 	C:\WINDOWS\SYSTEM32\CRYPTSP.dll
0x00007fff67cf0000 - 0x00007fff67d23000 	C:\WINDOWS\system32\rsaenh.dll
0x00007fff687f0000 - 0x00007fff68818000 	C:\WINDOWS\SYSTEM32\USERENV.dll
0x00007fff682e0000 - 0x00007fff682eb000 	C:\WINDOWS\SYSTEM32\CRYPTBASE.dll
0x00007fff62990000 - 0x00007fff629a6000 	C:\WINDOWS\SYSTEM32\dhcpcsvc6.DLL
0x00007fff62970000 - 0x00007fff6298a000 	C:\WINDOWS\SYSTEM32\dhcpcsvc.DLL

dbghelp: loaded successfully - version: 4.0.5 - missing functions: none
symbol engine: initialized successfully - sym options: 0x614 - pdb path: .;C:\Program Files\Java\jdk-11.0.5\bin;C:\WINDOWS\SYSTEM32;C:\Program Files\AVAST Software\Avast;C:\WINDOWS\WinSxS\amd64_microsoft.windows.common-controls_6595b64144ccf1df_6.0.17134.706_none_fb43a2cb30647007;C:\Program Files\Java\jdk-11.0.5\bin\server

VM Arguments:
jvm_args: -Xverify:none -XX:TieredStopAtLevel=1 
java_command: com.zeroday.auth.WebApplication
java_class_path (initial): C:\Users\Anna\IdeaProjects\ZeroDayFinal\target\classes;C:\Users\Anna\.m2\repository\org\springframework\boot\spring-boot-starter-web\2.2.3.RELEASE\spring-boot-starter-web-2.2.3.RELEASE.jar;C:\Users\Anna\.m2\repository\org\springframework\boot\spring-boot-starter\2.2.3.RELEASE\spring-boot-starter-2.2.3.RELEASE.jar;C:\Users\Anna\.m2\repository\org\springframework\boot\spring-boot\2.2.3.RELEASE\spring-boot-2.2.3.RELEASE.jar;C:\Users\Anna\.m2\repository\org\springframework\boot\spring-boot-autoconfigure\2.2.3.RELEASE\spring-boot-autoconfigure-2.2.3.RELEASE.jar;C:\Users\Anna\.m2\repository\org\springframework\boot\spring-boot-starter-logging\2.2.3.RELEASE\spring-boot-starter-logging-2.2.3.RELEASE.jar;C:\Users\Anna\.m2\repository\ch\qos\logback\logback-classic\1.2.3\logback-classic-1.2.3.jar;C:\Users\Anna\.m2\repository\ch\qos\logback\logback-core\1.2.3\logback-core-1.2.3.jar;C:\Users\Anna\.m2\repository\org\apache\logging\log4j\log4j-to-slf4j\2.12.1\log4j-to-slf4j-2.12.1.jar;C:\Users\Anna\.m2\repository\org\apache\logging\log4j\log4j-api\2.12.1\log4j-api-2.12.1.jar;C:\Users\Anna\.m2\repository\org\slf4j\jul-to-slf4j\1.7.30\jul-to-slf4j-1.7.30.jar;C:\Users\Anna\.m2\repository\jakarta\annotation\jakarta.annotation-api\1.3.5\jakarta.annotation-api-1.3.5.jar;C:\Users\Anna\.m2\repository\org\springframework\spring-core\5.2.3.RELEASE\spring-core-5.2.3.RELEASE.jar;C:\Users\Anna\.m2\repository\org\springframework\spring-jcl\5.2.3.RELEASE\spring-jcl-5.2.3.RELEASE.jar;C:\Users\Anna\.m2\repository\org\yaml\snakeyaml\1.25\snakeyaml-1.25.jar;C:\Users\Anna\.m2\repository\org\springframework\boot\spring-boot-starter-json\2.2.3.RELEASE\spring-boot-starter-json-2.2.3.RELEASE.jar;C:\Users\Anna\.m2\repository\com\fasterxml\jackson\core\jackson-databind\2.10.2\jackson-databind-2.10.2.jar;C:\Users\Anna\.m2\repository\com\fasterxml\jackson\core\jackson-annotations\2.10.2\jackson-annotations-2.10.2.jar;C:\Users\Anna\.m2\repository\com\fasterxml\jackson\core\jackson
Launcher Type: SUN_STANDARD

[Global flags]
     bool BytecodeVerificationLocal                = false                                     {product} {command line}
     bool BytecodeVerificationRemote               = false                                     {product} {command line}
     intx CICompilerCount                          = 3                                         {product} {ergonomic}
     uint ConcGCThreads                            = 1                                         {product} {ergonomic}
     uint G1ConcRefinementThreads                  = 4                                         {product} {ergonomic}
   size_t G1HeapRegionSize                         = 1048576                                   {product} {ergonomic}
    uintx GCDrainStackTargetSize                   = 64                                        {product} {ergonomic}
   size_t InitialHeapSize                          = 134217728                                 {product} {ergonomic}
   size_t MarkStackSize                            = 4194304                                   {product} {ergonomic}
   size_t MaxHeapSize                              = 2122317824                                {product} {ergonomic}
   size_t MaxNewSize                               = 1272971264                                {product} {ergonomic}
   size_t MinHeapDeltaBytes                        = 1048576                                   {product} {ergonomic}
    uintx NonNMethodCodeHeapSize                   = 6973028                                {pd product} {ergonomic}
    uintx NonProfiledCodeHeapSize                  = 244685212                              {pd product} {ergonomic}
    uintx ProfiledCodeHeapSize                     = 0                                      {pd product} {ergonomic}
    uintx ReservedCodeCacheSize                    = 251658240                              {pd product} {ergonomic}
     bool SegmentedCodeCache                       = true                                      {product} {ergonomic}
     intx TieredStopAtLevel                        = 1                                         {product} {command line}
     bool UseCompressedClassPointers               = true                                 {lp64_product} {ergonomic}
     bool UseCompressedOops                        = true                                 {lp64_product} {ergonomic}
     bool UseG1GC                                  = true                                      {product} {ergonomic}
     bool UseLargePagesIndividualAllocation        = false                                  {pd product} {ergonomic}

Logging:
Log output configuration:
 #0: stdout all=warning uptime,level,tags
 #1: stderr all=off uptime,level,tags

Environment Variables:
JAVA_HOME=C:\Program Files\Java\jdk-11.0.5
PATH=C:\Program Files\Java\jdk-11.0.5\bin;C:\Program Files\Java\jdk1.8.0_121\bin;C:\Program Files (x86)\Common Files\Oracle\Java\javapath;C:\Program Files (x86)\Intel\iCLS Client\;C:\ProgramData\Oracle\Java\javapath;C:\Program Files\Intel\iCLS Client\;C:\WINDOWS\system32;C:\WINDOWS;C:\WINDOWS\System32\Wbem;C:\WINDOWS\System32\WindowsPowerShell\v1.0\;C:\Program Files\Intel\IntelSGXPSW\bin\x64\Release\;C:\Program Files\Intel\IntelSGXPSW\bin\win32\Release\;C:\Program Files\Hewlett-Packard\SimplePass\;C:\MinGW\bin;C:\MinGW\var\cache\mingw-get\packages\make-3.82.90-2-mingw32-cvs-20120902-bin.tar\make-3.82.90-2-mingw32-cvs-20120902-bin\bin;C:\Program Files\MySQL\MySQL Utilities 1.6\;C:\Users\Anna\sisc-1.16.6;C:\Program Files (x86)\Intel\Intel(R) Management Engine Components\DAL;C:\Program Files\Intel\Intel(R) Management Engine Components\DAL;C:\Program Files (x86)\Intel\Intel(R) Management Engine Components\IPT;C:\Program Files\Intel\Intel(R) Management Engine Components\IPT;C:\WINDOWS\System32\OpenSSH\;C:\Program Files\MATLAB\R2018b\bin;C:\Program Files\Intel\WiFi\bin\;C:\Program Files\Common Files\Intel\WirelessCommon\;C:\Program Files (x86)\PuTTY\;C:\ProgramData\chocolatey\bin;C:\ProgramData\chocolatey\lib\maven\apache-maven-3.6.3\bin;C:\Users\Anna\AppData\Local\GitHub\PortableGit_f02737a78695063deace08e96d5042710d3e32db\cmd;C:\Program Files\MySQL\MySQL Shell 8.0\bin\;C:\Ruby24-x64\bin;C:\Users\Anna\AppData\Local\Microsoft\WindowsApps
USERNAME=Anna
OS=Windows_NT
PROCESSOR_IDENTIFIER=Intel64 Family 6 Model 78 Stepping 3, GenuineIntel



---------------  S Y S T E M  ---------------

OS: Windows 10 , 64 bit Build 17134 (10.0.17134.706)

CPU:total 4 (initial active 4) (2 cores per cpu, 2 threads per core) family 6 model 78 stepping 3, cmov, cx8, fxsr, mmx, sse, sse2, sse3, ssse3, sse4.1, sse4.2, popcnt, avx, avx2, aes, clmul, erms, 3dnowpref, lzcnt, ht, tsc, tscinvbit, bmi1, bmi2, adx, fma

Memory: 4k page, system-wide physical 8090M (668M free)
TotalPageFile size 32666M (AvailPageFile size 0M)
current process WorkingSet (physical memory assigned to process): 289M, peak: 289M
current process commit charge ("private bytes"): 353M, peak: 353M

vm_info: Java HotSpot(TM) 64-Bit Server VM (11.0.5+10-LTS) for windows-amd64 JRE (11.0.5+10-LTS), built on Oct  6 2019 12:37:14 by "mach5one" with MS VC++ 15.5 (VS2017)

END.
