#
# There is insufficient memory for the Java Runtime Environment to continue.
# Native memory allocation (mmap) failed to map 27262976 bytes for Failed to commit area from 0x0000000089800000 to 0x000000008b200000 of length 27262976.
# Possible reasons:
#   The system is out of physical RAM or swap space
#   The process is running with CompressedOops enabled, and the Java Heap may be blocking the growth of the native heap
# Possible solutions:
#   Reduce memory load on the system
#   Increase physical memory or swap space
#   Check if swap backing store is full
#   Decrease Java heap size (-Xmx/-Xms)
#   Decrease number of Java threads
#   Decrease Java thread stack sizes (-Xss)
#   Set larger code cache with -XX:ReservedCodeCacheSize=
#   JVM is running with Unscaled Compressed Oops mode in which the Java heap is
#     placed in the first 4GB address space. The Java Heap base address is the
#     maximum limit for the native heap growth. Please use -XX:HeapBaseMinAddress
#     to set the Java Heap base and to place the Java Heap above 4GB virtual address.
# This output file may be truncated or incomplete.
#
#  Out of Memory Error (t:/workspace/open/src/hotspot/os/windows/os_windows.cpp:3274), pid=16696, tid=4292
#
# JRE version: Java(TM) SE Runtime Environment (11.0.5+10) (build 11.0.5+10-LTS)
# Java VM: Java HotSpot(TM) 64-Bit Server VM (11.0.5+10-LTS, mixed mode, tiered, compressed oops, g1 gc, windows-amd64)
# No core dump will be written. Minidumps are not enabled by default on client versions of Windows
#

---------------  S U M M A R Y ------------

Command Line: -Xverify:none -XX:TieredStopAtLevel=1 com.zeroday.auth.WebApplication

Host: Intel(R) Core(TM) i5-6200U CPU @ 2.30GHz, 4 cores, 7G,  Windows 10 , 64 bit Build 17134 (10.0.17134.706)
Time: Mon Mar  9 20:15:10 2020 GMT Standard Time elapsed time: 5 seconds (0d 0h 0m 5s)

---------------  T H R E A D  ---------------

Current thread (0x00000193cd599800):  VMThread "VM Thread" [stack: 0x0000001252a00000,0x0000001252b00000] [id=4292]

Stack: [0x0000001252a00000,0x0000001252b00000]
[error occurred during error reporting (printing stack bounds), id 0xc0000005, EXCEPTION_ACCESS_VIOLATION (0xc0000005) at pc=0x00000193b7580bad]

Native frames: (J=compiled Java code, j=interpreted, Vv=VM code, C=native code)
V  [jvm.dll+0x63611a]
V  [jvm.dll+0x77426f]
V  [jvm.dll+0x77591a]
V  [jvm.dll+0x775f35]
V  [jvm.dll+0x775eeb]
V  [jvm.dll+0x635826]
V  [jvm.dll+0x635be8]
C  [ntdll.dll+0x9f7dd]
C  [ntdll.dll+0xd856]
C  [ntdll.dll+0x9e70e]
C  0x00000193b7580bad

VM_Operation (0x00000012524fc480): CollectForMetadataAllocation, mode: safepoint, requested by thread 0x00000193af226000


---------------  P R O C E S S  ---------------

Threads class SMR info:
_java_thread_list=0x00000193d003f5c0, length=13, elements={
0x00000193af226000, 0x00000193cd5c0000, 0x00000193cd5cd800, 0x00000193cd5df000,
0x00000193cd5e1800, 0x00000193cd5e6000, 0x00000193cdee3000, 0x00000193ce042000,
0x00000193ce04c000, 0x00000193ce498800, 0x00000193ce499800, 0x00000193d0007800,
0x00000193d0009000
}

Java Threads: ( => current thread )
  0x00000193af226000 JavaThread "main" [_thread_blocked, id=14672, stack(0x0000001252400000,0x0000001252500000)]
  0x00000193cd5c0000 JavaThread "Reference Handler" daemon [_thread_blocked, id=6096, stack(0x0000001252b00000,0x0000001252c00000)]
  0x00000193cd5cd800 JavaThread "Finalizer" daemon [_thread_blocked, id=9040, stack(0x0000001252c00000,0x0000001252d00000)]
  0x00000193cd5df000 JavaThread "Signal Dispatcher" daemon [_thread_blocked, id=8104, stack(0x0000001252d00000,0x0000001252e00000)]
  0x00000193cd5e1800 JavaThread "Attach Listener" daemon [_thread_blocked, id=676, stack(0x0000001252e00000,0x0000001252f00000)]
  0x00000193cd5e6000 JavaThread "C1 CompilerThread0" daemon [_thread_blocked, id=18132, stack(0x0000001252f00000,0x0000001253000000)]
  0x00000193cdee3000 JavaThread "Sweeper thread" daemon [_thread_blocked, id=11396, stack(0x0000001253000000,0x0000001253100000)]
  0x00000193ce042000 JavaThread "Service Thread" daemon [_thread_blocked, id=1964, stack(0x0000001253100000,0x0000001253200000)]
  0x00000193ce04c000 JavaThread "Common-Cleaner" daemon [_thread_blocked, id=4464, stack(0x0000001253300000,0x0000001253400000)]
  0x00000193ce498800 JavaThread "Catalina-utility-1" [_thread_blocked, id=5788, stack(0x0000001253600000,0x0000001253700000)]
  0x00000193ce499800 JavaThread "Catalina-utility-2" [_thread_blocked, id=12940, stack(0x0000001253800000,0x0000001253900000)]
  0x00000193d0007800 JavaThread "container-0" [_thread_blocked, id=13396, stack(0x0000001253900000,0x0000001253a00000)]
  0x00000193d0009000 JavaThread "mysql-cj-abandoned-connection-cleanup" daemon [_thread_blocked, id=5340, stack(0x0000001253a00000,0x0000001253b00000)]

Other Threads:
=>0x00000193cd599800 VMThread "VM Thread" [stack: 0x0000001252a00000,0x0000001252b00000] [id=4292]
  0x00000193ce04b000 WatcherThread [stack: 0x0000001253200000,0x0000001253300000] [id=16124]
  0x00000193af23c000 GCTaskThread "GC Thread#0" [stack: 0x0000001252500000,0x0000001252600000] [id=18680]
  0x00000193ce83b800 GCTaskThread "GC Thread#1" [stack: 0x0000001253400000,0x0000001253500000] [id=5048]
  0x00000193ce86b000 GCTaskThread "GC Thread#2" [stack: 0x0000001253500000,0x0000001253600000] [id=12896]
  0x00000193ce991800 GCTaskThread "GC Thread#3" [stack: 0x0000001253700000,0x0000001253800000] [id=10708]
  0x00000193af26c000 ConcurrentGCThread "G1 Main Marker" [stack: 0x0000001252600000,0x0000001252700000] [id=17840]
  0x00000193af26f800 ConcurrentGCThread "G1 Conc#0" [stack: 0x0000001252700000,0x0000001252800000] [id=5736]
  0x00000193af2ed800 ConcurrentGCThread "G1 Refine#0" [stack: 0x0000001252800000,0x0000001252900000] [id=7400]
  0x00000193cd406800 ConcurrentGCThread "G1 Young RemSet Sampling" [stack: 0x0000001252900000,0x0000001252a00000] [id=2360]

Threads with active compile tasks:

VM state:at safepoint (normal execution)

VM Mutex/Monitor currently owned by a thread:  ([mutex/lock_event])
[0x00000193af221970] Threads_lock - owner thread: 0x00000193cd599800
[0x00000193af2229c0] Heap_lock - owner thread: 0x00000193af226000

Heap address: 0x0000000081800000, size: 2024 MB, Compressed Oops mode: 32-bit
Narrow klass base: 0x0000000000000000, Narrow klass shift: 3
Compressed class space size: 1073741824 Address: 0x0000000100000000

Heap:
 garbage-first heap   total 157696K, used 16325K [0x0000000081800000, 0x0000000100000000)
  region size 1024K, 6 young (6144K), 6 survivors (6144K)
 Metaspace       used 34834K, capacity 35811K, committed 35888K, reserved 1081344K
  class space    used 4310K, capacity 4706K, committed 4736K, reserved 1048576K
Heap Regions: E=young(eden), S=young(survivor), O=old, HS=humongous(starts), HC=humongous(continues), CS=collection set, F=free, A=archive, TAMS=top-at-mark-start (previous, next)
|   0|0x0000000081800000, 0x0000000081900000, 0x0000000081900000|100%|HS|  |TAMS 0x0000000081900000, 0x0000000081900000| Complete 
|   1|0x0000000081900000, 0x0000000081a00000, 0x0000000081a00000|100%| O|  |TAMS 0x0000000081a00000, 0x0000000081a00000| Untracked 
|   2|0x0000000081a00000, 0x0000000081b00000, 0x0000000081b00000|100%| O|  |TAMS 0x0000000081b00000, 0x0000000081b00000| Untracked 
|   3|0x0000000081b00000, 0x0000000081c00000, 0x0000000081c00000|100%| O|  |TAMS 0x0000000081c00000, 0x0000000081c00000| Untracked 
|   4|0x0000000081c00000, 0x0000000081d00000, 0x0000000081d00000|100%| O|  |TAMS 0x0000000081d00000, 0x0000000081d00000| Untracked 
|   5|0x0000000081d00000, 0x0000000081e00000, 0x0000000081e00000|100%| O|  |TAMS 0x0000000081e00000, 0x0000000081e00000| Untracked 
|   6|0x0000000081e00000, 0x0000000081f00000, 0x0000000081f00000|100%| O|  |TAMS 0x0000000081e06c00, 0x0000000081f00000| Untracked 
|   7|0x0000000081f00000, 0x0000000082000000, 0x0000000082000000|100%| O|  |TAMS 0x0000000081f00000, 0x0000000082000000| Untracked 
|   8|0x0000000082000000, 0x0000000082100000, 0x0000000082100000|100%| O|  |TAMS 0x0000000082000000, 0x0000000082100000| Untracked 
|   9|0x0000000082100000, 0x00000000821f1400, 0x0000000082200000| 94%| O|  |TAMS 0x0000000082100000, 0x00000000821f1400| Untracked 
|  10|0x0000000082200000, 0x0000000082200000, 0x0000000082300000|  0%| F|  |TAMS 0x0000000082200000, 0x0000000082200000| Untracked 
|  11|0x0000000082300000, 0x0000000082300000, 0x0000000082400000|  0%| F|  |TAMS 0x0000000082300000, 0x0000000082300000| Untracked 
|  12|0x0000000082400000, 0x0000000082400000, 0x0000000082500000|  0%| F|  |TAMS 0x0000000082400000, 0x0000000082400000| Untracked 
|  13|0x0000000082500000, 0x0000000082500000, 0x0000000082600000|  0%| F|  |TAMS 0x0000000082500000, 0x0000000082500000| Untracked 
|  14|0x0000000082600000, 0x0000000082600000, 0x0000000082700000|  0%| F|  |TAMS 0x0000000082600000, 0x0000000082600000| Untracked 
|  15|0x0000000082700000, 0x0000000082700000, 0x0000000082800000|  0%| F|  |TAMS 0x0000000082700000, 0x0000000082700000| Untracked 
|  16|0x0000000082800000, 0x0000000082800000, 0x0000000082900000|  0%| F|  |TAMS 0x0000000082800000, 0x0000000082800000| Untracked 
|  17|0x0000000082900000, 0x0000000082900000, 0x0000000082a00000|  0%| F|  |TAMS 0x0000000082900000, 0x0000000082900000| Untracked 
|  18|0x0000000082a00000, 0x0000000082a00000, 0x0000000082b00000|  0%| F|  |TAMS 0x0000000082a00000, 0x0000000082a00000| Untracked 
|  19|0x0000000082b00000, 0x0000000082b00000, 0x0000000082c00000|  0%| F|  |TAMS 0x0000000082b00000, 0x0000000082b00000| Untracked 
|  20|0x0000000082c00000, 0x0000000082c00000, 0x0000000082d00000|  0%| F|  |TAMS 0x0000000082c00000, 0x0000000082c00000| Untracked 
|  21|0x0000000082d00000, 0x0000000082d00000, 0x0000000082e00000|  0%| F|  |TAMS 0x0000000082d00000, 0x0000000082d00000| Untracked 
|  22|0x0000000082e00000, 0x0000000082e00000, 0x0000000082f00000|  0%| F|  |TAMS 0x0000000082e00000, 0x0000000082e00000| Untracked 
|  23|0x0000000082f00000, 0x0000000082f00000, 0x0000000083000000|  0%| F|  |TAMS 0x0000000082f00000, 0x0000000082f00000| Untracked 
|  24|0x0000000083000000, 0x0000000083000000, 0x0000000083100000|  0%| F|  |TAMS 0x0000000083000000, 0x0000000083000000| Untracked 
|  25|0x0000000083100000, 0x0000000083100000, 0x0000000083200000|  0%| F|  |TAMS 0x0000000083100000, 0x0000000083100000| Untracked 
|  26|0x0000000083200000, 0x0000000083200000, 0x0000000083300000|  0%| F|  |TAMS 0x0000000083200000, 0x0000000083200000| Untracked 
|  27|0x0000000083300000, 0x0000000083300000, 0x0000000083400000|  0%| F|  |TAMS 0x0000000083300000, 0x0000000083300000| Untracked 
|  28|0x0000000083400000, 0x0000000083400000, 0x0000000083500000|  0%| F|  |TAMS 0x0000000083400000, 0x0000000083400000| Untracked 
|  29|0x0000000083500000, 0x0000000083500000, 0x0000000083600000|  0%| F|  |TAMS 0x0000000083500000, 0x0000000083500000| Untracked 
|  30|0x0000000083600000, 0x0000000083600000, 0x0000000083700000|  0%| F|  |TAMS 0x0000000083600000, 0x0000000083600000| Untracked 
|  31|0x0000000083700000, 0x0000000083700000, 0x0000000083800000|  0%| F|  |TAMS 0x0000000083700000, 0x0000000083700000| Untracked 
|  32|0x0000000083800000, 0x0000000083800000, 0x0000000083900000|  0%| F|  |TAMS 0x0000000083800000, 0x0000000083800000| Untracked 
|  33|0x0000000083900000, 0x0000000083900000, 0x0000000083a00000|  0%| F|  |TAMS 0x0000000083900000, 0x0000000083900000| Untracked 
|  34|0x0000000083a00000, 0x0000000083a00000, 0x0000000083b00000|  0%| F|  |TAMS 0x0000000083a00000, 0x0000000083a00000| Untracked 
|  35|0x0000000083b00000, 0x0000000083b00000, 0x0000000083c00000|  0%| F|  |TAMS 0x0000000083b00000, 0x0000000083b00000| Untracked 
|  36|0x0000000083c00000, 0x0000000083c00000, 0x0000000083d00000|  0%| F|  |TAMS 0x0000000083c00000, 0x0000000083c00000| Untracked 
|  37|0x0000000083d00000, 0x0000000083d00000, 0x0000000083e00000|  0%| F|  |TAMS 0x0000000083d00000, 0x0000000083d00000| Untracked 
|  38|0x0000000083e00000, 0x0000000083e00000, 0x0000000083f00000|  0%| F|  |TAMS 0x0000000083e00000, 0x0000000083e00000| Untracked 
|  39|0x0000000083f00000, 0x0000000083f00000, 0x0000000084000000|  0%| F|  |TAMS 0x0000000083f00000, 0x0000000083f00000| Untracked 
|  40|0x0000000084000000, 0x0000000084000000, 0x0000000084100000|  0%| F|  |TAMS 0x0000000084000000, 0x0000000084000000| Untracked 
|  41|0x0000000084100000, 0x0000000084100000, 0x0000000084200000|  0%| F|  |TAMS 0x0000000084100000, 0x0000000084100000| Untracked 
|  42|0x0000000084200000, 0x0000000084200000, 0x0000000084300000|  0%| F|  |TAMS 0x0000000084200000, 0x0000000084200000| Untracked 
|  43|0x0000000084300000, 0x0000000084300000, 0x0000000084400000|  0%| F|  |TAMS 0x0000000084300000, 0x0000000084300000| Untracked 
|  44|0x0000000084400000, 0x0000000084400000, 0x0000000084500000|  0%| F|  |TAMS 0x0000000084400000, 0x0000000084400000| Untracked 
|  45|0x0000000084500000, 0x0000000084500000, 0x0000000084600000|  0%| F|  |TAMS 0x0000000084500000, 0x0000000084500000| Untracked 
|  46|0x0000000084600000, 0x0000000084600000, 0x0000000084700000|  0%| F|  |TAMS 0x0000000084600000, 0x0000000084600000| Untracked 
|  47|0x0000000084700000, 0x0000000084700000, 0x0000000084800000|  0%| F|  |TAMS 0x0000000084700000, 0x0000000084700000| Untracked 
|  48|0x0000000084800000, 0x0000000084800000, 0x0000000084900000|  0%| F|  |TAMS 0x0000000084800000, 0x0000000084800000| Untracked 
|  49|0x0000000084900000, 0x0000000084900000, 0x0000000084a00000|  0%| F|  |TAMS 0x0000000084900000, 0x0000000084900000| Untracked 
|  50|0x0000000084a00000, 0x0000000084a00000, 0x0000000084b00000|  0%| F|  |TAMS 0x0000000084a00000, 0x0000000084a00000| Untracked 
|  51|0x0000000084b00000, 0x0000000084b00000, 0x0000000084c00000|  0%| F|  |TAMS 0x0000000084b00000, 0x0000000084b00000| Untracked 
|  52|0x0000000084c00000, 0x0000000084c00000, 0x0000000084d00000|  0%| F|  |TAMS 0x0000000084c00000, 0x0000000084c00000| Untracked 
|  53|0x0000000084d00000, 0x0000000084d00000, 0x0000000084e00000|  0%| F|  |TAMS 0x0000000084d00000, 0x0000000084d00000| Untracked 
|  54|0x0000000084e00000, 0x0000000084e00000, 0x0000000084f00000|  0%| F|  |TAMS 0x0000000084e00000, 0x0000000084e00000| Untracked 
|  55|0x0000000084f00000, 0x0000000084f00000, 0x0000000085000000|  0%| F|  |TAMS 0x0000000084f00000, 0x0000000084f00000| Untracked 
|  56|0x0000000085000000, 0x0000000085000000, 0x0000000085100000|  0%| F|  |TAMS 0x0000000085000000, 0x0000000085000000| Untracked 
|  57|0x0000000085100000, 0x0000000085100000, 0x0000000085200000|  0%| F|  |TAMS 0x0000000085100000, 0x0000000085100000| Untracked 
|  58|0x0000000085200000, 0x0000000085200000, 0x0000000085300000|  0%| F|  |TAMS 0x0000000085200000, 0x0000000085200000| Untracked 
|  59|0x0000000085300000, 0x0000000085300000, 0x0000000085400000|  0%| F|  |TAMS 0x0000000085300000, 0x0000000085300000| Untracked 
|  60|0x0000000085400000, 0x0000000085400000, 0x0000000085500000|  0%| F|  |TAMS 0x0000000085400000, 0x0000000085400000| Untracked 
|  61|0x0000000085500000, 0x0000000085500000, 0x0000000085600000|  0%| F|  |TAMS 0x0000000085500000, 0x0000000085500000| Untracked 
|  62|0x0000000085600000, 0x0000000085600000, 0x0000000085700000|  0%| F|  |TAMS 0x0000000085600000, 0x0000000085600000| Untracked 
|  63|0x0000000085700000, 0x0000000085700000, 0x0000000085800000|  0%| F|  |TAMS 0x0000000085700000, 0x0000000085700000| Untracked 
|  64|0x0000000085800000, 0x0000000085800000, 0x0000000085900000|  0%| F|  |TAMS 0x0000000085800000, 0x0000000085800000| Untracked 
|  65|0x0000000085900000, 0x0000000085900000, 0x0000000085a00000|  0%| F|  |TAMS 0x0000000085900000, 0x0000000085900000| Untracked 
|  66|0x0000000085a00000, 0x0000000085a00000, 0x0000000085b00000|  0%| F|  |TAMS 0x0000000085a00000, 0x0000000085a00000| Untracked 
|  67|0x0000000085b00000, 0x0000000085b00000, 0x0000000085c00000|  0%| F|  |TAMS 0x0000000085b00000, 0x0000000085b00000| Untracked 
|  68|0x0000000085c00000, 0x0000000085c00000, 0x0000000085d00000|  0%| F|  |TAMS 0x0000000085c00000, 0x0000000085c00000| Untracked 
|  69|0x0000000085d00000, 0x0000000085d00000, 0x0000000085e00000|  0%| F|  |TAMS 0x0000000085d00000, 0x0000000085d00000| Untracked 
|  70|0x0000000085e00000, 0x0000000085e00000, 0x0000000085f00000|  0%| F|  |TAMS 0x0000000085e00000, 0x0000000085e00000| Untracked 
|  71|0x0000000085f00000, 0x0000000085f00000, 0x0000000086000000|  0%| F|  |TAMS 0x0000000085f00000, 0x0000000085f00000| Untracked 
|  72|0x0000000086000000, 0x0000000086000000, 0x0000000086100000|  0%| F|  |TAMS 0x0000000086000000, 0x0000000086000000| Untracked 
|  73|0x0000000086100000, 0x0000000086100000, 0x0000000086200000|  0%| F|  |TAMS 0x0000000086100000, 0x0000000086100000| Untracked 
|  74|0x0000000086200000, 0x0000000086200000, 0x0000000086300000|  0%| F|  |TAMS 0x0000000086200000, 0x0000000086200000| Untracked 
|  75|0x0000000086300000, 0x0000000086300000, 0x0000000086400000|  0%| F|  |TAMS 0x0000000086300000, 0x0000000086300000| Untracked 
|  76|0x0000000086400000, 0x0000000086500000, 0x0000000086500000|100%| S|CS|TAMS 0x0000000086400000, 0x0000000086400000| Complete 
|  77|0x0000000086500000, 0x0000000086600000, 0x0000000086600000|100%| S|CS|TAMS 0x0000000086500000, 0x0000000086500000| Complete 
|  78|0x0000000086600000, 0x0000000086700000, 0x0000000086700000|100%| S|CS|TAMS 0x0000000086600000, 0x0000000086600000| Complete 
|  79|0x0000000086700000, 0x0000000086800000, 0x0000000086800000|100%| S|CS|TAMS 0x0000000086700000, 0x0000000086700000| Complete 
|  80|0x0000000086800000, 0x0000000086900000, 0x0000000086900000|100%| S|CS|TAMS 0x0000000086800000, 0x0000000086800000| Complete 
|  81|0x0000000086900000, 0x0000000086a00000, 0x0000000086a00000|100%| S|CS|TAMS 0x0000000086900000, 0x0000000086900000| Complete 
|  82|0x0000000086a00000, 0x0000000086a00000, 0x0000000086b00000|  0%| F|  |TAMS 0x0000000086a00000, 0x0000000086a00000| Untracked 
|  83|0x0000000086b00000, 0x0000000086b00000, 0x0000000086c00000|  0%| F|  |TAMS 0x0000000086b00000, 0x0000000086b00000| Untracked 
|  84|0x0000000086c00000, 0x0000000086c00000, 0x0000000086d00000|  0%| F|  |TAMS 0x0000000086c00000, 0x0000000086c00000| Untracked 
|  85|0x0000000086d00000, 0x0000000086d00000, 0x0000000086e00000|  0%| F|  |TAMS 0x0000000086d00000, 0x0000000086d00000| Untracked 
|  86|0x0000000086e00000, 0x0000000086e00000, 0x0000000086f00000|  0%| F|  |TAMS 0x0000000086e00000, 0x0000000086e00000| Untracked 
|  87|0x0000000086f00000, 0x0000000086f00000, 0x0000000087000000|  0%| F|  |TAMS 0x0000000086f00000, 0x0000000086f00000| Untracked 
|  88|0x0000000087000000, 0x0000000087000000, 0x0000000087100000|  0%| F|  |TAMS 0x0000000087000000, 0x0000000087000000| Untracked 
|  89|0x0000000087100000, 0x0000000087100000, 0x0000000087200000|  0%| F|  |TAMS 0x0000000087100000, 0x0000000087100000| Untracked 
|  90|0x0000000087200000, 0x0000000087200000, 0x0000000087300000|  0%| F|  |TAMS 0x0000000087200000, 0x0000000087200000| Untracked 
|  91|0x0000000087300000, 0x0000000087300000, 0x0000000087400000|  0%| F|  |TAMS 0x0000000087300000, 0x0000000087300000| Untracked 
|  92|0x0000000087400000, 0x0000000087400000, 0x0000000087500000|  0%| F|  |TAMS 0x0000000087400000, 0x0000000087400000| Untracked 
|  93|0x0000000087500000, 0x0000000087500000, 0x0000000087600000|  0%| F|  |TAMS 0x0000000087500000, 0x0000000087500000| Untracked 
|  94|0x0000000087600000, 0x0000000087600000, 0x0000000087700000|  0%| F|  |TAMS 0x0000000087600000, 0x0000000087600000| Untracked 
|  95|0x0000000087700000, 0x0000000087700000, 0x0000000087800000|  0%| F|  |TAMS 0x0000000087700000, 0x0000000087700000| Untracked 
|  96|0x0000000087800000, 0x0000000087800000, 0x0000000087900000|  0%| F|  |TAMS 0x0000000087800000, 0x0000000087800000| Untracked 
|  97|0x0000000087900000, 0x0000000087900000, 0x0000000087a00000|  0%| F|  |TAMS 0x0000000087900000, 0x0000000087900000| Untracked 
|  98|0x0000000087a00000, 0x0000000087a00000, 0x0000000087b00000|  0%| F|  |TAMS 0x0000000087a00000, 0x0000000087a00000| Untracked 
|  99|0x0000000087b00000, 0x0000000087b00000, 0x0000000087c00000|  0%| F|  |TAMS 0x0000000087b00000, 0x0000000087b00000| Untracked 
| 100|0x0000000087c00000, 0x0000000087c00000, 0x0000000087d00000|  0%| F|  |TAMS 0x0000000087c00000, 0x0000000087c00000| Untracked 
| 101|0x0000000087d00000, 0x0000000087d00000, 0x0000000087e00000|  0%| F|  |TAMS 0x0000000087d00000, 0x0000000087d00000| Untracked 
| 102|0x0000000087e00000, 0x0000000087e00000, 0x0000000087f00000|  0%| F|  |TAMS 0x0000000087e00000, 0x0000000087e00000| Untracked 
| 103|0x0000000087f00000, 0x0000000087f00000, 0x0000000088000000|  0%| F|  |TAMS 0x0000000087f00000, 0x0000000087f00000| Untracked 
| 104|0x0000000088000000, 0x0000000088000000, 0x0000000088100000|  0%| F|  |TAMS 0x0000000088000000, 0x0000000088000000| Untracked 
| 105|0x0000000088100000, 0x0000000088100000, 0x0000000088200000|  0%| F|  |TAMS 0x0000000088100000, 0x0000000088100000| Untracked 
| 106|0x0000000088200000, 0x0000000088200000, 0x0000000088300000|  0%| F|  |TAMS 0x0000000088200000, 0x0000000088200000| Untracked 
| 107|0x0000000088300000, 0x0000000088300000, 0x0000000088400000|  0%| F|  |TAMS 0x0000000088300000, 0x0000000088300000| Untracked 
| 108|0x0000000088400000, 0x0000000088400000, 0x0000000088500000|  0%| F|  |TAMS 0x0000000088400000, 0x0000000088400000| Untracked 
| 109|0x0000000088500000, 0x0000000088500000, 0x0000000088600000|  0%| F|  |TAMS 0x0000000088500000, 0x0000000088500000| Untracked 
| 110|0x0000000088600000, 0x0000000088600000, 0x0000000088700000|  0%| F|  |TAMS 0x0000000088600000, 0x0000000088600000| Untracked 
| 111|0x0000000088700000, 0x0000000088700000, 0x0000000088800000|  0%| F|  |TAMS 0x0000000088700000, 0x0000000088700000| Untracked 
| 112|0x0000000088800000, 0x0000000088800000, 0x0000000088900000|  0%| F|  |TAMS 0x0000000088800000, 0x0000000088800000| Untracked 
| 113|0x0000000088900000, 0x0000000088900000, 0x0000000088a00000|  0%| F|  |TAMS 0x0000000088900000, 0x0000000088900000| Untracked 
| 114|0x0000000088a00000, 0x0000000088a00000, 0x0000000088b00000|  0%| F|  |TAMS 0x0000000088a00000, 0x0000000088a00000| Untracked 
| 115|0x0000000088b00000, 0x0000000088b00000, 0x0000000088c00000|  0%| F|  |TAMS 0x0000000088b00000, 0x0000000088b00000| Untracked 
| 116|0x0000000088c00000, 0x0000000088c00000, 0x0000000088d00000|  0%| F|  |TAMS 0x0000000088c00000, 0x0000000088c00000| Untracked 
| 117|0x0000000088d00000, 0x0000000088d00000, 0x0000000088e00000|  0%| F|  |TAMS 0x0000000088d00000, 0x0000000088d00000| Untracked 
| 118|0x0000000088e00000, 0x0000000088e00000, 0x0000000088f00000|  0%| F|  |TAMS 0x0000000088e00000, 0x0000000088e00000| Untracked 
| 119|0x0000000088f00000, 0x0000000088f00000, 0x0000000089000000|  0%| F|  |TAMS 0x0000000088f00000, 0x0000000088f00000| Untracked 
| 120|0x0000000089000000, 0x0000000089000000, 0x0000000089100000|  0%| F|  |TAMS 0x0000000089000000, 0x0000000089000000| Untracked 
| 121|0x0000000089100000, 0x0000000089100000, 0x0000000089200000|  0%| F|  |TAMS 0x0000000089100000, 0x0000000089100000| Untracked 
| 122|0x0000000089200000, 0x0000000089200000, 0x0000000089300000|  0%| F|  |TAMS 0x0000000089200000, 0x0000000089200000| Untracked 
| 123|0x0000000089300000, 0x0000000089300000, 0x0000000089400000|  0%| F|  |TAMS 0x0000000089300000, 0x0000000089300000| Untracked 
| 124|0x0000000089400000, 0x0000000089400000, 0x0000000089500000|  0%| F|  |TAMS 0x0000000089400000, 0x0000000089400000| Untracked 
| 125|0x0000000089500000, 0x0000000089500000, 0x0000000089600000|  0%| F|  |TAMS 0x0000000089500000, 0x0000000089500000| Untracked 
| 126|0x0000000089600000, 0x0000000089600000, 0x0000000089700000|  0%| F|  |TAMS 0x0000000089600000, 0x0000000089600000| Untracked 
| 127|0x0000000089700000, 0x0000000089700000, 0x0000000089800000|  0%| F|  |TAMS 0x0000000089700000, 0x0000000089700000| Untracked 

Card table byte_map: [0x00000193c6980000,0x00000193c6d80000] _byte_map_base: 0x00000193c6574000

Marking Bits (Prev, Next): (CMBitMap*) 0x00000193af262920, (CMBitMap*) 0x00000193af2628e8
 Prev Bits: [0x00000193c9120000, 0x00000193cb0c0000)
 Next Bits: [0x00000193c7180000, 0x00000193c9120000)

Polling page: 0x00000193ad080000

Metaspace:

Usage:
  Non-class:     30.38 MB capacity,    29.81 MB ( 98%) used,   466.05 KB (  1%) free+waste,   114.81 KB ( <1%) overhead. 
      Class:      4.60 MB capacity,     4.21 MB ( 92%) used,   339.63 KB (  7%) free+waste,    56.31 KB (  1%) overhead. 
       Both:     34.97 MB capacity,    34.02 MB ( 97%) used,   805.68 KB (  2%) free+waste,   171.13 KB ( <1%) overhead. 

Virtual space:
  Non-class space:       32.00 MB reserved,      30.42 MB ( 95%) committed 
      Class space:        1.00 GB reserved,       4.63 MB ( <1%) committed 
             Both:        1.03 GB reserved,      35.05 MB (  3%) committed 

Chunk freelists:
   Non-Class:  5.88 KB
       Class:  0 bytes
        Both:  5.88 KB

CodeHeap 'non-profiled nmethods': size=238912Kb used=6088Kb max_used=6088Kb free=232823Kb
 bounds [0x00000193b7c30000, 0x00000193b8230000, 0x00000193c6580000]
CodeHeap 'non-nmethods': size=6848Kb used=1143Kb max_used=1143Kb free=5704Kb
 bounds [0x00000193b7580000, 0x00000193b77f0000, 0x00000193b7c30000]
 total_blobs=4112 nmethods=3612 adapters=391
 compilation: enabled
              stopped_count=0, restarted_count=0
 full_count=0

Compilation events (10 events):
Event: 5.588 Thread 0x00000193cd5e6000 3626       1       java.lang.module.ModuleDescriptor::packages (5 bytes)
Event: 5.588 Thread 0x00000193cd5e6000 nmethod 3626 0x00000193b821f490 code [0x00000193b821f640, 0x00000193b821f758]
Event: 5.594 Thread 0x00000193cd5e6000 3627       1       org.springframework.beans.factory.config.DependencyDescriptor::getDependencyType (123 bytes)
Event: 5.595 Thread 0x00000193cd5e6000 nmethod 3627 0x00000193b821f810 code [0x00000193b821fa60, 0x00000193b8220280]
Event: 5.595 Thread 0x00000193cd5e6000 3628       1       java.lang.ThreadLocal$ThreadLocalMap::set (136 bytes)
Event: 5.595 Thread 0x00000193cd5e6000 nmethod 3628 0x00000193b8220590 code [0x00000193b82207a0, 0x00000193b8220d50]
Event: 5.628 Thread 0x00000193cd5e6000 3629       1       java.util.LinkedList::toArray (39 bytes)
Event: 5.629 Thread 0x00000193cd5e6000 nmethod 3629 0x00000193b8221010 code [0x00000193b82211c0, 0x00000193b8221478]
Event: 5.629 Thread 0x00000193cd5e6000 3630       1       org.springframework.core.MethodParameter::getNestedParameterType (122 bytes)
Event: 5.630 Thread 0x00000193cd5e6000 nmethod 3630 0x00000193b8221590 code [0x00000193b8221800, 0x00000193b8221e90]

GC Heap History (10 events):
Event: 1.856 GC heap after
{Heap after GC invocations=2 (full 0):
 garbage-first heap   total 131072K, used 7337K [0x0000000081800000, 0x0000000100000000)
  region size 1024K, 2 young (2048K), 2 survivors (2048K)
 Metaspace       used 13881K, capacity 14168K, committed 14464K, reserved 1062912K
  class space    used 1454K, capacity 1542K, committed 1664K, reserved 1048576K
}
Event: 2.486 GC heap before
{Heap before GC invocations=2 (full 0):
 garbage-first heap   total 131072K, used 36009K [0x0000000081800000, 0x0000000100000000)
  region size 1024K, 30 young (30720K), 2 survivors (2048K)
 Metaspace       used 19057K, capacity 19519K, committed 19712K, reserved 1067008K
  class space    used 2262K, capacity 2458K, committed 2560K, reserved 1048576K
}
Event: 2.490 GC heap after
{Heap after GC invocations=3 (full 0):
 garbage-first heap   total 131072K, used 8598K [0x0000000081800000, 0x0000000100000000)
  region size 1024K, 3 young (3072K), 3 survivors (3072K)
 Metaspace       used 19057K, capacity 19519K, committed 19712K, reserved 1067008K
  class space    used 2262K, capacity 2458K, committed 2560K, reserved 1048576K
}
Event: 2.589 GC heap before
{Heap before GC invocations=3 (full 0):
 garbage-first heap   total 131072K, used 15766K [0x0000000081800000, 0x0000000100000000)
  region size 1024K, 11 young (11264K), 3 survivors (3072K)
 Metaspace       used 20745K, capacity 21180K, committed 21296K, reserved 1069056K
  class space    used 2438K, capacity 2628K, committed 2688K, reserved 1048576K
}
Event: 2.593 GC heap after
{Heap after GC invocations=4 (full 0):
 garbage-first heap   total 131072K, used 8904K [0x0000000081800000, 0x0000000100000000)
  region size 1024K, 3 young (3072K), 3 survivors (3072K)
 Metaspace       used 20745K, capacity 21180K, committed 21296K, reserved 1069056K
  class space    used 2438K, capacity 2628K, committed 2688K, reserved 1048576K
}
Event: 3.318 GC heap before
{Heap before GC invocations=5 (full 0):
 garbage-first heap   total 131072K, used 82632K [0x0000000081800000, 0x0000000100000000)
  region size 1024K, 76 young (77824K), 3 survivors (3072K)
 Metaspace       used 23733K, capacity 24312K, committed 24624K, reserved 1071104K
  class space    used 2875K, capacity 3116K, committed 3200K, reserved 1048576K
}
Event: 3.325 GC heap after
{Heap after GC invocations=6 (full 0):
 garbage-first heap   total 131072K, used 10578K [0x0000000081800000, 0x0000000100000000)
  region size 1024K, 5 young (5120K), 5 survivors (5120K)
 Metaspace       used 23733K, capacity 24312K, committed 24624K, reserved 1071104K
  class space    used 2875K, capacity 3116K, committed 3200K, reserved 1048576K
}
Event: 5.058 GC heap before
{Heap before GC invocations=6 (full 0):
 garbage-first heap   total 131072K, used 82258K [0x0000000081800000, 0x0000000100000000)
  region size 1024K, 76 young (77824K), 5 survivors (5120K)
 Metaspace       used 31533K, capacity 32530K, committed 32688K, reserved 1077248K
  class space    used 3932K, capacity 4314K, committed 4352K, reserved 1048576K
}
Event: 5.070 GC heap after
{Heap after GC invocations=7 (full 0):
 garbage-first heap   total 131072K, used 14363K [0x0000000081800000, 0x0000000100000000)
  region size 1024K, 8 young (8192K), 8 survivors (8192K)
 Metaspace       used 31533K, capacity 32530K, committed 32688K, reserved 1077248K
  class space    used 3932K, capacity 4314K, committed 4352K, reserved 1048576K
}
Event: 5.646 GC heap before
{Heap before GC invocations=7 (full 0):
 garbage-first heap   total 131072K, used 59419K [0x0000000081800000, 0x0000000100000000)
  region size 1024K, 54 young (55296K), 8 survivors (8192K)
 Metaspace       used 34834K, capacity 35811K, committed 35888K, reserved 1081344K
  class space    used 4310K, capacity 4706K, committed 4736K, reserved 1048576K
}

Deoptimization events (0 events):
No events

Classes redefined (0 events):
No events

Internal exceptions (10 events):
Event: 5.564 Thread 0x00000193af226000 Implicit null exception at 0x00000193b7f4ad6d to 0x00000193b7f4b05f
Event: 5.564 Thread 0x00000193af226000 Exception <a 'java/lang/NullPointerException'{0x0000000086e5dd78}> (0x0000000086e5dd78) thrown at [t:/workspace/open/src/hotspot/share/runtime/sharedRuntime.cpp, line 584]
Event: 5.564 Thread 0x00000193af226000 Implicit null exception at 0x00000193b7f4ad6d to 0x00000193b7f4b05f
Event: 5.564 Thread 0x00000193af226000 Exception <a 'java/lang/NullPointerException'{0x0000000086e5ec20}> (0x0000000086e5ec20) thrown at [t:/workspace/open/src/hotspot/share/runtime/sharedRuntime.cpp, line 584]
Event: 5.564 Thread 0x00000193af226000 Implicit null exception at 0x00000193b7f4ad6d to 0x00000193b7f4b05f
Event: 5.564 Thread 0x00000193af226000 Exception <a 'java/lang/NullPointerException'{0x0000000086e5fa58}> (0x0000000086e5fa58) thrown at [t:/workspace/open/src/hotspot/share/runtime/sharedRuntime.cpp, line 584]
Event: 5.565 Thread 0x00000193af226000 Implicit null exception at 0x00000193b7f4ad6d to 0x00000193b7f4b05f
Event: 5.565 Thread 0x00000193af226000 Exception <a 'java/lang/NullPointerException'{0x0000000086e60900}> (0x0000000086e60900) thrown at [t:/workspace/open/src/hotspot/share/runtime/sharedRuntime.cpp, line 584]
Event: 5.565 Thread 0x00000193af226000 Implicit null exception at 0x00000193b7f4ad6d to 0x00000193b7f4b05f
Event: 5.565 Thread 0x00000193af226000 Exception <a 'java/lang/NullPointerException'{0x0000000086e61790}> (0x0000000086e61790) thrown at [t:/workspace/open/src/hotspot/share/runtime/sharedRuntime.cpp, line 584]

Events (10 events):
Event: 5.643 loading class javax/persistence/MappedSuperclass done
Event: 5.644 loading class javax/persistence/Converter
Event: 5.644 loading class javax/persistence/Converter done
Event: 5.644 loading class org/springframework/jdbc/datasource/lookup/JndiDataSourceLookup
Event: 5.644 loading class org/springframework/jdbc/datasource/lookup/JndiDataSourceLookup done
Event: 5.644 loading class org/springframework/jdbc/datasource/lookup/DataSourceLookup
Event: 5.644 loading class org/springframework/jdbc/datasource/lookup/DataSourceLookup done
Event: 5.645 loading class org/springframework/jdbc/datasource/lookup/SingleDataSourceLookup
Event: 5.645 loading class org/springframework/jdbc/datasource/lookup/SingleDataSourceLookup done
Event: 5.645 Executing VM operation: CollectForMetadataAllocation


Dynamic libraries:
0x00007ff6533b0000 - 0x00007ff6533f7000 	C:\Program Files\Java\jdk-11.0.5\bin\java.exe
0x00007fff6c5e0000 - 0x00007fff6c7c1000 	C:\WINDOWS\SYSTEM32\ntdll.dll
0x00007fff64130000 - 0x00007fff64145000 	C:\Program Files\AVAST Software\Avast\aswhook.dll
0x00007fff6c0e0000 - 0x00007fff6c191000 	C:\WINDOWS\System32\KERNEL32.DLL
0x00007fff68cb0000 - 0x00007fff68f23000 	C:\WINDOWS\System32\KERNELBASE.dll
0x00007fff6c380000 - 0x00007fff6c421000 	C:\WINDOWS\System32\ADVAPI32.dll
0x00007fff6c030000 - 0x00007fff6c0ce000 	C:\WINDOWS\System32\msvcrt.dll
0x00007fff69b10000 - 0x00007fff69b6b000 	C:\WINDOWS\System32\sechost.dll
0x00007fff6bf00000 - 0x00007fff6c024000 	C:\WINDOWS\System32\RPCRT4.dll
0x00007fff6bbd0000 - 0x00007fff6bd60000 	C:\WINDOWS\System32\USER32.dll
0x00007fff68f30000 - 0x00007fff68f50000 	C:\WINDOWS\System32\win32u.dll
0x00007fff69a70000 - 0x00007fff69a98000 	C:\WINDOWS\System32\GDI32.dll
0x00007fff69880000 - 0x00007fff69a12000 	C:\WINDOWS\System32\gdi32full.dll
0x00007fff68f50000 - 0x00007fff68fef000 	C:\WINDOWS\System32\msvcp_win.dll
0x00007fff68ff0000 - 0x00007fff690e8000 	C:\WINDOWS\System32\ucrtbase.dll
0x00007fff5ad70000 - 0x00007fff5afd9000 	C:\WINDOWS\WinSxS\amd64_microsoft.windows.common-controls_6595b64144ccf1df_6.0.17134.706_none_fb43a2cb30647007\COMCTL32.dll
0x00007fff6b610000 - 0x00007fff6b932000 	C:\WINDOWS\System32\combase.dll
0x00007fff690f0000 - 0x00007fff6916a000 	C:\WINDOWS\System32\bcryptPrimitives.dll
0x00007fff617e0000 - 0x00007fff617ea000 	C:\WINDOWS\SYSTEM32\VERSION.dll
0x00007fff6c580000 - 0x00007fff6c5ad000 	C:\WINDOWS\System32\IMM32.DLL
0x00007fff640b0000 - 0x00007fff640c6000 	C:\Program Files\Java\jdk-11.0.5\bin\vcruntime140.dll
0x00007fff51870000 - 0x00007fff5191a000 	C:\Program Files\Java\jdk-11.0.5\bin\msvcp140.dll
0x00007fff1be60000 - 0x00007fff1c988000 	C:\Program Files\Java\jdk-11.0.5\bin\server\jvm.dll
0x00007fff6c570000 - 0x00007fff6c578000 	C:\WINDOWS\System32\PSAPI.DLL
0x00007fff54550000 - 0x00007fff54559000 	C:\WINDOWS\SYSTEM32\WSOCK32.dll
0x00007fff6bb60000 - 0x00007fff6bbcc000 	C:\WINDOWS\System32\WS2_32.dll
0x00007fff622a0000 - 0x00007fff622c3000 	C:\WINDOWS\SYSTEM32\WINMM.dll
0x00007fff62250000 - 0x00007fff6227a000 	C:\WINDOWS\SYSTEM32\WINMMBASE.dll
0x00007fff69a20000 - 0x00007fff69a69000 	C:\WINDOWS\System32\cfgmgr32.dll
0x00007fff68990000 - 0x00007fff689a1000 	C:\WINDOWS\System32\kernel.appcore.dll
0x00007fff63620000 - 0x00007fff63631000 	C:\Program Files\Java\jdk-11.0.5\bin\verify.dll
0x00007fff67300000 - 0x00007fff674c9000 	C:\WINDOWS\SYSTEM32\DBGHELP.DLL
0x00007fff61570000 - 0x00007fff61599000 	C:\WINDOWS\SYSTEM32\dbgcore.DLL
0x00007fff63590000 - 0x00007fff635b9000 	C:\Program Files\Java\jdk-11.0.5\bin\java.dll
0x00007fff63470000 - 0x00007fff63486000 	C:\Program Files\Java\jdk-11.0.5\bin\zip.dll
0x00007fff64720000 - 0x00007fff6472a000 	C:\Program Files\Java\jdk-11.0.5\bin\jimage.dll
0x00007fff6a1d0000 - 0x00007fff6b610000 	C:\WINDOWS\System32\SHELL32.dll
0x00007fff69b70000 - 0x00007fff69c19000 	C:\WINDOWS\System32\shcore.dll
0x00007fff69170000 - 0x00007fff6987d000 	C:\WINDOWS\System32\windows.storage.dll
0x00007fff6c320000 - 0x00007fff6c371000 	C:\WINDOWS\System32\shlwapi.dll
0x00007fff688f0000 - 0x00007fff6890f000 	C:\WINDOWS\System32\profapi.dll
0x00007fff68930000 - 0x00007fff6897c000 	C:\WINDOWS\System32\powrprof.dll
0x00007fff68980000 - 0x00007fff6898a000 	C:\WINDOWS\System32\FLTLIB.DLL
0x00007fff62ad0000 - 0x00007fff62ae9000 	C:\Program Files\Java\jdk-11.0.5\bin\net.dll
0x00007fff62530000 - 0x00007fff6260d000 	C:\WINDOWS\SYSTEM32\WINHTTP.dll
0x00007fff68110000 - 0x00007fff68176000 	C:\WINDOWS\system32\mswsock.dll
0x00007fff5fb30000 - 0x00007fff5fb43000 	C:\Program Files\Java\jdk-11.0.5\bin\nio.dll
0x00007fff600b0000 - 0x00007fff600b9000 	C:\Program Files\Java\jdk-11.0.5\bin\management.dll
0x00007fff5f970000 - 0x00007fff5f97c000 	C:\Program Files\Java\jdk-11.0.5\bin\management_ext.dll
0x00007fff35840000 - 0x00007fff35856000 	C:\WINDOWS\system32\napinsp.dll
0x00007fff35820000 - 0x00007fff3583a000 	C:\WINDOWS\system32\pnrpnsp.dll
0x00007fff645f0000 - 0x00007fff64609000 	C:\WINDOWS\system32\NLAapi.dll
0x00007fff67ed0000 - 0x00007fff67f8e000 	C:\WINDOWS\SYSTEM32\DNSAPI.dll
0x00007fff69b00000 - 0x00007fff69b08000 	C:\WINDOWS\System32\NSI.dll
0x00007fff67e90000 - 0x00007fff67ec8000 	C:\WINDOWS\SYSTEM32\IPHLPAPI.DLL
0x00007fff35810000 - 0x00007fff3581e000 	C:\WINDOWS\System32\winrnr.dll
0x00007fff357f0000 - 0x00007fff35805000 	C:\WINDOWS\System32\wshbth.dll
0x00007fff627a0000 - 0x00007fff627aa000 	C:\Windows\System32\rasadhlp.dll
0x00007fff626e0000 - 0x00007fff62752000 	C:\WINDOWS\System32\fwpuclnt.dll
0x00007fff683f0000 - 0x00007fff68415000 	C:\WINDOWS\SYSTEM32\bcrypt.dll
0x00007fff682c0000 - 0x00007fff682d7000 	C:\WINDOWS\SYSTEM32\CRYPTSP.dll
0x00007fff67cf0000 - 0x00007fff67d23000 	C:\WINDOWS\system32\rsaenh.dll
0x00007fff687f0000 - 0x00007fff68818000 	C:\WINDOWS\SYSTEM32\USERENV.dll
0x00007fff682e0000 - 0x00007fff682eb000 	C:\WINDOWS\SYSTEM32\CRYPTBASE.dll
0x00007fff62990000 - 0x00007fff629a6000 	C:\WINDOWS\SYSTEM32\dhcpcsvc6.DLL
0x00007fff62970000 - 0x00007fff6298a000 	C:\WINDOWS\SYSTEM32\dhcpcsvc.DLL

dbghelp: loaded successfully - version: 4.0.5 - missing functions: none
symbol engine: initialized successfully - sym options: 0x614 - pdb path: .;C:\Program Files\Java\jdk-11.0.5\bin;C:\WINDOWS\SYSTEM32;C:\Program Files\AVAST Software\Avast;C:\WINDOWS\WinSxS\amd64_microsoft.windows.common-controls_6595b64144ccf1df_6.0.17134.706_none_fb43a2cb30647007;C:\Program Files\Java\jdk-11.0.5\bin\server

VM Arguments:
jvm_args: -Xverify:none -XX:TieredStopAtLevel=1 
java_command: com.zeroday.auth.WebApplication
java_class_path (initial): C:\Users\Anna\IdeaProjects\ZeroDayFinal\target\classes;C:\Users\Anna\.m2\repository\org\springframework\boot\spring-boot-starter-web\2.2.3.RELEASE\spring-boot-starter-web-2.2.3.RELEASE.jar;C:\Users\Anna\.m2\repository\org\springframework\boot\spring-boot-starter\2.2.3.RELEASE\spring-boot-starter-2.2.3.RELEASE.jar;C:\Users\Anna\.m2\repository\org\springframework\boot\spring-boot\2.2.3.RELEASE\spring-boot-2.2.3.RELEASE.jar;C:\Users\Anna\.m2\repository\org\springframework\boot\spring-boot-autoconfigure\2.2.3.RELEASE\spring-boot-autoconfigure-2.2.3.RELEASE.jar;C:\Users\Anna\.m2\repository\org\springframework\boot\spring-boot-starter-logging\2.2.3.RELEASE\spring-boot-starter-logging-2.2.3.RELEASE.jar;C:\Users\Anna\.m2\repository\ch\qos\logback\logback-classic\1.2.3\logback-classic-1.2.3.jar;C:\Users\Anna\.m2\repository\ch\qos\logback\logback-core\1.2.3\logback-core-1.2.3.jar;C:\Users\Anna\.m2\repository\org\apache\logging\log4j\log4j-to-slf4j\2.12.1\log4j-to-slf4j-2.12.1.jar;C:\Users\Anna\.m2\repository\org\apache\logging\log4j\log4j-api\2.12.1\log4j-api-2.12.1.jar;C:\Users\Anna\.m2\repository\org\slf4j\jul-to-slf4j\1.7.30\jul-to-slf4j-1.7.30.jar;C:\Users\Anna\.m2\repository\jakarta\annotation\jakarta.annotation-api\1.3.5\jakarta.annotation-api-1.3.5.jar;C:\Users\Anna\.m2\repository\org\springframework\spring-core\5.2.3.RELEASE\spring-core-5.2.3.RELEASE.jar;C:\Users\Anna\.m2\repository\org\springframework\spring-jcl\5.2.3.RELEASE\spring-jcl-5.2.3.RELEASE.jar;C:\Users\Anna\.m2\repository\org\yaml\snakeyaml\1.25\snakeyaml-1.25.jar;C:\Users\Anna\.m2\repository\org\springframework\boot\spring-boot-starter-json\2.2.3.RELEASE\spring-boot-starter-json-2.2.3.RELEASE.jar;C:\Users\Anna\.m2\repository\com\fasterxml\jackson\core\jackson-databind\2.10.2\jackson-databind-2.10.2.jar;C:\Users\Anna\.m2\repository\com\fasterxml\jackson\core\jackson-annotations\2.10.2\jackson-annotations-2.10.2.jar;C:\Users\Anna\.m2\repository\com\fasterxml\jackson\core\jackson
Launcher Type: SUN_STANDARD

[Global flags]
     bool BytecodeVerificationLocal                = false                                     {product} {command line}
     bool BytecodeVerificationRemote               = false                                     {product} {command line}
     intx CICompilerCount                          = 3                                         {product} {ergonomic}
     uint ConcGCThreads                            = 1                                         {product} {ergonomic}
     uint G1ConcRefinementThreads                  = 4                                         {product} {ergonomic}
   size_t G1HeapRegionSize                         = 1048576                                   {product} {ergonomic}
    uintx GCDrainStackTargetSize                   = 64                                        {product} {ergonomic}
   size_t InitialHeapSize                          = 134217728                                 {product} {ergonomic}
   size_t MarkStackSize                            = 4194304                                   {product} {ergonomic}
   size_t MaxHeapSize                              = 2122317824                                {product} {ergonomic}
   size_t MaxNewSize                               = 1272971264                                {product} {ergonomic}
   size_t MinHeapDeltaBytes                        = 1048576                                   {product} {ergonomic}
    uintx NonNMethodCodeHeapSize                   = 6973028                                {pd product} {ergonomic}
    uintx NonProfiledCodeHeapSize                  = 244685212                              {pd product} {ergonomic}
    uintx ProfiledCodeHeapSize                     = 0                                      {pd product} {ergonomic}
    uintx ReservedCodeCacheSize                    = 251658240                              {pd product} {ergonomic}
     bool SegmentedCodeCache                       = true                                      {product} {ergonomic}
     intx TieredStopAtLevel                        = 1                                         {product} {command line}
     bool UseCompressedClassPointers               = true                                 {lp64_product} {ergonomic}
     bool UseCompressedOops                        = true                                 {lp64_product} {ergonomic}
     bool UseG1GC                                  = true                                      {product} {ergonomic}
     bool UseLargePagesIndividualAllocation        = false                                  {pd product} {ergonomic}

Logging:
Log output configuration:
 #0: stdout all=warning uptime,level,tags
 #1: stderr all=off uptime,level,tags

Environment Variables:
JAVA_HOME=C:\Program Files\Java\jdk-11.0.5
PATH=C:\Program Files\Java\jdk-11.0.5\bin;C:\Program Files\Java\jdk1.8.0_121\bin;C:\Program Files (x86)\Common Files\Oracle\Java\javapath;C:\Program Files (x86)\Intel\iCLS Client\;C:\ProgramData\Oracle\Java\javapath;C:\Program Files\Intel\iCLS Client\;C:\WINDOWS\system32;C:\WINDOWS;C:\WINDOWS\System32\Wbem;C:\WINDOWS\System32\WindowsPowerShell\v1.0\;C:\Program Files\Intel\IntelSGXPSW\bin\x64\Release\;C:\Program Files\Intel\IntelSGXPSW\bin\win32\Release\;C:\Program Files\Hewlett-Packard\SimplePass\;C:\MinGW\bin;C:\MinGW\var\cache\mingw-get\packages\make-3.82.90-2-mingw32-cvs-20120902-bin.tar\make-3.82.90-2-mingw32-cvs-20120902-bin\bin;C:\Program Files\MySQL\MySQL Utilities 1.6\;C:\Users\Anna\sisc-1.16.6;C:\Program Files (x86)\Intel\Intel(R) Management Engine Components\DAL;C:\Program Files\Intel\Intel(R) Management Engine Components\DAL;C:\Program Files (x86)\Intel\Intel(R) Management Engine Components\IPT;C:\Program Files\Intel\Intel(R) Management Engine Components\IPT;C:\WINDOWS\System32\OpenSSH\;C:\Program Files\MATLAB\R2018b\bin;C:\Program Files\Intel\WiFi\bin\;C:\Program Files\Common Files\Intel\WirelessCommon\;C:\Program Files (x86)\PuTTY\;C:\ProgramData\chocolatey\bin;C:\ProgramData\chocolatey\lib\maven\apache-maven-3.6.3\bin;C:\Users\Anna\AppData\Local\GitHub\PortableGit_f02737a78695063deace08e96d5042710d3e32db\cmd;C:\Program Files\MySQL\MySQL Shell 8.0\bin\;C:\Ruby24-x64\bin;C:\Users\Anna\AppData\Local\Microsoft\WindowsApps
USERNAME=Anna
OS=Windows_NT
PROCESSOR_IDENTIFIER=Intel64 Family 6 Model 78 Stepping 3, GenuineIntel



---------------  S Y S T E M  ---------------

OS: Windows 10 , 64 bit Build 17134 (10.0.17134.706)

CPU:total 4 (initial active 4) (2 cores per cpu, 2 threads per core) family 6 model 78 stepping 3, cmov, cx8, fxsr, mmx, sse, sse2, sse3, ssse3, sse4.1, sse4.2, popcnt, avx, avx2, aes, clmul, erms, 3dnowpref, lzcnt, ht, tsc, tscinvbit, bmi1, bmi2, adx, fma

Memory: 4k page, system-wide physical 8090M (662M free)
TotalPageFile size 32666M (AvailPageFile size 7M)
current process WorkingSet (physical memory assigned to process): 176M, peak: 176M
current process commit charge ("private bytes"): 246M, peak: 272M

vm_info: Java HotSpot(TM) 64-Bit Server VM (11.0.5+10-LTS) for windows-amd64 JRE (11.0.5+10-LTS), built on Oct  6 2019 12:37:14 by "mach5one" with MS VC++ 15.5 (VS2017)

END.
