#
# There is insufficient memory for the Java Runtime Environment to continue.
# Native memory allocation (malloc) failed to allocate 1705936 bytes for Chunk::new
# Possible reasons:
#   The system is out of physical RAM or swap space
#   The process is running with CompressedOops enabled, and the Java Heap may be blocking the growth of the native heap
# Possible solutions:
#   Reduce memory load on the system
#   Increase physical memory or swap space
#   Check if swap backing store is full
#   Decrease Java heap size (-Xmx/-Xms)
#   Decrease number of Java threads
#   Decrease Java thread stack sizes (-Xss)
#   Set larger code cache with -XX:ReservedCodeCacheSize=
#   JVM is running with Unscaled Compressed Oops mode in which the Java heap is
#     placed in the first 4GB address space. The Java Heap base address is the
#     maximum limit for the native heap growth. Please use -XX:HeapBaseMinAddress
#     to set the Java Heap base and to place the Java Heap above 4GB virtual address.
# This output file may be truncated or incomplete.
#
#  Out of Memory Error (t:/workspace/open/src/hotspot/share/memory/arena.cpp:197), pid=11752, tid=19408
#
# JRE version: Java(TM) SE Runtime Environment (11.0.5+10) (build 11.0.5+10-LTS)
# Java VM: Java HotSpot(TM) 64-Bit Server VM (11.0.5+10-LTS, mixed mode, tiered, compressed oops, g1 gc, windows-amd64)
# No core dump will be written. Minidumps are not enabled by default on client versions of Windows
#

---------------  S U M M A R Y ------------

Command Line: -Dmaven.multiModuleProjectDirectory=C:\Users\Anna\IdeaProjects\ZeroDayFinal -Dmaven.home=C:\ProgramData\chocolatey\lib\maven\apache-maven-3.6.3 -Dclassworlds.conf=C:\ProgramData\chocolatey\lib\maven\apache-maven-3.6.3\bin\m2.conf -Dmaven.ext.class.path=C:\Program Files\JetBrains\IntelliJ IDEA 2019.3.2\plugins\maven\lib\maven-event-listener.jar -javaagent:C:\Program Files\JetBrains\IntelliJ IDEA 2019.3.2\lib\idea_rt.jar=59393:C:\Program Files\JetBrains\IntelliJ IDEA 2019.3.2\bin -Dfile.encoding=UTF-8 org.codehaus.classworlds.Launcher -Didea.version2019.3.2 spring-boot:run

Host: Intel(R) Core(TM) i5-6200U CPU @ 2.30GHz, 4 cores, 7G,  Windows 10 , 64 bit Build 17134 (10.0.17134.706)
Time: Mon Mar  9 22:20:01 2020 GMT Standard Time elapsed time: 16 seconds (0d 0h 0m 16s)

---------------  T H R E A D  ---------------

Current thread (0x0000020448afc800):  JavaThread "C2 CompilerThread0" daemon [_thread_in_native, id=19408, stack(0x0000000cf8500000,0x0000000cf8600000)]


Current CompileTask:
C2:  16560 6396   !   4       com.google.inject.spi.InjectionPoint::getInjectionPoints (489 bytes)

Stack: [0x0000000cf8500000,0x0000000cf8600000]
Native frames: (J=compiled Java code, j=interpreted, Vv=VM code, C=native code)
V  [jvm.dll+0x63611a]
V  [jvm.dll+0x77426f]
V  [jvm.dll+0x77591a]
V  [jvm.dll+0x775fd3]
V  [jvm.dll+0x25e608]
V  [jvm.dll+0xc1f31]
V  [jvm.dll+0xc24bc]
V  [jvm.dll+0x36db27]
V  [jvm.dll+0x1a9701]
V  [jvm.dll+0x218592]
V  [jvm.dll+0x21762a]
V  [jvm.dll+0x1941bc]
V  [jvm.dll+0x226684]
V  [jvm.dll+0x224c78]
V  [jvm.dll+0x7396cd]
V  [jvm.dll+0x6351c2]
C  [ucrtbase.dll+0x1e3fe]
C  [KERNEL32.DLL+0x14034]
C  [ntdll.dll+0x73691]


---------------  P R O C E S S  ---------------

Threads class SMR info:
_java_thread_list=0x000002044aa62060, length=12, elements={
0x000002042a745800, 0x0000020448adf000, 0x0000020448ae9000, 0x0000020448afa000,
0x0000020448afb000, 0x0000020448afc800, 0x0000020448b00800, 0x0000020449446000,
0x0000020448a6d000, 0x00000204496c4000, 0x000002044976f000, 0x000002044c747000
}

Java Threads: ( => current thread )
  0x000002042a745800 JavaThread "main" [_thread_in_native, id=9244, stack(0x0000000cf7a00000,0x0000000cf7b00000)]
  0x0000020448adf000 JavaThread "Reference Handler" daemon [_thread_blocked, id=11272, stack(0x0000000cf8100000,0x0000000cf8200000)]
  0x0000020448ae9000 JavaThread "Finalizer" daemon [_thread_blocked, id=9480, stack(0x0000000cf8200000,0x0000000cf8300000)]
  0x0000020448afa000 JavaThread "Signal Dispatcher" daemon [_thread_blocked, id=14240, stack(0x0000000cf8300000,0x0000000cf8400000)]
  0x0000020448afb000 JavaThread "Attach Listener" daemon [_thread_blocked, id=17340, stack(0x0000000cf8400000,0x0000000cf8500000)]
=>0x0000020448afc800 JavaThread "C2 CompilerThread0" daemon [_thread_in_native, id=19408, stack(0x0000000cf8500000,0x0000000cf8600000)]
  0x0000020448b00800 JavaThread "C1 CompilerThread0" daemon [_thread_blocked, id=16408, stack(0x0000000cf8600000,0x0000000cf8700000)]
  0x0000020449446000 JavaThread "Sweeper thread" daemon [_thread_blocked, id=18288, stack(0x0000000cf8700000,0x0000000cf8800000)]
  0x0000020448a6d000 JavaThread "Common-Cleaner" daemon [_thread_blocked, id=17604, stack(0x0000000cf8800000,0x0000000cf8900000)]
  0x00000204496c4000 JavaThread "Monitor Ctrl-Break" daemon [_thread_in_native, id=18076, stack(0x0000000cf8a00000,0x0000000cf8b00000)]
  0x000002044976f000 JavaThread "Service Thread" daemon [_thread_blocked, id=7324, stack(0x0000000cf8b00000,0x0000000cf8c00000)]
  0x000002044c747000 JavaThread "C2 CompilerThread1" daemon [_thread_blocked, id=2872, stack(0x0000000cf9000000,0x0000000cf9100000)]

Other Threads:
  0x0000020448ab4000 VMThread "VM Thread" [stack: 0x0000000cf8000000,0x0000000cf8100000] [id=10552]
  0x0000020449770000 WatcherThread [stack: 0x0000000cf8c00000,0x0000000cf8d00000] [id=10832]
  0x000002042a75c800 GCTaskThread "GC Thread#0" [stack: 0x0000000cf7b00000,0x0000000cf7c00000] [id=300]
  0x0000020449fcf800 GCTaskThread "GC Thread#1" [stack: 0x0000000cf8900000,0x0000000cf8a00000] [id=4136]
  0x0000020449de5000 GCTaskThread "GC Thread#2" [stack: 0x0000000cf8d00000,0x0000000cf8e00000] [id=17908]
  0x000002042a788000 ConcurrentGCThread "G1 Main Marker" [stack: 0x0000000cf7c00000,0x0000000cf7d00000] [id=12188]
  0x000002042a789000 ConcurrentGCThread "G1 Conc#0" [stack: 0x0000000cf7d00000,0x0000000cf7e00000] [id=9108]
  0x0000020448920800 ConcurrentGCThread "G1 Refine#0" [stack: 0x0000000cf7e00000,0x0000000cf7f00000] [id=11224]
  0x000002044983c000 ConcurrentGCThread "G1 Refine#1" [stack: 0x0000000cf8e00000,0x0000000cf8f00000] [id=9876]
  0x0000020449eae800 ConcurrentGCThread "G1 Refine#2" [stack: 0x0000000cf8f00000,0x0000000cf9000000] [id=508]
  0x0000020448921800 ConcurrentGCThread "G1 Young RemSet Sampling" [stack: 0x0000000cf7f00000,0x0000000cf8000000] [id=13016]

Threads with active compile tasks:
C2 CompilerThread06396   !   4       com.google.inject.spi.InjectionPoint::getInjectionPoints (489 bytes)

VM state:not at safepoint (normal execution)

VM Mutex/Monitor currently owned by a thread: None

Heap address: 0x0000000081800000, size: 2024 MB, Compressed Oops mode: 32-bit
Narrow klass base: 0x0000000000000000, Narrow klass shift: 3
Compressed class space size: 1073741824 Address: 0x0000000100000000

Heap:
 garbage-first heap   total 157696K, used 51038K [0x0000000081800000, 0x0000000100000000)
  region size 1024K, 12 young (12288K), 2 survivors (2048K)
 Metaspace       used 36259K, capacity 37101K, committed 37148K, reserved 1083392K
  class space    used 3845K, capacity 4173K, committed 4204K, reserved 1048576K
Heap Regions: E=young(eden), S=young(survivor), O=old, HS=humongous(starts), HC=humongous(continues), CS=collection set, F=free, A=archive, TAMS=top-at-mark-start (previous, next)
|   0|0x0000000081800000, 0x0000000081900000, 0x0000000081900000|100%| O|  |TAMS 0x0000000081900000, 0x0000000081800000| Untracked 
|   1|0x0000000081900000, 0x0000000081a00000, 0x0000000081a00000|100%| O|  |TAMS 0x0000000081a00000, 0x0000000081900000| Untracked 
|   2|0x0000000081a00000, 0x0000000081b00000, 0x0000000081b00000|100%| O|  |TAMS 0x0000000081b00000, 0x0000000081a00000| Untracked 
|   3|0x0000000081b00000, 0x0000000081c00000, 0x0000000081c00000|100%| O|  |TAMS 0x0000000081c00000, 0x0000000081b00000| Untracked 
|   4|0x0000000081c00000, 0x0000000081d00000, 0x0000000081d00000|100%| O|  |TAMS 0x0000000081d00000, 0x0000000081c00000| Untracked 
|   5|0x0000000081d00000, 0x0000000081e00000, 0x0000000081e00000|100%| O|  |TAMS 0x0000000081e00000, 0x0000000081d00000| Untracked 
|   6|0x0000000081e00000, 0x0000000081f00000, 0x0000000081f00000|100%| O|  |TAMS 0x0000000081f00000, 0x0000000081e00000| Untracked 
|   7|0x0000000081f00000, 0x0000000082000000, 0x0000000082000000|100%| O|  |TAMS 0x0000000082000000, 0x0000000081f00000| Untracked 
|   8|0x0000000082000000, 0x0000000082100000, 0x0000000082100000|100%| O|  |TAMS 0x0000000082100000, 0x0000000082000000| Untracked 
|   9|0x0000000082100000, 0x0000000082200000, 0x0000000082200000|100%|HS|  |TAMS 0x0000000082200000, 0x0000000082100000| Complete 
|  10|0x0000000082200000, 0x0000000082300000, 0x0000000082300000|100%| O|  |TAMS 0x0000000082300000, 0x0000000082200000| Untracked 
|  11|0x0000000082300000, 0x0000000082400000, 0x0000000082400000|100%| O|  |TAMS 0x0000000082400000, 0x0000000082300000| Untracked 
|  12|0x0000000082400000, 0x0000000082500000, 0x0000000082500000|100%| O|  |TAMS 0x0000000082500000, 0x0000000082400000| Untracked 
|  13|0x0000000082500000, 0x0000000082600000, 0x0000000082600000|100%| O|  |TAMS 0x0000000082600000, 0x0000000082500000| Untracked 
|  14|0x0000000082600000, 0x0000000082700000, 0x0000000082700000|100%| O|  |TAMS 0x0000000082700000, 0x0000000082600000| Untracked 
|  15|0x0000000082700000, 0x0000000082800000, 0x0000000082800000|100%| O|  |TAMS 0x0000000082800000, 0x0000000082700000| Untracked 
|  16|0x0000000082800000, 0x0000000082900000, 0x0000000082900000|100%| O|  |TAMS 0x0000000082900000, 0x0000000082800000| Untracked 
|  17|0x0000000082900000, 0x0000000082a00000, 0x0000000082a00000|100%| O|  |TAMS 0x0000000082a00000, 0x0000000082900000| Untracked 
|  18|0x0000000082a00000, 0x0000000082b00000, 0x0000000082b00000|100%| O|  |TAMS 0x0000000082b00000, 0x0000000082a00000| Untracked 
|  19|0x0000000082b00000, 0x0000000082c00000, 0x0000000082c00000|100%| O|  |TAMS 0x0000000082c00000, 0x0000000082b00000| Untracked 
|  20|0x0000000082c00000, 0x0000000082d00000, 0x0000000082d00000|100%| O|  |TAMS 0x0000000082d00000, 0x0000000082c00000| Untracked 
|  21|0x0000000082d00000, 0x0000000082e00000, 0x0000000082e00000|100%| O|  |TAMS 0x0000000082e00000, 0x0000000082d00000| Untracked 
|  22|0x0000000082e00000, 0x0000000082f00000, 0x0000000082f00000|100%| O|  |TAMS 0x0000000082f00000, 0x0000000082e00000| Untracked 
|  23|0x0000000082f00000, 0x0000000083000000, 0x0000000083000000|100%| O|  |TAMS 0x0000000083000000, 0x0000000082f00000| Untracked 
|  24|0x0000000083000000, 0x0000000083100000, 0x0000000083100000|100%| O|  |TAMS 0x0000000083100000, 0x0000000083000000| Untracked 
|  25|0x0000000083100000, 0x0000000083200000, 0x0000000083200000|100%| O|  |TAMS 0x0000000083200000, 0x0000000083100000| Untracked 
|  26|0x0000000083200000, 0x0000000083300000, 0x0000000083300000|100%| O|  |TAMS 0x0000000083300000, 0x0000000083200000| Untracked 
|  27|0x0000000083300000, 0x0000000083400000, 0x0000000083400000|100%| O|  |TAMS 0x0000000083400000, 0x0000000083300000| Untracked 
|  28|0x0000000083400000, 0x0000000083500000, 0x0000000083500000|100%| O|  |TAMS 0x0000000083500000, 0x0000000083400000| Untracked 
|  29|0x0000000083500000, 0x0000000083600000, 0x0000000083600000|100%| O|  |TAMS 0x0000000083600000, 0x0000000083500000| Untracked 
|  30|0x0000000083600000, 0x0000000083700000, 0x0000000083700000|100%| O|  |TAMS 0x0000000083700000, 0x0000000083600000| Untracked 
|  31|0x0000000083700000, 0x0000000083800000, 0x0000000083800000|100%| O|  |TAMS 0x0000000083800000, 0x0000000083700000| Untracked 
|  32|0x0000000083800000, 0x0000000083900000, 0x0000000083900000|100%| O|  |TAMS 0x0000000083900000, 0x0000000083800000| Untracked 
|  33|0x0000000083900000, 0x0000000083a00000, 0x0000000083a00000|100%| O|  |TAMS 0x0000000083a00000, 0x0000000083900000| Untracked 
|  34|0x0000000083a00000, 0x0000000083b00000, 0x0000000083b00000|100%| O|  |TAMS 0x0000000083b00000, 0x0000000083a00000| Untracked 
|  35|0x0000000083b00000, 0x0000000083c00000, 0x0000000083c00000|100%| O|  |TAMS 0x0000000083c00000, 0x0000000083b00000| Untracked 
|  36|0x0000000083c00000, 0x0000000083d00000, 0x0000000083d00000|100%| O|  |TAMS 0x0000000083d00000, 0x0000000083c00000| Untracked 
|  37|0x0000000083d00000, 0x0000000083e00000, 0x0000000083e00000|100%| O|  |TAMS 0x0000000083e00000, 0x0000000083d00000| Untracked 
|  38|0x0000000083e00000, 0x0000000083f00000, 0x0000000083f00000|100%| O|  |TAMS 0x0000000083f00000, 0x0000000083e00000| Untracked 
|  39|0x0000000083f00000, 0x0000000083f00000, 0x0000000084000000|  0%| F|  |TAMS 0x0000000083f00000, 0x0000000083f00000| Untracked 
|  40|0x0000000084000000, 0x0000000084000000, 0x0000000084100000|  0%| F|  |TAMS 0x0000000084000000, 0x0000000084000000| Untracked 
|  41|0x0000000084100000, 0x0000000084100000, 0x0000000084200000|  0%| F|  |TAMS 0x0000000084100000, 0x0000000084100000| Untracked 
|  42|0x0000000084200000, 0x0000000084200000, 0x0000000084300000|  0%| F|  |TAMS 0x0000000084200000, 0x0000000084200000| Untracked 
|  43|0x0000000084300000, 0x0000000084300000, 0x0000000084400000|  0%| F|  |TAMS 0x0000000084300000, 0x0000000084300000| Untracked 
|  44|0x0000000084400000, 0x0000000084400000, 0x0000000084500000|  0%| F|  |TAMS 0x0000000084400000, 0x0000000084400000| Untracked 
|  45|0x0000000084500000, 0x0000000084500000, 0x0000000084600000|  0%| F|  |TAMS 0x0000000084500000, 0x0000000084500000| Untracked 
|  46|0x0000000084600000, 0x0000000084600000, 0x0000000084700000|  0%| F|  |TAMS 0x0000000084600000, 0x0000000084600000| Untracked 
|  47|0x0000000084700000, 0x0000000084700000, 0x0000000084800000|  0%| F|  |TAMS 0x0000000084700000, 0x0000000084700000| Untracked 
|  48|0x0000000084800000, 0x0000000084800000, 0x0000000084900000|  0%| F|  |TAMS 0x0000000084800000, 0x0000000084800000| Untracked 
|  49|0x0000000084900000, 0x0000000084900000, 0x0000000084a00000|  0%| F|  |TAMS 0x0000000084900000, 0x0000000084900000| Untracked 
|  50|0x0000000084a00000, 0x0000000084a00000, 0x0000000084b00000|  0%| F|  |TAMS 0x0000000084a00000, 0x0000000084a00000| Untracked 
|  51|0x0000000084b00000, 0x0000000084b00000, 0x0000000084c00000|  0%| F|  |TAMS 0x0000000084b00000, 0x0000000084b00000| Untracked 
|  52|0x0000000084c00000, 0x0000000084c00000, 0x0000000084d00000|  0%| F|  |TAMS 0x0000000084c00000, 0x0000000084c00000| Untracked 
|  53|0x0000000084d00000, 0x0000000084d00000, 0x0000000084e00000|  0%| F|  |TAMS 0x0000000084d00000, 0x0000000084d00000| Untracked 
|  54|0x0000000084e00000, 0x0000000084e00000, 0x0000000084f00000|  0%| F|  |TAMS 0x0000000084e00000, 0x0000000084e00000| Untracked 
|  55|0x0000000084f00000, 0x0000000084f00000, 0x0000000085000000|  0%| F|  |TAMS 0x0000000084f00000, 0x0000000084f00000| Untracked 
|  56|0x0000000085000000, 0x0000000085000000, 0x0000000085100000|  0%| F|  |TAMS 0x0000000085000000, 0x0000000085000000| Untracked 
|  57|0x0000000085100000, 0x0000000085100000, 0x0000000085200000|  0%| F|  |TAMS 0x0000000085100000, 0x0000000085100000| Untracked 
|  58|0x0000000085200000, 0x0000000085200000, 0x0000000085300000|  0%| F|  |TAMS 0x0000000085200000, 0x0000000085200000| Untracked 
|  59|0x0000000085300000, 0x0000000085300000, 0x0000000085400000|  0%| F|  |TAMS 0x0000000085300000, 0x0000000085300000| Untracked 
|  60|0x0000000085400000, 0x0000000085400000, 0x0000000085500000|  0%| F|  |TAMS 0x0000000085400000, 0x0000000085400000| Untracked 
|  61|0x0000000085500000, 0x0000000085500000, 0x0000000085600000|  0%| F|  |TAMS 0x0000000085500000, 0x0000000085500000| Untracked 
|  62|0x0000000085600000, 0x0000000085600000, 0x0000000085700000|  0%| F|  |TAMS 0x0000000085600000, 0x0000000085600000| Untracked 
|  63|0x0000000085700000, 0x0000000085700000, 0x0000000085800000|  0%| F|  |TAMS 0x0000000085700000, 0x0000000085700000| Untracked 
|  64|0x0000000085800000, 0x0000000085800000, 0x0000000085900000|  0%| F|  |TAMS 0x0000000085800000, 0x0000000085800000| Untracked 
|  65|0x0000000085900000, 0x0000000085900000, 0x0000000085a00000|  0%| F|  |TAMS 0x0000000085900000, 0x0000000085900000| Untracked 
|  66|0x0000000085a00000, 0x0000000085a00000, 0x0000000085b00000|  0%| F|  |TAMS 0x0000000085a00000, 0x0000000085a00000| Untracked 
|  67|0x0000000085b00000, 0x0000000085b00000, 0x0000000085c00000|  0%| F|  |TAMS 0x0000000085b00000, 0x0000000085b00000| Untracked 
|  68|0x0000000085c00000, 0x0000000085c00000, 0x0000000085d00000|  0%| F|  |TAMS 0x0000000085c00000, 0x0000000085c00000| Untracked 
|  69|0x0000000085d00000, 0x0000000085d00000, 0x0000000085e00000|  0%| F|  |TAMS 0x0000000085d00000, 0x0000000085d00000| Untracked 
|  70|0x0000000085e00000, 0x0000000085e00000, 0x0000000085f00000|  0%| F|  |TAMS 0x0000000085e00000, 0x0000000085e00000| Untracked 
|  71|0x0000000085f00000, 0x0000000085f00000, 0x0000000086000000|  0%| F|  |TAMS 0x0000000085f00000, 0x0000000085f00000| Untracked 
|  72|0x0000000086000000, 0x0000000086000000, 0x0000000086100000|  0%| F|  |TAMS 0x0000000086000000, 0x0000000086000000| Untracked 
|  73|0x0000000086100000, 0x0000000086100000, 0x0000000086200000|  0%| F|  |TAMS 0x0000000086100000, 0x0000000086100000| Untracked 
|  74|0x0000000086200000, 0x0000000086200000, 0x0000000086300000|  0%| F|  |TAMS 0x0000000086200000, 0x0000000086200000| Untracked 
|  75|0x0000000086300000, 0x0000000086300000, 0x0000000086400000|  0%| F|  |TAMS 0x0000000086300000, 0x0000000086300000| Untracked 
|  76|0x0000000086400000, 0x0000000086400000, 0x0000000086500000|  0%| F|  |TAMS 0x0000000086400000, 0x0000000086400000| Untracked 
|  77|0x0000000086500000, 0x0000000086500000, 0x0000000086600000|  0%| F|  |TAMS 0x0000000086500000, 0x0000000086500000| Untracked 
|  78|0x0000000086600000, 0x0000000086600000, 0x0000000086700000|  0%| F|  |TAMS 0x0000000086600000, 0x0000000086600000| Untracked 
|  79|0x0000000086700000, 0x0000000086700000, 0x0000000086800000|  0%| F|  |TAMS 0x0000000086700000, 0x0000000086700000| Untracked 
|  80|0x0000000086800000, 0x0000000086800000, 0x0000000086900000|  0%| F|  |TAMS 0x0000000086800000, 0x0000000086800000| Untracked 
|  81|0x0000000086900000, 0x0000000086900000, 0x0000000086a00000|  0%| F|  |TAMS 0x0000000086900000, 0x0000000086900000| Untracked 
|  82|0x0000000086a00000, 0x0000000086a00000, 0x0000000086b00000|  0%| F|  |TAMS 0x0000000086a00000, 0x0000000086a00000| Untracked 
|  83|0x0000000086b00000, 0x0000000086b00000, 0x0000000086c00000|  0%| F|  |TAMS 0x0000000086b00000, 0x0000000086b00000| Untracked 
|  84|0x0000000086c00000, 0x0000000086c00000, 0x0000000086d00000|  0%| F|  |TAMS 0x0000000086c00000, 0x0000000086c00000| Untracked 
|  85|0x0000000086d00000, 0x0000000086d00000, 0x0000000086e00000|  0%| F|  |TAMS 0x0000000086d00000, 0x0000000086d00000| Untracked 
|  86|0x0000000086e00000, 0x0000000086e00000, 0x0000000086f00000|  0%| F|  |TAMS 0x0000000086e00000, 0x0000000086e00000| Untracked 
|  87|0x0000000086f00000, 0x0000000086f00000, 0x0000000087000000|  0%| F|  |TAMS 0x0000000086f00000, 0x0000000086f00000| Untracked 
|  88|0x0000000087000000, 0x0000000087000000, 0x0000000087100000|  0%| F|  |TAMS 0x0000000087000000, 0x0000000087000000| Untracked 
|  89|0x0000000087100000, 0x0000000087100000, 0x0000000087200000|  0%| F|  |TAMS 0x0000000087100000, 0x0000000087100000| Untracked 
|  90|0x0000000087200000, 0x0000000087200000, 0x0000000087300000|  0%| F|  |TAMS 0x0000000087200000, 0x0000000087200000| Untracked 
|  91|0x0000000087300000, 0x0000000087300000, 0x0000000087400000|  0%| F|  |TAMS 0x0000000087300000, 0x0000000087300000| Untracked 
|  92|0x0000000087400000, 0x0000000087400000, 0x0000000087500000|  0%| F|  |TAMS 0x0000000087400000, 0x0000000087400000| Untracked 
|  93|0x0000000087500000, 0x0000000087500000, 0x0000000087600000|  0%| F|  |TAMS 0x0000000087500000, 0x0000000087500000| Untracked 
|  94|0x0000000087600000, 0x0000000087600000, 0x0000000087700000|  0%| F|  |TAMS 0x0000000087600000, 0x0000000087600000| Untracked 
|  95|0x0000000087700000, 0x0000000087700000, 0x0000000087800000|  0%| F|  |TAMS 0x0000000087700000, 0x0000000087700000| Untracked 
|  96|0x0000000087800000, 0x0000000087800000, 0x0000000087900000|  0%| F|  |TAMS 0x0000000087800000, 0x0000000087800000| Untracked 
|  97|0x0000000087900000, 0x0000000087900000, 0x0000000087a00000|  0%| F|  |TAMS 0x0000000087900000, 0x0000000087900000| Untracked 
|  98|0x0000000087a00000, 0x0000000087a00000, 0x0000000087b00000|  0%| F|  |TAMS 0x0000000087a00000, 0x0000000087a00000| Untracked 
|  99|0x0000000087b00000, 0x0000000087b00000, 0x0000000087c00000|  0%| F|  |TAMS 0x0000000087b00000, 0x0000000087b00000| Untracked 
| 100|0x0000000087c00000, 0x0000000087c00000, 0x0000000087d00000|  0%| F|  |TAMS 0x0000000087c00000, 0x0000000087c00000| Untracked 
| 101|0x0000000087d00000, 0x0000000087d00000, 0x0000000087e00000|  0%| F|  |TAMS 0x0000000087d00000, 0x0000000087d00000| Untracked 
| 102|0x0000000087e00000, 0x0000000087e00000, 0x0000000087f00000|  0%| F|  |TAMS 0x0000000087e00000, 0x0000000087e00000| Untracked 
| 103|0x0000000087f00000, 0x0000000087f00000, 0x0000000088000000|  0%| F|  |TAMS 0x0000000087f00000, 0x0000000087f00000| Untracked 
| 104|0x0000000088000000, 0x0000000088000000, 0x0000000088100000|  0%| F|  |TAMS 0x0000000088000000, 0x0000000088000000| Untracked 
| 105|0x0000000088100000, 0x0000000088100000, 0x0000000088200000|  0%| F|  |TAMS 0x0000000088100000, 0x0000000088100000| Untracked 
| 106|0x0000000088200000, 0x0000000088200000, 0x0000000088300000|  0%| F|  |TAMS 0x0000000088200000, 0x0000000088200000| Untracked 
| 107|0x0000000088300000, 0x0000000088300000, 0x0000000088400000|  0%| F|  |TAMS 0x0000000088300000, 0x0000000088300000| Untracked 
| 108|0x0000000088400000, 0x0000000088400000, 0x0000000088500000|  0%| F|  |TAMS 0x0000000088400000, 0x0000000088400000| Untracked 
| 109|0x0000000088500000, 0x0000000088500000, 0x0000000088600000|  0%| F|  |TAMS 0x0000000088500000, 0x0000000088500000| Untracked 
| 110|0x0000000088600000, 0x0000000088600000, 0x0000000088700000|  0%| F|  |TAMS 0x0000000088600000, 0x0000000088600000| Untracked 
| 111|0x0000000088700000, 0x0000000088700000, 0x0000000088800000|  0%| F|  |TAMS 0x0000000088700000, 0x0000000088700000| Untracked 
| 112|0x0000000088800000, 0x0000000088800000, 0x0000000088900000|  0%| F|  |TAMS 0x0000000088800000, 0x0000000088800000| Untracked 
| 113|0x0000000088900000, 0x0000000088900000, 0x0000000088a00000|  0%| F|  |TAMS 0x0000000088900000, 0x0000000088900000| Untracked 
| 114|0x0000000088a00000, 0x0000000088a00000, 0x0000000088b00000|  0%| F|  |TAMS 0x0000000088a00000, 0x0000000088a00000| Untracked 
| 115|0x0000000088b00000, 0x0000000088b00000, 0x0000000088c00000|  0%| F|  |TAMS 0x0000000088b00000, 0x0000000088b00000| Untracked 
| 116|0x0000000088c00000, 0x0000000088c00000, 0x0000000088d00000|  0%| F|  |TAMS 0x0000000088c00000, 0x0000000088c00000| Untracked 
| 117|0x0000000088d00000, 0x0000000088d00000, 0x0000000088e00000|  0%| F|  |TAMS 0x0000000088d00000, 0x0000000088d00000| Untracked 
| 118|0x0000000088e00000, 0x0000000088e00000, 0x0000000088f00000|  0%| F|  |TAMS 0x0000000088e00000, 0x0000000088e00000| Untracked 
| 119|0x0000000088f00000, 0x0000000088f00000, 0x0000000089000000|  0%| F|  |TAMS 0x0000000088f00000, 0x0000000088f00000| Untracked 
| 120|0x0000000089000000, 0x0000000089000000, 0x0000000089100000|  0%| F|  |TAMS 0x0000000089000000, 0x0000000089000000| Untracked 
| 121|0x0000000089100000, 0x0000000089100000, 0x0000000089200000|  0%| F|  |TAMS 0x0000000089100000, 0x0000000089100000| Untracked 
| 122|0x0000000089200000, 0x0000000089200000, 0x0000000089300000|  0%| F|  |TAMS 0x0000000089200000, 0x0000000089200000| Untracked 
| 123|0x0000000089300000, 0x0000000089300000, 0x0000000089400000|  0%| F|  |TAMS 0x0000000089300000, 0x0000000089300000| Untracked 
| 124|0x0000000089400000, 0x0000000089400000, 0x0000000089500000|  0%| F|  |TAMS 0x0000000089400000, 0x0000000089400000| Untracked 
| 125|0x0000000089500000, 0x0000000089500000, 0x0000000089600000|  0%| F|  |TAMS 0x0000000089500000, 0x0000000089500000| Untracked 
| 126|0x0000000089600000, 0x0000000089600000, 0x0000000089700000|  0%| F|  |TAMS 0x0000000089600000, 0x0000000089600000| Untracked 
| 127|0x0000000089700000, 0x0000000089700000, 0x0000000089800000|  0%| F|  |TAMS 0x0000000089700000, 0x0000000089700000| Untracked 
| 128|0x0000000089800000, 0x0000000089800000, 0x0000000089900000|  0%| F|  |TAMS 0x0000000089800000, 0x0000000089800000| Untracked 
| 129|0x0000000089900000, 0x0000000089900000, 0x0000000089a00000|  0%| F|  |TAMS 0x0000000089900000, 0x0000000089900000| Untracked 
| 130|0x0000000089a00000, 0x0000000089a00000, 0x0000000089b00000|  0%| F|  |TAMS 0x0000000089a00000, 0x0000000089a00000| Untracked 
| 131|0x0000000089b00000, 0x0000000089b00000, 0x0000000089c00000|  0%| F|  |TAMS 0x0000000089b00000, 0x0000000089b00000| Untracked 
| 132|0x0000000089c00000, 0x0000000089c00000, 0x0000000089d00000|  0%| F|  |TAMS 0x0000000089c00000, 0x0000000089c00000| Untracked 
| 133|0x0000000089d00000, 0x0000000089d00000, 0x0000000089e00000|  0%| F|  |TAMS 0x0000000089d00000, 0x0000000089d00000| Untracked 
| 134|0x0000000089e00000, 0x0000000089e00000, 0x0000000089f00000|  0%| F|  |TAMS 0x0000000089e00000, 0x0000000089e00000| Untracked 
| 135|0x0000000089f00000, 0x0000000089f00000, 0x000000008a000000|  0%| F|  |TAMS 0x0000000089f00000, 0x0000000089f00000| Untracked 
| 136|0x000000008a000000, 0x000000008a000000, 0x000000008a100000|  0%| F|  |TAMS 0x000000008a000000, 0x000000008a000000| Untracked 
| 137|0x000000008a100000, 0x000000008a100000, 0x000000008a200000|  0%| F|  |TAMS 0x000000008a100000, 0x000000008a100000| Untracked 
| 138|0x000000008a200000, 0x000000008a2d7820, 0x000000008a300000| 84%| S|CS|TAMS 0x000000008a200000, 0x000000008a200000| Complete 
| 139|0x000000008a300000, 0x000000008a400000, 0x000000008a400000|100%| S|CS|TAMS 0x000000008a300000, 0x000000008a300000| Complete 
| 140|0x000000008a400000, 0x000000008a400000, 0x000000008a500000|  0%| F|  |TAMS 0x000000008a400000, 0x000000008a400000| Untracked 
| 141|0x000000008a500000, 0x000000008a500000, 0x000000008a600000|  0%| F|  |TAMS 0x000000008a500000, 0x000000008a500000| Untracked 
| 142|0x000000008a600000, 0x000000008a600000, 0x000000008a700000|  0%| F|  |TAMS 0x000000008a600000, 0x000000008a600000| Untracked 
| 143|0x000000008a700000, 0x000000008a700000, 0x000000008a800000|  0%| F|  |TAMS 0x000000008a700000, 0x000000008a700000| Untracked 
| 144|0x000000008a800000, 0x000000008a900000, 0x000000008a900000|100%| E|  |TAMS 0x000000008a800000, 0x000000008a800000| Complete 
| 145|0x000000008a900000, 0x000000008aa00000, 0x000000008aa00000|100%| E|CS|TAMS 0x000000008a900000, 0x000000008a900000| Complete 
| 146|0x000000008aa00000, 0x000000008ab00000, 0x000000008ab00000|100%| E|CS|TAMS 0x000000008aa00000, 0x000000008aa00000| Complete 
| 147|0x000000008ab00000, 0x000000008ac00000, 0x000000008ac00000|100%| E|CS|TAMS 0x000000008ab00000, 0x000000008ab00000| Complete 
| 148|0x000000008ac00000, 0x000000008ad00000, 0x000000008ad00000|100%| E|CS|TAMS 0x000000008ac00000, 0x000000008ac00000| Complete 
| 149|0x000000008ad00000, 0x000000008ae00000, 0x000000008ae00000|100%| E|CS|TAMS 0x000000008ad00000, 0x000000008ad00000| Complete 
| 150|0x000000008ae00000, 0x000000008af00000, 0x000000008af00000|100%| E|CS|TAMS 0x000000008ae00000, 0x000000008ae00000| Complete 
| 151|0x000000008af00000, 0x000000008b000000, 0x000000008b000000|100%| E|CS|TAMS 0x000000008af00000, 0x000000008af00000| Complete 
| 152|0x000000008b000000, 0x000000008b100000, 0x000000008b100000|100%| E|CS|TAMS 0x000000008b000000, 0x000000008b000000| Complete 
| 153|0x000000008b100000, 0x000000008b200000, 0x000000008b200000|100%| E|CS|TAMS 0x000000008b100000, 0x000000008b100000| Complete 

Card table byte_map: [0x0000020441ea0000,0x00000204422a0000] _byte_map_base: 0x0000020441a94000

Marking Bits (Prev, Next): (CMBitMap*) 0x000002042a77f238, (CMBitMap*) 0x000002042a77f270
 Prev Bits: [0x00000204426a0000, 0x0000020444640000)
 Next Bits: [0x0000020444640000, 0x00000204465e0000)

Polling page: 0x0000020428630000

Metaspace:

Usage:
  Non-class:     32.16 MB capacity,    31.65 MB ( 98%) used,   445.63 KB (  1%) free+waste,    68.44 KB ( <1%) overhead. 
      Class:      4.08 MB capacity,     3.76 MB ( 92%) used,   297.90 KB (  7%) free+waste,    29.19 KB ( <1%) overhead. 
       Both:     36.23 MB capacity,    35.41 MB ( 98%) used,   743.53 KB (  2%) free+waste,    97.63 KB ( <1%) overhead. 

Virtual space:
  Non-class space:       34.00 MB reserved,      32.17 MB ( 95%) committed 
      Class space:        1.00 GB reserved,       4.11 MB ( <1%) committed 
             Both:        1.03 GB reserved,      36.28 MB (  3%) committed 

Chunk freelists:
   Non-Class:  2.00 KB
       Class:  2.38 KB
        Both:  4.38 KB

CodeHeap 'non-profiled nmethods': size=120064Kb used=3318Kb max_used=3833Kb free=116745Kb
 bounds [0x000002043a560000, 0x000002043a920000, 0x0000020441aa0000]
CodeHeap 'profiled nmethods': size=120000Kb used=13499Kb max_used=15750Kb free=106500Kb
 bounds [0x0000020433030000, 0x0000020433fa0000, 0x000002043a560000]
CodeHeap 'non-nmethods': size=5696Kb used=1145Kb max_used=1190Kb free=4550Kb
 bounds [0x0000020432aa0000, 0x0000020432d10000, 0x0000020433030000]
 total_blobs=8602 nmethods=5663 adapters=388
 compilation: enabled
              stopped_count=0, restarted_count=0
 full_count=0

Compilation events (10 events):
Event: 16.217 Thread 0x0000020448b00800 6448       3       jdk.internal.org.objectweb.asm.AnnotationWriter::<init> (34 bytes)
Event: 16.217 Thread 0x0000020448b00800 nmethod 6448 0x0000020433080a10 code [0x0000020433080be0, 0x0000020433080f50]
Event: 16.217 Thread 0x0000020448b00800 6449       3       jdk.internal.org.objectweb.asm.AnnotationVisitor::<init> (7 bytes)
Event: 16.218 Thread 0x0000020448b00800 nmethod 6449 0x0000020433087e10 code [0x0000020433087fe0, 0x0000020433088370]
Event: 16.218 Thread 0x0000020448b00800 6456       3       jdk.internal.org.objectweb.asm.Type::getType (269 bytes)
Event: 16.219 Thread 0x0000020448b00800 nmethod 6456 0x00000204330b1490 code [0x00000204330b16e0, 0x00000204330b2338]
Event: 16.219 Thread 0x0000020448b00800 6451       3       jdk.internal.org.objectweb.asm.AnnotationWriter::visitEnd (43 bytes)
Event: 16.219 Thread 0x0000020448b00800 nmethod 6451 0x0000020433084410 code [0x00000204330845c0, 0x00000204330847b8]
Event: 16.219 Thread 0x0000020448b00800 6450       3       jdk.internal.org.objectweb.asm.AnnotationVisitor::<init> (35 bytes)
Event: 16.219 Thread 0x0000020448b00800 nmethod 6450 0x0000020433087110 code [0x00000204330872e0, 0x0000020433087630]

GC Heap History (10 events):
Event: 7.541 GC heap before
{Heap before GC invocations=6 (full 0):
 garbage-first heap   total 131072K, used 78175K [0x0000000081800000, 0x0000000100000000)
  region size 1024K, 71 young (72704K), 7 survivors (7168K)
 Metaspace       used 23346K, capacity 23745K, committed 24112K, reserved 1071104K
  class space    used 2408K, capacity 2570K, committed 2688K, reserved 1048576K
}
Event: 7.563 GC heap after
{Heap after GC invocations=7 (full 0):
 garbage-first heap   total 131072K, used 17727K [0x0000000081800000, 0x0000000100000000)
  region size 1024K, 9 young (9216K), 9 survivors (9216K)
 Metaspace       used 23346K, capacity 23745K, committed 24112K, reserved 1071104K
  class space    used 2408K, capacity 2570K, committed 2688K, reserved 1048576K
}
Event: 8.853 GC heap before
{Heap before GC invocations=7 (full 0):
 garbage-first heap   total 131072K, used 85311K [0x0000000081800000, 0x0000000100000000)
  region size 1024K, 74 young (75776K), 9 survivors (9216K)
 Metaspace       used 30692K, capacity 31300K, committed 31408K, reserved 1077248K
  class space    used 3273K, capacity 3500K, committed 3584K, reserved 1048576K
}
Event: 8.872 GC heap after
{Heap after GC invocations=8 (full 0):
 garbage-first heap   total 131072K, used 24240K [0x0000000081800000, 0x0000000100000000)
  region size 1024K, 10 young (10240K), 10 survivors (10240K)
 Metaspace       used 30692K, capacity 31300K, committed 31408K, reserved 1077248K
  class space    used 3273K, capacity 3500K, committed 3584K, reserved 1048576K
}
Event: 10.109 GC heap before
{Heap before GC invocations=8 (full 0):
 garbage-first heap   total 131072K, used 89776K [0x0000000081800000, 0x0000000100000000)
  region size 1024K, 74 young (75776K), 10 survivors (10240K)
 Metaspace       used 31900K, capacity 32522K, committed 32816K, reserved 1079296K
  class space    used 3368K, capacity 3588K, committed 3712K, reserved 1048576K
}
Event: 10.131 GC heap after
{Heap after GC invocations=9 (full 0):
 garbage-first heap   total 157696K, used 34812K [0x0000000081800000, 0x0000000100000000)
  region size 1024K, 10 young (10240K), 10 survivors (10240K)
 Metaspace       used 31900K, capacity 32522K, committed 32816K, reserved 1079296K
  class space    used 3368K, capacity 3588K, committed 3712K, reserved 1048576K
}
Event: 15.044 GC heap before
{Heap before GC invocations=9 (full 0):
 garbage-first heap   total 157696K, used 103420K [0x0000000081800000, 0x0000000100000000)
  region size 1024K, 77 young (78848K), 10 survivors (10240K)
 Metaspace       used 34574K, capacity 35332K, committed 35632K, reserved 1081344K
  class space    used 3603K, capacity 3879K, committed 3968K, reserved 1048576K
}
Event: 15.066 GC heap after
{Heap after GC invocations=10 (full 0):
 garbage-first heap   total 157696K, used 40902K [0x0000000081800000, 0x0000000100000000)
  region size 1024K, 7 young (7168K), 7 survivors (7168K)
 Metaspace       used 34574K, capacity 35332K, committed 35632K, reserved 1081344K
  class space    used 3603K, capacity 3879K, committed 3968K, reserved 1048576K
}
Event: 15.666 GC heap before
{Heap before GC invocations=10 (full 0):
 garbage-first heap   total 157696K, used 53190K [0x0000000081800000, 0x0000000100000000)
  region size 1024K, 21 young (21504K), 7 survivors (7168K)
 Metaspace       used 35069K, capacity 35810K, committed 35888K, reserved 1081344K
  class space    used 3670K, capacity 3953K, committed 3968K, reserved 1048576K
}
Event: 15.679 GC heap after
{Heap after GC invocations=11 (full 0):
 garbage-first heap   total 157696K, used 42334K [0x0000000081800000, 0x0000000100000000)
  region size 1024K, 2 young (2048K), 2 survivors (2048K)
 Metaspace       used 35069K, capacity 35810K, committed 35888K, reserved 1081344K
  class space    used 3670K, capacity 3953K, committed 3968K, reserved 1048576K
}

Deoptimization events (10 events):
Event: 15.636 Thread 0x000002042a745800 Uncommon trap: reason=class_check action=maybe_recompile pc=0x000002043a910e54 method=java.lang.Throwable.<init>(Ljava/lang/String;Ljava/lang/Throwable;)V @ 24 c2
Event: 15.637 Thread 0x000002042a745800 Uncommon trap: reason=class_check action=maybe_recompile pc=0x000002043a910e54 method=java.lang.Throwable.<init>(Ljava/lang/String;Ljava/lang/Throwable;)V @ 24 c2
Event: 15.642 Thread 0x000002042a745800 Uncommon trap: reason=unstable_if action=reinterpret pc=0x000002043a85d7fc method=java.lang.StringLatin1.lastIndexOf([BI[BII)I @ 86 c2
Event: 15.661 Thread 0x000002042a745800 Uncommon trap: reason=unstable_if action=reinterpret pc=0x000002043a864b50 method=java.lang.StringLatin1.lastIndexOf([BI[BII)I @ 86 c2
Event: 15.691 Thread 0x000002042a745800 Uncommon trap: reason=unstable_if action=reinterpret pc=0x000002043a841d20 method=java.lang.StringLatin1.lastIndexOf([BI[BII)I @ 86 c2
Event: 15.700 Thread 0x000002042a745800 Uncommon trap: reason=class_check action=maybe_recompile pc=0x000002043a910e54 method=java.lang.Throwable.<init>(Ljava/lang/String;Ljava/lang/Throwable;)V @ 24 c2
Event: 15.905 Thread 0x000002042a745800 Uncommon trap: reason=unstable_if action=reinterpret pc=0x000002043a6246ec method=com.google.inject.internal.MoreTypes.canonicalize(Ljava/lang/reflect/Type;)Ljava/lang/reflect/Type; @ 16 c2
Event: 15.906 Thread 0x000002042a745800 Uncommon trap: reason=unstable_if action=reinterpret pc=0x000002043a626e34 method=com.google.inject.internal.MoreTypes.canonicalize(Ljava/lang/reflect/Type;)Ljava/lang/reflect/Type; @ 16 c2
Event: 16.196 Thread 0x000002042a745800 Uncommon trap: reason=class_check action=maybe_recompile pc=0x000002043a6b7584 method=java.util.Collections$UnmodifiableMap.size()I @ 4 c2
Event: 16.223 Thread 0x000002042a745800 Uncommon trap: reason=class_check action=maybe_recompile pc=0x000002043a71e3b0 method=java.util.Hashtable.get(Ljava/lang/Object;)Ljava/lang/Object; @ 6 c2

Classes redefined (0 events):
No events

Internal exceptions (10 events):
Event: 15.845 Thread 0x000002042a745800 Exception <a 'java/lang/NoClassDefFoundError'{0x000000008ac8f250}: org/sonatype/aether/artifact/Artifact> (0x000000008ac8f250) thrown at [t:/workspace/open/src/hotspot/share/classfile/systemDictionary.cpp, line 220]
Event: 15.859 Thread 0x000002042a745800 Exception <a 'java/lang/NoClassDefFoundError'{0x000000008ab631b0}: org/sonatype/aether/installation/InstallationException> (0x000000008ab631b0) thrown at [t:/workspace/open/src/hotspot/share/classfile/systemDictionary.cpp, line 220]
Event: 15.866 Thread 0x000002042a745800 Exception <a 'java/lang/NoClassDefFoundError'{0x000000008ab98310}: org/sonatype/aether/collection/DependencyCollectionException> (0x000000008ab98310) thrown at [t:/workspace/open/src/hotspot/share/classfile/systemDictionary.cpp, line 220]
Event: 15.868 Thread 0x000002042a745800 Exception <a 'java/lang/NoClassDefFoundError'{0x000000008abc3a10}: org/sonatype/aether/resolution/ArtifactDescriptorException> (0x000000008abc3a10) thrown at [t:/workspace/open/src/hotspot/share/classfile/systemDictionary.cpp, line 220]
Event: 16.211 Thread 0x000002042a745800 Exception <a 'java/lang/NoSuchMethodError'{0x000000008a8c8be8}: java.lang.invoke.DirectMethodHandle$Holder.invokeStatic(Ljava/lang/Object;J)V> (0x000000008a8c8be8) thrown at [t:/workspace/open/src/hotspot/share/interpreter/linkResolver.cpp, line 772]
Event: 16.213 Thread 0x000002042a745800 Exception <a 'java/lang/NoSuchMethodError'{0x000000008a8cddf8}: java.lang.invoke.DirectMethodHandle$Holder.invokeStatic(Ljava/lang/Object;J)Ljava/lang/Object;> (0x000000008a8cddf8) thrown at [t:/workspace/open/src/hotspot/share/interpreter/linkResolver.cp
Event: 16.214 Thread 0x000002042a745800 Exception <a 'java/lang/NoSuchMethodError'{0x000000008a8d3ed0}: java.lang.invoke.Invokers$Holder.linkToTargetMethod(JLjava/lang/Object;)Ljava/lang/Object;> (0x000000008a8d3ed0) thrown at [t:/workspace/open/src/hotspot/share/interpreter/linkResolver.cpp, l
Event: 16.216 Thread 0x000002042a745800 Exception <a 'java/lang/NoSuchMethodError'{0x000000008a8dc4e8}: java.lang.invoke.DirectMethodHandle$Holder.invokeStaticInit(Ljava/lang/Object;Ljava/lang/Object;JLjava/lang/Object;)Ljava/lang/Object;> (0x000000008a8dc4e8) thrown at [t:/workspace/open/src/h
Event: 16.217 Thread 0x000002042a745800 Exception <a 'java/lang/NoSuchMethodError'{0x000000008a8e2408}: java.lang.invoke.DirectMethodHandle$Holder.invokeStatic(Ljava/lang/Object;Ljava/lang/Object;J)Ljava/lang/Object;> (0x000000008a8e2408) thrown at [t:/workspace/open/src/hotspot/share/interpret
Event: 16.218 Thread 0x000002042a745800 Exception <a 'java/lang/NoSuchMethodError'{0x000000008a8e86d8}: java.lang.invoke.Invokers$Holder.linkToTargetMethod(Ljava/lang/Object;JLjava/lang/Object;)Ljava/lang/Object;> (0x000000008a8e86d8) thrown at [t:/workspace/open/src/hotspot/share/interpreter/l

Events (10 events):
Event: 16.222 loading class sun/misc/Signal done
Event: 16.222 loading class sun/misc/SignalHandler
Event: 16.222 loading class sun/misc/SignalHandler done
Event: 16.222 loading class sun/misc/Signal$InternalMiscHandler
Event: 16.222 loading class sun/misc/Signal$InternalMiscHandler done
Event: 16.222 loading class sun/misc/Signal$SunMiscHandler
Event: 16.223 loading class sun/misc/Signal$SunMiscHandler done
Event: 16.223 Thread 0x000002042a745800 Uncommon trap: trap_request=0xffffffde fr.pc=0x000002043a71e3b0 relative=0x0000000000000470
Event: 16.223 Thread 0x000002042a745800 DEOPT PACKING pc=0x000002043a71e3b0 sp=0x0000000cf7afdac0
Event: 16.223 Thread 0x000002042a745800 DEOPT UNPACKING pc=0x0000020432ac8f2f sp=0x0000000cf7afda70 mode 2


Dynamic libraries:
0x00007ff7605f0000 - 0x00007ff760637000 	C:\Program Files\Java\jdk-11.0.5\bin\java.exe
0x00007fff6c5e0000 - 0x00007fff6c7c1000 	C:\WINDOWS\SYSTEM32\ntdll.dll
0x00007fff64130000 - 0x00007fff64145000 	C:\Program Files\AVAST Software\Avast\aswhook.dll
0x00007fff6c0e0000 - 0x00007fff6c191000 	C:\WINDOWS\System32\KERNEL32.DLL
0x00007fff68cb0000 - 0x00007fff68f23000 	C:\WINDOWS\System32\KERNELBASE.dll
0x00007fff6c380000 - 0x00007fff6c421000 	C:\WINDOWS\System32\ADVAPI32.dll
0x00007fff6c030000 - 0x00007fff6c0ce000 	C:\WINDOWS\System32\msvcrt.dll
0x00007fff69b10000 - 0x00007fff69b6b000 	C:\WINDOWS\System32\sechost.dll
0x00007fff6bf00000 - 0x00007fff6c024000 	C:\WINDOWS\System32\RPCRT4.dll
0x00007fff6bbd0000 - 0x00007fff6bd60000 	C:\WINDOWS\System32\USER32.dll
0x00007fff68f30000 - 0x00007fff68f50000 	C:\WINDOWS\System32\win32u.dll
0x00007fff69a70000 - 0x00007fff69a98000 	C:\WINDOWS\System32\GDI32.dll
0x00007fff69880000 - 0x00007fff69a12000 	C:\WINDOWS\System32\gdi32full.dll
0x00007fff68f50000 - 0x00007fff68fef000 	C:\WINDOWS\System32\msvcp_win.dll
0x00007fff68ff0000 - 0x00007fff690e8000 	C:\WINDOWS\System32\ucrtbase.dll
0x00007fff5ad70000 - 0x00007fff5afd9000 	C:\WINDOWS\WinSxS\amd64_microsoft.windows.common-controls_6595b64144ccf1df_6.0.17134.706_none_fb43a2cb30647007\COMCTL32.dll
0x00007fff6b610000 - 0x00007fff6b932000 	C:\WINDOWS\System32\combase.dll
0x00007fff690f0000 - 0x00007fff6916a000 	C:\WINDOWS\System32\bcryptPrimitives.dll
0x00007fff617e0000 - 0x00007fff617ea000 	C:\WINDOWS\SYSTEM32\VERSION.dll
0x00007fff6c580000 - 0x00007fff6c5ad000 	C:\WINDOWS\System32\IMM32.DLL
0x00007fff631c0000 - 0x00007fff631d6000 	C:\Program Files\Java\jdk-11.0.5\bin\vcruntime140.dll
0x00007fff468c0000 - 0x00007fff4696a000 	C:\Program Files\Java\jdk-11.0.5\bin\msvcp140.dll
0x00007fff13740000 - 0x00007fff14268000 	C:\Program Files\Java\jdk-11.0.5\bin\server\jvm.dll
0x00007fff6c570000 - 0x00007fff6c578000 	C:\WINDOWS\System32\PSAPI.DLL
0x00007fff54550000 - 0x00007fff54559000 	C:\WINDOWS\SYSTEM32\WSOCK32.dll
0x00007fff6bb60000 - 0x00007fff6bbcc000 	C:\WINDOWS\System32\WS2_32.dll
0x00007fff622a0000 - 0x00007fff622c3000 	C:\WINDOWS\SYSTEM32\WINMM.dll
0x00007fff62250000 - 0x00007fff6227a000 	C:\WINDOWS\SYSTEM32\WINMMBASE.dll
0x00007fff69a20000 - 0x00007fff69a69000 	C:\WINDOWS\System32\cfgmgr32.dll
0x00007fff68990000 - 0x00007fff689a1000 	C:\WINDOWS\System32\kernel.appcore.dll
0x00007fff600b0000 - 0x00007fff600c1000 	C:\Program Files\Java\jdk-11.0.5\bin\verify.dll
0x00007fff67300000 - 0x00007fff674c9000 	C:\WINDOWS\SYSTEM32\DBGHELP.DLL
0x00007fff61570000 - 0x00007fff61599000 	C:\WINDOWS\SYSTEM32\dbgcore.DLL
0x00007fff5b7c0000 - 0x00007fff5b7e9000 	C:\Program Files\Java\jdk-11.0.5\bin\java.dll
0x00007fff5b240000 - 0x00007fff5b26f000 	C:\Program Files\Java\jdk-11.0.5\bin\instrument.dll
0x00007fff5fb30000 - 0x00007fff5fb46000 	C:\Program Files\Java\jdk-11.0.5\bin\zip.dll
0x00007fff640b0000 - 0x00007fff640ba000 	C:\Program Files\Java\jdk-11.0.5\bin\jimage.dll
0x00007fff6a1d0000 - 0x00007fff6b610000 	C:\WINDOWS\System32\SHELL32.dll
0x00007fff69b70000 - 0x00007fff69c19000 	C:\WINDOWS\System32\shcore.dll
0x00007fff69170000 - 0x00007fff6987d000 	C:\WINDOWS\System32\windows.storage.dll
0x00007fff6c320000 - 0x00007fff6c371000 	C:\WINDOWS\System32\shlwapi.dll
0x00007fff688f0000 - 0x00007fff6890f000 	C:\WINDOWS\System32\profapi.dll
0x00007fff68930000 - 0x00007fff6897c000 	C:\WINDOWS\System32\powrprof.dll
0x00007fff68980000 - 0x00007fff6898a000 	C:\WINDOWS\System32\FLTLIB.DLL
0x00007fff5db50000 - 0x00007fff5db69000 	C:\Program Files\Java\jdk-11.0.5\bin\net.dll
0x00007fff62530000 - 0x00007fff6260d000 	C:\WINDOWS\SYSTEM32\WINHTTP.dll
0x00007fff68110000 - 0x00007fff68176000 	C:\WINDOWS\system32\mswsock.dll
0x00007fff5a740000 - 0x00007fff5a753000 	C:\Program Files\Java\jdk-11.0.5\bin\nio.dll
0x00007fff5a720000 - 0x00007fff5a73a000 	C:\Program Files\JetBrains\IntelliJ IDEA 2019.3.2\bin\breakgen64.dll
0x00007fff682c0000 - 0x00007fff682d7000 	C:\WINDOWS\SYSTEM32\CRYPTSP.dll
0x00007fff67cf0000 - 0x00007fff67d23000 	C:\WINDOWS\system32\rsaenh.dll
0x00007fff683f0000 - 0x00007fff68415000 	C:\WINDOWS\SYSTEM32\bcrypt.dll
0x00007fff687f0000 - 0x00007fff68818000 	C:\WINDOWS\SYSTEM32\USERENV.dll
0x00007fff682e0000 - 0x00007fff682eb000 	C:\WINDOWS\SYSTEM32\CRYPTBASE.dll
0x00007fff67e90000 - 0x00007fff67ec8000 	C:\WINDOWS\SYSTEM32\IPHLPAPI.DLL
0x00007fff69b00000 - 0x00007fff69b08000 	C:\WINDOWS\System32\NSI.dll
0x00007fff62990000 - 0x00007fff629a6000 	C:\WINDOWS\SYSTEM32\dhcpcsvc6.DLL
0x00007fff62970000 - 0x00007fff6298a000 	C:\WINDOWS\SYSTEM32\dhcpcsvc.DLL
0x00007fff64720000 - 0x00007fff6472a000 	C:\Users\Anna\AppData\Local\Temp\jansi-1.17.1-8027248069398179784.dll
0x00007fff64120000 - 0x00007fff6412a000 	C:\Users\Anna\AppData\Local\Temp\jansi-1.17.1-17971883895142125512.dll

dbghelp: loaded successfully - version: 4.0.5 - missing functions: none
symbol engine: initialized successfully - sym options: 0x614 - pdb path: .;C:\Program Files\Java\jdk-11.0.5\bin;C:\WINDOWS\SYSTEM32;C:\Program Files\AVAST Software\Avast;C:\WINDOWS\WinSxS\amd64_microsoft.windows.common-controls_6595b64144ccf1df_6.0.17134.706_none_fb43a2cb30647007;C:\Program Files\Java\jdk-11.0.5\bin\server;C:\Program Files\JetBrains\IntelliJ IDEA 2019.3.2\bin;C:\Users\Anna\AppData\Local\Temp

VM Arguments:
jvm_args: -Dmaven.multiModuleProjectDirectory=C:\Users\Anna\IdeaProjects\ZeroDayFinal -Dmaven.home=C:\ProgramData\chocolatey\lib\maven\apache-maven-3.6.3 -Dclassworlds.conf=C:\ProgramData\chocolatey\lib\maven\apache-maven-3.6.3\bin\m2.conf -Dmaven.ext.class.path=C:\Program Files\JetBrains\IntelliJ IDEA 2019.3.2\plugins\maven\lib\maven-event-listener.jar -javaagent:C:\Program Files\JetBrains\IntelliJ IDEA 2019.3.2\lib\idea_rt.jar=59393:C:\Program Files\JetBrains\IntelliJ IDEA 2019.3.2\bin -Dfile.encoding=UTF-8 
java_command: org.codehaus.classworlds.Launcher -Didea.version2019.3.2 spring-boot:run
java_class_path (initial): C:\ProgramData\chocolatey\lib\maven\apache-maven-3.6.3\boot\plexus-classworlds-2.6.0.jar;C:\ProgramData\chocolatey\lib\maven\apache-maven-3.6.3\boot\plexus-classworlds.license
Launcher Type: SUN_STANDARD

[Global flags]
     intx CICompilerCount                          = 3                                         {product} {ergonomic}
     uint ConcGCThreads                            = 1                                         {product} {ergonomic}
     uint G1ConcRefinementThreads                  = 4                                         {product} {ergonomic}
   size_t G1HeapRegionSize                         = 1048576                                   {product} {ergonomic}
    uintx GCDrainStackTargetSize                   = 64                                        {product} {ergonomic}
   size_t InitialHeapSize                          = 134217728                                 {product} {ergonomic}
   size_t MarkStackSize                            = 4194304                                   {product} {ergonomic}
   size_t MaxHeapSize                              = 2122317824                                {product} {ergonomic}
   size_t MaxNewSize                               = 1272971264                                {product} {ergonomic}
   size_t MinHeapDeltaBytes                        = 1048576                                   {product} {ergonomic}
    uintx NonNMethodCodeHeapSize                   = 5830732                                {pd product} {ergonomic}
    uintx NonProfiledCodeHeapSize                  = 122913754                              {pd product} {ergonomic}
    uintx ProfiledCodeHeapSize                     = 122913754                              {pd product} {ergonomic}
    uintx ReservedCodeCacheSize                    = 251658240                              {pd product} {ergonomic}
     bool SegmentedCodeCache                       = true                                      {product} {ergonomic}
     bool UseCompressedClassPointers               = true                                 {lp64_product} {ergonomic}
     bool UseCompressedOops                        = true                                 {lp64_product} {ergonomic}
     bool UseG1GC                                  = true                                      {product} {ergonomic}
     bool UseLargePagesIndividualAllocation        = false                                  {pd product} {ergonomic}

Logging:
Log output configuration:
 #0: stdout all=warning uptime,level,tags
 #1: stderr all=off uptime,level,tags

Environment Variables:
JAVA_HOME=C:\Program Files\Java\jdk-11.0.5
PATH=C:\Program Files\Java\jdk-11.0.5\bin;C:\Program Files\Java\jdk1.8.0_121\bin;C:\Program Files (x86)\Common Files\Oracle\Java\javapath;C:\Program Files (x86)\Intel\iCLS Client\;C:\ProgramData\Oracle\Java\javapath;C:\Program Files\Intel\iCLS Client\;C:\WINDOWS\system32;C:\WINDOWS;C:\WINDOWS\System32\Wbem;C:\WINDOWS\System32\WindowsPowerShell\v1.0\;C:\Program Files\Intel\IntelSGXPSW\bin\x64\Release\;C:\Program Files\Intel\IntelSGXPSW\bin\win32\Release\;C:\Program Files\Hewlett-Packard\SimplePass\;C:\MinGW\bin;C:\MinGW\var\cache\mingw-get\packages\make-3.82.90-2-mingw32-cvs-20120902-bin.tar\make-3.82.90-2-mingw32-cvs-20120902-bin\bin;C:\Program Files\MySQL\MySQL Utilities 1.6\;C:\Users\Anna\sisc-1.16.6;C:\Program Files (x86)\Intel\Intel(R) Management Engine Components\DAL;C:\Program Files\Intel\Intel(R) Management Engine Components\DAL;C:\Program Files (x86)\Intel\Intel(R) Management Engine Components\IPT;C:\Program Files\Intel\Intel(R) Management Engine Components\IPT;C:\WINDOWS\System32\OpenSSH\;C:\Program Files\MATLAB\R2018b\bin;C:\Program Files\Intel\WiFi\bin\;C:\Program Files\Common Files\Intel\WirelessCommon\;C:\Program Files (x86)\PuTTY\;C:\ProgramData\chocolatey\bin;C:\ProgramData\chocolatey\lib\maven\apache-maven-3.6.3\bin;C:\Users\Anna\AppData\Local\GitHub\PortableGit_f02737a78695063deace08e96d5042710d3e32db\cmd;C:\Program Files\MySQL\MySQL Shell 8.0\bin\;C:\Ruby24-x64\bin;C:\Users\Anna\AppData\Local\Microsoft\WindowsApps
USERNAME=Anna
OS=Windows_NT
PROCESSOR_IDENTIFIER=Intel64 Family 6 Model 78 Stepping 3, GenuineIntel



---------------  S Y S T E M  ---------------

OS: Windows 10 , 64 bit Build 17134 (10.0.17134.706)

CPU:total 4 (initial active 4) (2 cores per cpu, 2 threads per core) family 6 model 78 stepping 3, cmov, cx8, fxsr, mmx, sse, sse2, sse3, ssse3, sse4.1, sse4.2, popcnt, avx, avx2, aes, clmul, erms, 3dnowpref, lzcnt, ht, tsc, tscinvbit, bmi1, bmi2, adx, fma

Memory: 4k page, system-wide physical 8090M (888M free)
TotalPageFile size 32666M (AvailPageFile size 5M)
current process WorkingSet (physical memory assigned to process): 282M, peak: 285M
current process commit charge ("private bytes"): 317M, peak: 326M

vm_info: Java HotSpot(TM) 64-Bit Server VM (11.0.5+10-LTS) for windows-amd64 JRE (11.0.5+10-LTS), built on Oct  6 2019 12:37:14 by "mach5one" with MS VC++ 15.5 (VS2017)

END.
