#
# There is insufficient memory for the Java Runtime Environment to continue.
# Native memory allocation (malloc) failed to allocate 1174736 bytes for Chunk::new
# Possible reasons:
#   The system is out of physical RAM or swap space
#   The process is running with CompressedOops enabled, and the Java Heap may be blocking the growth of the native heap
# Possible solutions:
#   Reduce memory load on the system
#   Increase physical memory or swap space
#   Check if swap backing store is full
#   Decrease Java heap size (-Xmx/-Xms)
#   Decrease number of Java threads
#   Decrease Java thread stack sizes (-Xss)
#   Set larger code cache with -XX:ReservedCodeCacheSize=
#   JVM is running with Unscaled Compressed Oops mode in which the Java heap is
#     placed in the first 4GB address space. The Java Heap base address is the
#     maximum limit for the native heap growth. Please use -XX:HeapBaseMinAddress
#     to set the Java Heap base and to place the Java Heap above 4GB virtual address.
# This output file may be truncated or incomplete.
#
#  Out of Memory Error (t:/workspace/open/src/hotspot/share/memory/arena.cpp:197), pid=2632, tid=17164
#
# JRE version: Java(TM) SE Runtime Environment (11.0.5+10) (build 11.0.5+10-LTS)
# Java VM: Java HotSpot(TM) 64-Bit Server VM (11.0.5+10-LTS, mixed mode, tiered, compressed oops, g1 gc, windows-amd64)
# No core dump will be written. Minidumps are not enabled by default on client versions of Windows
#

---------------  S U M M A R Y ------------

Command Line: -Dmaven.multiModuleProjectDirectory=C:\Users\Anna\IdeaProjects\ZeroDayFinal -Dmaven.home=C:\ProgramData\chocolatey\lib\maven\apache-maven-3.6.3 -Dclassworlds.conf=C:\ProgramData\chocolatey\lib\maven\apache-maven-3.6.3\bin\m2.conf -Dmaven.ext.class.path=C:\Program Files\JetBrains\IntelliJ IDEA 2019.3.2\plugins\maven\lib\maven-event-listener.jar -javaagent:C:\Program Files\JetBrains\IntelliJ IDEA 2019.3.2\lib\idea_rt.jar=59380:C:\Program Files\JetBrains\IntelliJ IDEA 2019.3.2\bin -Dfile.encoding=UTF-8 org.codehaus.classworlds.Launcher -Didea.version2019.3.2 spring-boot:run

Host: Intel(R) Core(TM) i5-6200U CPU @ 2.30GHz, 4 cores, 7G,  Windows 10 , 64 bit Build 17134 (10.0.17134.706)
Time: Mon Mar  9 22:19:16 2020 GMT Standard Time elapsed time: 11 seconds (0d 0h 0m 11s)

---------------  T H R E A D  ---------------

Current thread (0x00000134ce008800):  JavaThread "C2 CompilerThread0" daemon [_thread_in_native, id=17164, stack(0x0000002ea0600000,0x0000002ea0700000)]


Current CompileTask:
C2:  11607 5033   !   4       jdk.internal.loader.BuiltinClassLoader::loadClassOrNull (143 bytes)

Stack: [0x0000002ea0600000,0x0000002ea0700000]
Native frames: (J=compiled Java code, j=interpreted, Vv=VM code, C=native code)
V  [jvm.dll+0x63611a]
V  [jvm.dll+0x77426f]
V  [jvm.dll+0x77591a]
V  [jvm.dll+0x775fd3]
V  [jvm.dll+0x25e608]
V  [jvm.dll+0xc1f31]
V  [jvm.dll+0xc24bc]
V  [jvm.dll+0x2cf5c4]
V  [jvm.dll+0x55278f]
V  [jvm.dll+0x21a5cf]
V  [jvm.dll+0x217506]
V  [jvm.dll+0x1941bc]
V  [jvm.dll+0x226684]
V  [jvm.dll+0x224c78]
V  [jvm.dll+0x7396cd]
V  [jvm.dll+0x6351c2]
C  [ucrtbase.dll+0x1e3fe]
C  [KERNEL32.DLL+0x14034]
C  [ntdll.dll+0x73691]


---------------  P R O C E S S  ---------------

Threads class SMR info:
_java_thread_list=0x00000134d1e72870, length=12, elements={
0x00000134afc4f000, 0x00000134cdfed800, 0x00000134cdff8800, 0x00000134ce952800,
0x00000134ce953000, 0x00000134ce008800, 0x00000134ce00c800, 0x00000134ce011000,
0x00000134cdf82000, 0x00000134ced0e800, 0x00000134ceb5d000, 0x00000134d0507000
}

Java Threads: ( => current thread )
  0x00000134afc4f000 JavaThread "main" [_thread_in_Java, id=5856, stack(0x0000002e9fb00000,0x0000002e9fc00000)]
  0x00000134cdfed800 JavaThread "Reference Handler" daemon [_thread_blocked, id=15208, stack(0x0000002ea0200000,0x0000002ea0300000)]
  0x00000134cdff8800 JavaThread "Finalizer" daemon [_thread_blocked, id=19328, stack(0x0000002ea0300000,0x0000002ea0400000)]
  0x00000134ce952800 JavaThread "Signal Dispatcher" daemon [_thread_blocked, id=8624, stack(0x0000002ea0400000,0x0000002ea0500000)]
  0x00000134ce953000 JavaThread "Attach Listener" daemon [_thread_blocked, id=15796, stack(0x0000002ea0500000,0x0000002ea0600000)]
=>0x00000134ce008800 JavaThread "C2 CompilerThread0" daemon [_thread_in_native, id=17164, stack(0x0000002ea0600000,0x0000002ea0700000)]
  0x00000134ce00c800 JavaThread "C1 CompilerThread0" daemon [_thread_blocked, id=13860, stack(0x0000002ea0700000,0x0000002ea0800000)]
  0x00000134ce011000 JavaThread "Sweeper thread" daemon [_thread_blocked, id=7576, stack(0x0000002ea0800000,0x0000002ea0900000)]
  0x00000134cdf82000 JavaThread "Common-Cleaner" daemon [_thread_blocked, id=18660, stack(0x0000002ea0900000,0x0000002ea0a00000)]
  0x00000134ced0e800 JavaThread "Monitor Ctrl-Break" daemon [_thread_in_native, id=19164, stack(0x0000002ea0a00000,0x0000002ea0b00000)]
  0x00000134ceb5d000 JavaThread "Service Thread" daemon [_thread_blocked, id=8800, stack(0x0000002ea0b00000,0x0000002ea0c00000)]
  0x00000134d0507000 JavaThread "C2 CompilerThread1" daemon [_thread_in_native, id=5016, stack(0x0000002ea1000000,0x0000002ea1100000)]

Other Threads:
  0x00000134cdfc8800 VMThread "VM Thread" [stack: 0x0000002ea0100000,0x0000002ea0200000] [id=12780]
  0x00000134ceb5e000 WatcherThread [stack: 0x0000002ea0c00000,0x0000002ea0d00000] [id=17796]
  0x00000134afc66000 GCTaskThread "GC Thread#0" [stack: 0x0000002e9fc00000,0x0000002e9fd00000] [id=5232]
  0x00000134cf122800 GCTaskThread "GC Thread#1" [stack: 0x0000002ea0d00000,0x0000002ea0e00000] [id=17216]
  0x00000134cf123000 GCTaskThread "GC Thread#2" [stack: 0x0000002ea0e00000,0x0000002ea0f00000] [id=17000]
  0x00000134afc96800 ConcurrentGCThread "G1 Main Marker" [stack: 0x0000002e9fd00000,0x0000002e9fe00000] [id=18020]
  0x00000134afc98000 ConcurrentGCThread "G1 Conc#0" [stack: 0x0000002e9fe00000,0x0000002e9ff00000] [id=6844]
  0x00000134cde30800 ConcurrentGCThread "G1 Refine#0" [stack: 0x0000002e9ff00000,0x0000002ea0000000] [id=12592]
  0x00000134cfc08000 ConcurrentGCThread "G1 Refine#1" [stack: 0x0000002ea0f00000,0x0000002ea1000000] [id=16256]
  0x00000134cde31800 ConcurrentGCThread "G1 Young RemSet Sampling" [stack: 0x0000002ea0000000,0x0000002ea0100000] [id=13220]

Threads with active compile tasks:
C2 CompilerThread05033   !   4       jdk.internal.loader.BuiltinClassLoader::loadClassOrNull (143 bytes)
C2 CompilerThread15232   !   4       com.sun.tools.javac.jvm.ClassReader::classSigToType (498 bytes)

VM state:not at safepoint (normal execution)

VM Mutex/Monitor currently owned by a thread: None

Heap address: 0x0000000081800000, size: 2024 MB, Compressed Oops mode: 32-bit
Narrow klass base: 0x0000000000000000, Narrow klass shift: 3
Compressed class space size: 1073741824 Address: 0x0000000100000000

Heap:
 garbage-first heap   total 157696K, used 55146K [0x0000000081800000, 0x0000000100000000)
  region size 1024K, 31 young (31744K), 10 survivors (10240K)
 Metaspace       used 32533K, capacity 33141K, committed 33328K, reserved 1079296K
  class space    used 3409K, capacity 3643K, committed 3712K, reserved 1048576K
Heap Regions: E=young(eden), S=young(survivor), O=old, HS=humongous(starts), HC=humongous(continues), CS=collection set, F=free, A=archive, TAMS=top-at-mark-start (previous, next)
|   0|0x0000000081800000, 0x0000000081900000, 0x0000000081900000|100%| O|  |TAMS 0x0000000081900000, 0x0000000081800000| Untracked 
|   1|0x0000000081900000, 0x0000000081a00000, 0x0000000081a00000|100%| O|  |TAMS 0x0000000081a00000, 0x0000000081900000| Untracked 
|   2|0x0000000081a00000, 0x0000000081b00000, 0x0000000081b00000|100%| O|  |TAMS 0x0000000081b00000, 0x0000000081a00000| Untracked 
|   3|0x0000000081b00000, 0x0000000081c00000, 0x0000000081c00000|100%| O|  |TAMS 0x0000000081b9ac00, 0x0000000081b00000| Untracked 
|   4|0x0000000081c00000, 0x0000000081d00000, 0x0000000081d00000|100%| O|  |TAMS 0x0000000081c00000, 0x0000000081c00000| Untracked 
|   5|0x0000000081d00000, 0x0000000081e00000, 0x0000000081e00000|100%| O|  |TAMS 0x0000000081d00000, 0x0000000081d00000| Untracked 
|   6|0x0000000081e00000, 0x0000000081f00000, 0x0000000081f00000|100%| O|  |TAMS 0x0000000081e00000, 0x0000000081e00000| Untracked 
|   7|0x0000000081f00000, 0x0000000082000000, 0x0000000082000000|100%| O|  |TAMS 0x0000000081f00000, 0x0000000081f00000| Untracked 
|   8|0x0000000082000000, 0x0000000082100000, 0x0000000082100000|100%| O|  |TAMS 0x0000000082000000, 0x0000000082000000| Untracked 
|   9|0x0000000082100000, 0x0000000082200000, 0x0000000082200000|100%|HS|  |TAMS 0x0000000082100000, 0x0000000082100000| Complete 
|  10|0x0000000082200000, 0x0000000082300000, 0x0000000082300000|100%| O|  |TAMS 0x0000000082200000, 0x0000000082200000| Untracked 
|  11|0x0000000082300000, 0x0000000082400000, 0x0000000082400000|100%| O|  |TAMS 0x0000000082300000, 0x0000000082300000| Untracked 
|  12|0x0000000082400000, 0x0000000082500000, 0x0000000082500000|100%| O|  |TAMS 0x0000000082400000, 0x0000000082400000| Untracked 
|  13|0x0000000082500000, 0x0000000082600000, 0x0000000082600000|100%| O|  |TAMS 0x0000000082500000, 0x0000000082500000| Untracked 
|  14|0x0000000082600000, 0x0000000082700000, 0x0000000082700000|100%| O|  |TAMS 0x0000000082600000, 0x0000000082600000| Untracked 
|  15|0x0000000082700000, 0x0000000082800000, 0x0000000082800000|100%| O|  |TAMS 0x0000000082700000, 0x0000000082700000| Untracked 
|  16|0x0000000082800000, 0x0000000082900000, 0x0000000082900000|100%| O|  |TAMS 0x0000000082800000, 0x0000000082800000| Untracked 
|  17|0x0000000082900000, 0x0000000082a00000, 0x0000000082a00000|100%| O|  |TAMS 0x0000000082900000, 0x0000000082900000| Untracked 
|  18|0x0000000082a00000, 0x0000000082b00000, 0x0000000082b00000|100%|HS|  |TAMS 0x0000000082a00000, 0x0000000082a00000| Complete 
|  19|0x0000000082b00000, 0x0000000082c00000, 0x0000000082c00000|100%| O|  |TAMS 0x0000000082b00000, 0x0000000082b00000| Untracked 
|  20|0x0000000082c00000, 0x0000000082d00000, 0x0000000082d00000|100%| O|  |TAMS 0x0000000082c00000, 0x0000000082c00000| Untracked 
|  21|0x0000000082d00000, 0x0000000082e00000, 0x0000000082e00000|100%| O|  |TAMS 0x0000000082d00000, 0x0000000082d00000| Untracked 
|  22|0x0000000082e00000, 0x0000000082f00000, 0x0000000082f00000|100%| O|  |TAMS 0x0000000082e00000, 0x0000000082e00000| Untracked 
|  23|0x0000000082f00000, 0x0000000082fdaa00, 0x0000000083000000| 85%| O|  |TAMS 0x0000000082f00000, 0x0000000082f00000| Untracked 
|  24|0x0000000083000000, 0x0000000083000000, 0x0000000083100000|  0%| F|  |TAMS 0x0000000083000000, 0x0000000083000000| Untracked 
|  25|0x0000000083100000, 0x0000000083100000, 0x0000000083200000|  0%| F|  |TAMS 0x0000000083100000, 0x0000000083100000| Untracked 
|  26|0x0000000083200000, 0x0000000083200000, 0x0000000083300000|  0%| F|  |TAMS 0x0000000083200000, 0x0000000083200000| Untracked 
|  27|0x0000000083300000, 0x0000000083300000, 0x0000000083400000|  0%| F|  |TAMS 0x0000000083300000, 0x0000000083300000| Untracked 
|  28|0x0000000083400000, 0x0000000083400000, 0x0000000083500000|  0%| F|  |TAMS 0x0000000083400000, 0x0000000083400000| Untracked 
|  29|0x0000000083500000, 0x0000000083500000, 0x0000000083600000|  0%| F|  |TAMS 0x0000000083500000, 0x0000000083500000| Untracked 
|  30|0x0000000083600000, 0x0000000083600000, 0x0000000083700000|  0%| F|  |TAMS 0x0000000083600000, 0x0000000083600000| Untracked 
|  31|0x0000000083700000, 0x0000000083700000, 0x0000000083800000|  0%| F|  |TAMS 0x0000000083700000, 0x0000000083700000| Untracked 
|  32|0x0000000083800000, 0x0000000083800000, 0x0000000083900000|  0%| F|  |TAMS 0x0000000083800000, 0x0000000083800000| Untracked 
|  33|0x0000000083900000, 0x0000000083900000, 0x0000000083a00000|  0%| F|  |TAMS 0x0000000083900000, 0x0000000083900000| Untracked 
|  34|0x0000000083a00000, 0x0000000083a00000, 0x0000000083b00000|  0%| F|  |TAMS 0x0000000083a00000, 0x0000000083a00000| Untracked 
|  35|0x0000000083b00000, 0x0000000083b00000, 0x0000000083c00000|  0%| F|  |TAMS 0x0000000083b00000, 0x0000000083b00000| Untracked 
|  36|0x0000000083c00000, 0x0000000083c00000, 0x0000000083d00000|  0%| F|  |TAMS 0x0000000083c00000, 0x0000000083c00000| Untracked 
|  37|0x0000000083d00000, 0x0000000083d00000, 0x0000000083e00000|  0%| F|  |TAMS 0x0000000083d00000, 0x0000000083d00000| Untracked 
|  38|0x0000000083e00000, 0x0000000083e00000, 0x0000000083f00000|  0%| F|  |TAMS 0x0000000083e00000, 0x0000000083e00000| Untracked 
|  39|0x0000000083f00000, 0x0000000083f00000, 0x0000000084000000|  0%| F|  |TAMS 0x0000000083f00000, 0x0000000083f00000| Untracked 
|  40|0x0000000084000000, 0x0000000084000000, 0x0000000084100000|  0%| F|  |TAMS 0x0000000084000000, 0x0000000084000000| Untracked 
|  41|0x0000000084100000, 0x0000000084100000, 0x0000000084200000|  0%| F|  |TAMS 0x0000000084100000, 0x0000000084100000| Untracked 
|  42|0x0000000084200000, 0x0000000084200000, 0x0000000084300000|  0%| F|  |TAMS 0x0000000084200000, 0x0000000084200000| Untracked 
|  43|0x0000000084300000, 0x0000000084400000, 0x0000000084400000|100%| S|CS|TAMS 0x0000000084300000, 0x0000000084300000| Complete 
|  44|0x0000000084400000, 0x0000000084500000, 0x0000000084500000|100%| S|CS|TAMS 0x0000000084400000, 0x0000000084400000| Complete 
|  45|0x0000000084500000, 0x0000000084600000, 0x0000000084600000|100%| S|CS|TAMS 0x0000000084500000, 0x0000000084500000| Complete 
|  46|0x0000000084600000, 0x0000000084700000, 0x0000000084700000|100%| S|CS|TAMS 0x0000000084600000, 0x0000000084600000| Complete 
|  47|0x0000000084700000, 0x0000000084800000, 0x0000000084800000|100%| S|CS|TAMS 0x0000000084700000, 0x0000000084700000| Complete 
|  48|0x0000000084800000, 0x0000000084900000, 0x0000000084900000|100%| S|CS|TAMS 0x0000000084800000, 0x0000000084800000| Complete 
|  49|0x0000000084900000, 0x0000000084a00000, 0x0000000084a00000|100%| S|CS|TAMS 0x0000000084900000, 0x0000000084900000| Complete 
|  50|0x0000000084a00000, 0x0000000084b00000, 0x0000000084b00000|100%| S|CS|TAMS 0x0000000084a00000, 0x0000000084a00000| Complete 
|  51|0x0000000084b00000, 0x0000000084c00000, 0x0000000084c00000|100%| S|CS|TAMS 0x0000000084b00000, 0x0000000084b00000| Complete 
|  52|0x0000000084c00000, 0x0000000084d00000, 0x0000000084d00000|100%| S|CS|TAMS 0x0000000084c00000, 0x0000000084c00000| Complete 
|  53|0x0000000084d00000, 0x0000000084d00000, 0x0000000084e00000|  0%| F|  |TAMS 0x0000000084d00000, 0x0000000084d00000| Untracked 
|  54|0x0000000084e00000, 0x0000000084e00000, 0x0000000084f00000|  0%| F|  |TAMS 0x0000000084e00000, 0x0000000084e00000| Untracked 
|  55|0x0000000084f00000, 0x0000000084f00000, 0x0000000085000000|  0%| F|  |TAMS 0x0000000084f00000, 0x0000000084f00000| Untracked 
|  56|0x0000000085000000, 0x0000000085000000, 0x0000000085100000|  0%| F|  |TAMS 0x0000000085000000, 0x0000000085000000| Untracked 
|  57|0x0000000085100000, 0x0000000085100000, 0x0000000085200000|  0%| F|  |TAMS 0x0000000085100000, 0x0000000085100000| Untracked 
|  58|0x0000000085200000, 0x0000000085200000, 0x0000000085300000|  0%| F|  |TAMS 0x0000000085200000, 0x0000000085200000| Untracked 
|  59|0x0000000085300000, 0x0000000085300000, 0x0000000085400000|  0%| F|  |TAMS 0x0000000085300000, 0x0000000085300000| Untracked 
|  60|0x0000000085400000, 0x0000000085400000, 0x0000000085500000|  0%| F|  |TAMS 0x0000000085400000, 0x0000000085400000| Untracked 
|  61|0x0000000085500000, 0x0000000085500000, 0x0000000085600000|  0%| F|  |TAMS 0x0000000085500000, 0x0000000085500000| Untracked 
|  62|0x0000000085600000, 0x0000000085600000, 0x0000000085700000|  0%| F|  |TAMS 0x0000000085600000, 0x0000000085600000| Untracked 
|  63|0x0000000085700000, 0x0000000085700000, 0x0000000085800000|  0%| F|  |TAMS 0x0000000085700000, 0x0000000085700000| Untracked 
|  64|0x0000000085800000, 0x0000000085800000, 0x0000000085900000|  0%| F|  |TAMS 0x0000000085800000, 0x0000000085800000| Untracked 
|  65|0x0000000085900000, 0x0000000085900000, 0x0000000085a00000|  0%| F|  |TAMS 0x0000000085900000, 0x0000000085900000| Untracked 
|  66|0x0000000085a00000, 0x0000000085a00000, 0x0000000085b00000|  0%| F|  |TAMS 0x0000000085a00000, 0x0000000085a00000| Untracked 
|  67|0x0000000085b00000, 0x0000000085b00000, 0x0000000085c00000|  0%| F|  |TAMS 0x0000000085b00000, 0x0000000085b00000| Untracked 
|  68|0x0000000085c00000, 0x0000000085c00000, 0x0000000085d00000|  0%| F|  |TAMS 0x0000000085c00000, 0x0000000085c00000| Untracked 
|  69|0x0000000085d00000, 0x0000000085d00000, 0x0000000085e00000|  0%| F|  |TAMS 0x0000000085d00000, 0x0000000085d00000| Untracked 
|  70|0x0000000085e00000, 0x0000000085e00000, 0x0000000085f00000|  0%| F|  |TAMS 0x0000000085e00000, 0x0000000085e00000| Untracked 
|  71|0x0000000085f00000, 0x0000000085f00000, 0x0000000086000000|  0%| F|  |TAMS 0x0000000085f00000, 0x0000000085f00000| Untracked 
|  72|0x0000000086000000, 0x0000000086000000, 0x0000000086100000|  0%| F|  |TAMS 0x0000000086000000, 0x0000000086000000| Untracked 
|  73|0x0000000086100000, 0x0000000086100000, 0x0000000086200000|  0%| F|  |TAMS 0x0000000086100000, 0x0000000086100000| Untracked 
|  74|0x0000000086200000, 0x0000000086200000, 0x0000000086300000|  0%| F|  |TAMS 0x0000000086200000, 0x0000000086200000| Untracked 
|  75|0x0000000086300000, 0x0000000086300000, 0x0000000086400000|  0%| F|  |TAMS 0x0000000086300000, 0x0000000086300000| Untracked 
|  76|0x0000000086400000, 0x0000000086400000, 0x0000000086500000|  0%| F|  |TAMS 0x0000000086400000, 0x0000000086400000| Untracked 
|  77|0x0000000086500000, 0x0000000086500000, 0x0000000086600000|  0%| F|  |TAMS 0x0000000086500000, 0x0000000086500000| Untracked 
|  78|0x0000000086600000, 0x0000000086600000, 0x0000000086700000|  0%| F|  |TAMS 0x0000000086600000, 0x0000000086600000| Untracked 
|  79|0x0000000086700000, 0x0000000086700000, 0x0000000086800000|  0%| F|  |TAMS 0x0000000086700000, 0x0000000086700000| Untracked 
|  80|0x0000000086800000, 0x0000000086800000, 0x0000000086900000|  0%| F|  |TAMS 0x0000000086800000, 0x0000000086800000| Untracked 
|  81|0x0000000086900000, 0x0000000086900000, 0x0000000086a00000|  0%| F|  |TAMS 0x0000000086900000, 0x0000000086900000| Untracked 
|  82|0x0000000086a00000, 0x0000000086a00000, 0x0000000086b00000|  0%| F|  |TAMS 0x0000000086a00000, 0x0000000086a00000| Untracked 
|  83|0x0000000086b00000, 0x0000000086b00000, 0x0000000086c00000|  0%| F|  |TAMS 0x0000000086b00000, 0x0000000086b00000| Untracked 
|  84|0x0000000086c00000, 0x0000000086c00000, 0x0000000086d00000|  0%| F|  |TAMS 0x0000000086c00000, 0x0000000086c00000| Untracked 
|  85|0x0000000086d00000, 0x0000000086d00000, 0x0000000086e00000|  0%| F|  |TAMS 0x0000000086d00000, 0x0000000086d00000| Untracked 
|  86|0x0000000086e00000, 0x0000000086e00000, 0x0000000086f00000|  0%| F|  |TAMS 0x0000000086e00000, 0x0000000086e00000| Untracked 
|  87|0x0000000086f00000, 0x0000000086f00000, 0x0000000087000000|  0%| F|  |TAMS 0x0000000086f00000, 0x0000000086f00000| Untracked 
|  88|0x0000000087000000, 0x0000000087000000, 0x0000000087100000|  0%| F|  |TAMS 0x0000000087000000, 0x0000000087000000| Untracked 
|  89|0x0000000087100000, 0x0000000087100000, 0x0000000087200000|  0%| F|  |TAMS 0x0000000087100000, 0x0000000087100000| Untracked 
|  90|0x0000000087200000, 0x0000000087200000, 0x0000000087300000|  0%| F|  |TAMS 0x0000000087200000, 0x0000000087200000| Untracked 
|  91|0x0000000087300000, 0x0000000087300000, 0x0000000087400000|  0%| F|  |TAMS 0x0000000087300000, 0x0000000087300000| Untracked 
|  92|0x0000000087400000, 0x0000000087400000, 0x0000000087500000|  0%| F|  |TAMS 0x0000000087400000, 0x0000000087400000| Untracked 
|  93|0x0000000087500000, 0x0000000087500000, 0x0000000087600000|  0%| F|  |TAMS 0x0000000087500000, 0x0000000087500000| Untracked 
|  94|0x0000000087600000, 0x0000000087600000, 0x0000000087700000|  0%| F|  |TAMS 0x0000000087600000, 0x0000000087600000| Untracked 
|  95|0x0000000087700000, 0x0000000087700000, 0x0000000087800000|  0%| F|  |TAMS 0x0000000087700000, 0x0000000087700000| Untracked 
|  96|0x0000000087800000, 0x0000000087800000, 0x0000000087900000|  0%| F|  |TAMS 0x0000000087800000, 0x0000000087800000| Untracked 
|  97|0x0000000087900000, 0x0000000087900000, 0x0000000087a00000|  0%| F|  |TAMS 0x0000000087900000, 0x0000000087900000| Untracked 
|  98|0x0000000087a00000, 0x0000000087a00000, 0x0000000087b00000|  0%| F|  |TAMS 0x0000000087a00000, 0x0000000087a00000| Untracked 
|  99|0x0000000087b00000, 0x0000000087b00000, 0x0000000087c00000|  0%| F|  |TAMS 0x0000000087b00000, 0x0000000087b00000| Untracked 
| 100|0x0000000087c00000, 0x0000000087c00000, 0x0000000087d00000|  0%| F|  |TAMS 0x0000000087c00000, 0x0000000087c00000| Untracked 
| 101|0x0000000087d00000, 0x0000000087d00000, 0x0000000087e00000|  0%| F|  |TAMS 0x0000000087d00000, 0x0000000087d00000| Untracked 
| 102|0x0000000087e00000, 0x0000000087e00000, 0x0000000087f00000|  0%| F|  |TAMS 0x0000000087e00000, 0x0000000087e00000| Untracked 
| 103|0x0000000087f00000, 0x0000000087f00000, 0x0000000088000000|  0%| F|  |TAMS 0x0000000087f00000, 0x0000000087f00000| Untracked 
| 104|0x0000000088000000, 0x0000000088000000, 0x0000000088100000|  0%| F|  |TAMS 0x0000000088000000, 0x0000000088000000| Untracked 
| 105|0x0000000088100000, 0x0000000088100000, 0x0000000088200000|  0%| F|  |TAMS 0x0000000088100000, 0x0000000088100000| Untracked 
| 106|0x0000000088200000, 0x0000000088200000, 0x0000000088300000|  0%| F|  |TAMS 0x0000000088200000, 0x0000000088200000| Untracked 
| 107|0x0000000088300000, 0x0000000088300000, 0x0000000088400000|  0%| F|  |TAMS 0x0000000088300000, 0x0000000088300000| Untracked 
| 108|0x0000000088400000, 0x0000000088400000, 0x0000000088500000|  0%| F|  |TAMS 0x0000000088400000, 0x0000000088400000| Untracked 
| 109|0x0000000088500000, 0x0000000088500000, 0x0000000088600000|  0%| F|  |TAMS 0x0000000088500000, 0x0000000088500000| Untracked 
| 110|0x0000000088600000, 0x0000000088600000, 0x0000000088700000|  0%| F|  |TAMS 0x0000000088600000, 0x0000000088600000| Untracked 
| 111|0x0000000088700000, 0x0000000088700000, 0x0000000088800000|  0%| F|  |TAMS 0x0000000088700000, 0x0000000088700000| Untracked 
| 112|0x0000000088800000, 0x0000000088800000, 0x0000000088900000|  0%| F|  |TAMS 0x0000000088800000, 0x0000000088800000| Untracked 
| 113|0x0000000088900000, 0x0000000088900000, 0x0000000088a00000|  0%| F|  |TAMS 0x0000000088900000, 0x0000000088900000| Untracked 
| 114|0x0000000088a00000, 0x0000000088a00000, 0x0000000088b00000|  0%| F|  |TAMS 0x0000000088a00000, 0x0000000088a00000| Untracked 
| 115|0x0000000088b00000, 0x0000000088b00000, 0x0000000088c00000|  0%| F|  |TAMS 0x0000000088b00000, 0x0000000088b00000| Untracked 
| 116|0x0000000088c00000, 0x0000000088c00000, 0x0000000088d00000|  0%| F|  |TAMS 0x0000000088c00000, 0x0000000088c00000| Untracked 
| 117|0x0000000088d00000, 0x0000000088d00000, 0x0000000088e00000|  0%| F|  |TAMS 0x0000000088d00000, 0x0000000088d00000| Untracked 
| 118|0x0000000088e00000, 0x0000000088e00000, 0x0000000088f00000|  0%| F|  |TAMS 0x0000000088e00000, 0x0000000088e00000| Untracked 
| 119|0x0000000088f00000, 0x0000000088f00000, 0x0000000089000000|  0%| F|  |TAMS 0x0000000088f00000, 0x0000000088f00000| Untracked 
| 120|0x0000000089000000, 0x0000000089000000, 0x0000000089100000|  0%| F|  |TAMS 0x0000000089000000, 0x0000000089000000| Untracked 
| 121|0x0000000089100000, 0x0000000089100000, 0x0000000089200000|  0%| F|  |TAMS 0x0000000089100000, 0x0000000089100000| Untracked 
| 122|0x0000000089200000, 0x0000000089200000, 0x0000000089300000|  0%| F|  |TAMS 0x0000000089200000, 0x0000000089200000| Untracked 
| 123|0x0000000089300000, 0x0000000089300000, 0x0000000089400000|  0%| F|  |TAMS 0x0000000089300000, 0x0000000089300000| Untracked 
| 124|0x0000000089400000, 0x0000000089400000, 0x0000000089500000|  0%| F|  |TAMS 0x0000000089400000, 0x0000000089400000| Untracked 
| 125|0x0000000089500000, 0x0000000089500000, 0x0000000089600000|  0%| F|  |TAMS 0x0000000089500000, 0x0000000089500000| Untracked 
| 126|0x0000000089600000, 0x0000000089600000, 0x0000000089700000|  0%| F|  |TAMS 0x0000000089600000, 0x0000000089600000| Untracked 
| 127|0x0000000089700000, 0x0000000089700000, 0x0000000089800000|  0%| F|  |TAMS 0x0000000089700000, 0x0000000089700000| Untracked 
| 128|0x0000000089800000, 0x0000000089800000, 0x0000000089900000|  0%| F|  |TAMS 0x0000000089800000, 0x0000000089800000| Untracked 
| 129|0x0000000089900000, 0x0000000089900000, 0x0000000089a00000|  0%| F|  |TAMS 0x0000000089900000, 0x0000000089900000| Untracked 
| 130|0x0000000089a00000, 0x0000000089a00000, 0x0000000089b00000|  0%| F|  |TAMS 0x0000000089a00000, 0x0000000089a00000| Untracked 
| 131|0x0000000089b00000, 0x0000000089b00000, 0x0000000089c00000|  0%| F|  |TAMS 0x0000000089b00000, 0x0000000089b00000| Untracked 
| 132|0x0000000089c00000, 0x0000000089c00000, 0x0000000089d00000|  0%| F|  |TAMS 0x0000000089c00000, 0x0000000089c00000| Untracked 
| 133|0x0000000089d00000, 0x0000000089d80800, 0x0000000089e00000| 50%| E|  |TAMS 0x0000000089d00000, 0x0000000089d00000| Complete 
| 134|0x0000000089e00000, 0x0000000089f00000, 0x0000000089f00000|100%| E|CS|TAMS 0x0000000089e00000, 0x0000000089e00000| Complete 
| 135|0x0000000089f00000, 0x000000008a000000, 0x000000008a000000|100%| E|CS|TAMS 0x0000000089f00000, 0x0000000089f00000| Complete 
| 136|0x000000008a000000, 0x000000008a100000, 0x000000008a100000|100%| E|CS|TAMS 0x000000008a000000, 0x000000008a000000| Complete 
| 137|0x000000008a100000, 0x000000008a200000, 0x000000008a200000|100%| E|CS|TAMS 0x000000008a100000, 0x000000008a100000| Complete 
| 138|0x000000008a200000, 0x000000008a300000, 0x000000008a300000|100%| E|CS|TAMS 0x000000008a200000, 0x000000008a200000| Complete 
| 139|0x000000008a300000, 0x000000008a400000, 0x000000008a400000|100%| E|CS|TAMS 0x000000008a300000, 0x000000008a300000| Complete 
| 140|0x000000008a400000, 0x000000008a500000, 0x000000008a500000|100%| E|CS|TAMS 0x000000008a400000, 0x000000008a400000| Complete 
| 141|0x000000008a500000, 0x000000008a600000, 0x000000008a600000|100%| E|CS|TAMS 0x000000008a500000, 0x000000008a500000| Complete 
| 142|0x000000008a600000, 0x000000008a700000, 0x000000008a700000|100%| E|CS|TAMS 0x000000008a600000, 0x000000008a600000| Complete 
| 143|0x000000008a700000, 0x000000008a800000, 0x000000008a800000|100%| E|CS|TAMS 0x000000008a700000, 0x000000008a700000| Complete 
| 144|0x000000008a800000, 0x000000008a900000, 0x000000008a900000|100%| E|CS|TAMS 0x000000008a800000, 0x000000008a800000| Complete 
| 145|0x000000008a900000, 0x000000008aa00000, 0x000000008aa00000|100%| E|CS|TAMS 0x000000008a900000, 0x000000008a900000| Complete 
| 146|0x000000008aa00000, 0x000000008ab00000, 0x000000008ab00000|100%| E|CS|TAMS 0x000000008aa00000, 0x000000008aa00000| Complete 
| 147|0x000000008ab00000, 0x000000008ac00000, 0x000000008ac00000|100%| E|CS|TAMS 0x000000008ab00000, 0x000000008ab00000| Complete 
| 148|0x000000008ac00000, 0x000000008ad00000, 0x000000008ad00000|100%| E|CS|TAMS 0x000000008ac00000, 0x000000008ac00000| Complete 
| 149|0x000000008ad00000, 0x000000008ae00000, 0x000000008ae00000|100%| E|CS|TAMS 0x000000008ad00000, 0x000000008ad00000| Complete 
| 150|0x000000008ae00000, 0x000000008af00000, 0x000000008af00000|100%| E|CS|TAMS 0x000000008ae00000, 0x000000008ae00000| Complete 
| 151|0x000000008af00000, 0x000000008b000000, 0x000000008b000000|100%| E|CS|TAMS 0x000000008af00000, 0x000000008af00000| Complete 
| 152|0x000000008b000000, 0x000000008b100000, 0x000000008b100000|100%| E|CS|TAMS 0x000000008b000000, 0x000000008b000000| Complete 
| 153|0x000000008b100000, 0x000000008b200000, 0x000000008b200000|100%| E|CS|TAMS 0x000000008b100000, 0x000000008b100000| Complete 

Card table byte_map: [0x00000134c73b0000,0x00000134c77b0000] _byte_map_base: 0x00000134c6fa4000

Marking Bits (Prev, Next): (CMBitMap*) 0x00000134afc8dfb0, (CMBitMap*) 0x00000134afc8df78
 Prev Bits: [0x00000134c9b50000, 0x00000134cbaf0000)
 Next Bits: [0x00000134c7bb0000, 0x00000134c9b50000)

Polling page: 0x00000134addb0000

Metaspace:

Usage:
  Non-class:     28.81 MB capacity,    28.45 MB ( 99%) used,   310.41 KB (  1%) free+waste,    52.75 KB ( <1%) overhead. 
      Class:      3.56 MB capacity,     3.33 MB ( 94%) used,   211.44 KB (  6%) free+waste,    21.81 KB ( <1%) overhead. 
       Both:     32.37 MB capacity,    31.78 MB ( 98%) used,   521.84 KB (  2%) free+waste,    74.56 KB ( <1%) overhead. 

Virtual space:
  Non-class space:       30.00 MB reserved,      28.92 MB ( 96%) committed 
      Class space:        1.00 GB reserved,       3.63 MB ( <1%) committed 
             Both:        1.03 GB reserved,      32.55 MB (  3%) committed 

Chunk freelists:
   Non-Class:  6.38 KB
       Class:  512 bytes
        Both:  6.88 KB

CodeHeap 'non-profiled nmethods': size=120064Kb used=3009Kb max_used=3009Kb free=117054Kb
 bounds [0x00000134bfa70000, 0x00000134bfd70000, 0x00000134c6fb0000]
CodeHeap 'profiled nmethods': size=120000Kb used=12702Kb max_used=12702Kb free=107297Kb
 bounds [0x00000134b8540000, 0x00000134b91b0000, 0x00000134bfa70000]
CodeHeap 'non-nmethods': size=5696Kb used=1140Kb max_used=1180Kb free=4555Kb
 bounds [0x00000134b7fb0000, 0x00000134b8220000, 0x00000134b8540000]
 total_blobs=7085 nmethods=5290 adapters=381
 compilation: enabled
              stopped_count=0, restarted_count=0
 full_count=0

Compilation events (10 events):
Event: 11.601 Thread 0x00000134ce00c800 nmethod 5274 0x00000134b917c290 code [0x00000134b917c5a0, 0x00000134b917d7d0]
Event: 11.601 Thread 0x00000134ce00c800 5283       3       com.sun.tools.javac.tree.TreeInfo::symbol (104 bytes)
Event: 11.602 Thread 0x00000134ce00c800 nmethod 5283 0x00000134b917de10 code [0x00000134b917e0c0, 0x00000134b917f0f0]
Event: 11.602 Thread 0x00000134ce00c800 5275       3       java.util.stream.Nodes$ArrayNode::asArray (25 bytes)
Event: 11.602 Thread 0x00000134ce00c800 nmethod 5275 0x00000134b917f510 code [0x00000134b917f6e0, 0x00000134b917f950]
Event: 11.602 Thread 0x00000134ce00c800 5276       3       com.sun.tools.javac.util.JCDiagnostic$DiagnosticInfo::of (108 bytes)
Event: 11.604 Thread 0x00000134ce00c800 nmethod 5276 0x00000134b917fa90 code [0x00000134b917fdc0, 0x00000134b9181100]
Event: 11.604 Thread 0x00000134ce00c800 5285       3       com.sun.tools.javac.code.Type::isErroneous (34 bytes)
Event: 11.604 Thread 0x00000134ce00c800 nmethod 5285 0x00000134b9181710 code [0x00000134b9181900, 0x00000134b9181e30]
Event: 11.604 Thread 0x00000134ce00c800 5277       3       com.sun.tools.javac.util.JCDiagnostic$Factory::normalize (39 bytes)

GC Heap History (10 events):
Event: 3.717 GC heap before
{Heap before GC invocations=3 (full 0):
 garbage-first heap   total 131072K, used 35434K [0x0000000081800000, 0x0000000100000000)
  region size 1024K, 32 young (32768K), 1 survivors (1024K)
 Metaspace       used 20901K, capacity 21175K, committed 21296K, reserved 1069056K
  class space    used 2243K, capacity 2358K, committed 2432K, reserved 1048576K
}
Event: 3.737 GC heap after
{Heap after GC invocations=4 (full 0):
 garbage-first heap   total 131072K, used 7153K [0x0000000081800000, 0x0000000100000000)
  region size 1024K, 4 young (4096K), 4 survivors (4096K)
 Metaspace       used 20901K, capacity 21175K, committed 21296K, reserved 1069056K
  class space    used 2243K, capacity 2358K, committed 2432K, reserved 1048576K
}
Event: 6.272 GC heap before
{Heap before GC invocations=5 (full 0):
 garbage-first heap   total 131072K, used 54257K [0x0000000081800000, 0x0000000100000000)
  region size 1024K, 50 young (51200K), 4 survivors (4096K)
 Metaspace       used 21842K, capacity 22224K, committed 22320K, reserved 1069056K
  class space    used 2290K, capacity 2428K, committed 2432K, reserved 1048576K
}
Event: 6.290 GC heap after
{Heap after GC invocations=6 (full 0):
 garbage-first heap   total 131072K, used 13009K [0x0000000081800000, 0x0000000100000000)
  region size 1024K, 7 young (7168K), 7 survivors (7168K)
 Metaspace       used 21842K, capacity 22224K, committed 22320K, reserved 1069056K
  class space    used 2290K, capacity 2428K, committed 2432K, reserved 1048576K
}
Event: 8.830 GC heap before
{Heap before GC invocations=6 (full 0):
 garbage-first heap   total 131072K, used 74449K [0x0000000081800000, 0x0000000100000000)
  region size 1024K, 67 young (68608K), 7 survivors (7168K)
 Metaspace       used 23280K, capacity 23741K, committed 24112K, reserved 1071104K
  class space    used 2407K, capacity 2570K, committed 2688K, reserved 1048576K
}
Event: 8.853 GC heap after
{Heap after GC invocations=7 (full 0):
 garbage-first heap   total 131072K, used 17747K [0x0000000081800000, 0x0000000100000000)
  region size 1024K, 9 young (9216K), 9 survivors (9216K)
 Metaspace       used 23280K, capacity 23741K, committed 24112K, reserved 1071104K
  class space    used 2407K, capacity 2570K, committed 2688K, reserved 1048576K
}
Event: 9.987 GC heap before
{Heap before GC invocations=7 (full 0):
 garbage-first heap   total 131072K, used 81235K [0x0000000081800000, 0x0000000100000000)
  region size 1024K, 71 young (72704K), 9 survivors (9216K)
 Metaspace       used 26685K, capacity 27223K, committed 27568K, reserved 1073152K
  class space    used 2806K, capacity 2970K, committed 3072K, reserved 1048576K
}
Event: 10.001 GC heap after
{Heap after GC invocations=8 (full 0):
 garbage-first heap   total 131072K, used 19670K [0x0000000081800000, 0x0000000100000000)
  region size 1024K, 3 young (3072K), 3 survivors (3072K)
 Metaspace       used 26685K, capacity 27223K, committed 27568K, reserved 1073152K
  class space    used 2806K, capacity 2970K, committed 3072K, reserved 1048576K
}
Event: 11.246 GC heap before
{Heap before GC invocations=8 (full 0):
 garbage-first heap   total 131072K, used 94422K [0x0000000081800000, 0x0000000100000000)
  region size 1024K, 75 young (76800K), 3 survivors (3072K)
 Metaspace       used 31900K, capacity 32518K, committed 32816K, reserved 1079296K
  class space    used 3366K, capacity 3588K, committed 3712K, reserved 1048576K
}
Event: 11.263 GC heap after
{Heap after GC invocations=9 (full 0):
 garbage-first heap   total 157696K, used 34666K [0x0000000081800000, 0x0000000100000000)
  region size 1024K, 10 young (10240K), 10 survivors (10240K)
 Metaspace       used 31900K, capacity 32518K, committed 32816K, reserved 1079296K
  class space    used 3366K, capacity 3588K, committed 3712K, reserved 1048576K
}

Deoptimization events (10 events):
Event: 10.176 Thread 0x00000134afc4f000 Uncommon trap: reason=class_check action=maybe_recompile pc=0x00000134bfaaf508 method=jdk.internal.loader.URLClassPath.getLoader(I)Ljdk/internal/loader/URLClassPath$Loader; @ 88 c2
Event: 10.236 Thread 0x00000134afc4f000 Uncommon trap: reason=class_check action=maybe_recompile pc=0x00000134bfaaf508 method=jdk.internal.loader.URLClassPath.getLoader(I)Ljdk/internal/loader/URLClassPath$Loader; @ 88 c2
Event: 10.242 Thread 0x00000134afc4f000 Uncommon trap: reason=bimorphic_or_optimized_type_check action=maybe_recompile pc=0x00000134bfc6b14c method=java.util.regex.Matcher.match(II)Z @ 121 c2
Event: 10.792 Thread 0x00000134afc4f000 Uncommon trap: reason=speculate_class_check action=maybe_recompile pc=0x00000134bfd0d090 method=java.util.zip.InflaterInputStream.read([BII)I @ 100 c2
Event: 10.806 Thread 0x00000134afc4f000 Uncommon trap: reason=speculate_class_check action=maybe_recompile pc=0x00000134bfd0d090 method=java.util.zip.InflaterInputStream.read([BII)I @ 100 c2
Event: 10.814 Thread 0x00000134afc4f000 Uncommon trap: reason=speculate_class_check action=maybe_recompile pc=0x00000134bfd0d090 method=java.util.zip.InflaterInputStream.read([BII)I @ 100 c2
Event: 10.823 Thread 0x00000134afc4f000 Uncommon trap: reason=speculate_class_check action=maybe_recompile pc=0x00000134bfd0d090 method=java.util.zip.InflaterInputStream.read([BII)I @ 100 c2
Event: 11.236 Thread 0x00000134afc4f000 Uncommon trap: reason=unstable_if action=reinterpret pc=0x00000134bfd2edbc method=java.nio.file.FileTreeWalker.visit(Ljava/nio/file/Path;ZZ)Ljava/nio/file/FileTreeWalker$Event; @ 53 c2
Event: 11.273 Thread 0x00000134afc4f000 Uncommon trap: reason=unstable_if action=reinterpret pc=0x00000134bfd3fbac method=java.nio.file.FileTreeWalker.visit(Ljava/nio/file/Path;ZZ)Ljava/nio/file/FileTreeWalker$Event; @ 84 c2
Event: 11.351 Thread 0x00000134afc4f000 Uncommon trap: reason=unstable_if action=reinterpret pc=0x00000134bfd3a5bc method=com.sun.tools.javac.util.Name$Table.equals([BI[BII)Z @ 22 c2

Classes redefined (0 events):
No events

Internal exceptions (10 events):
Event: 11.580 Thread 0x00000134afc4f000 Exception <a 'sun/nio/fs/WindowsException'{0x000000008a080b10}> (0x000000008a080b10) thrown at [t:/workspace/open/src/hotspot/share/prims/jni.cpp, line 615]
Event: 11.581 Thread 0x00000134afc4f000 Exception <a 'sun/nio/fs/WindowsException'{0x000000008a080e40}> (0x000000008a080e40) thrown at [t:/workspace/open/src/hotspot/share/prims/jni.cpp, line 615]
Event: 11.594 Thread 0x00000134afc4f000 Exception <a 'sun/nio/fs/WindowsException'{0x000000008a0de4c8}> (0x000000008a0de4c8) thrown at [t:/workspace/open/src/hotspot/share/prims/jni.cpp, line 615]
Event: 11.594 Thread 0x00000134afc4f000 Exception <a 'sun/nio/fs/WindowsException'{0x000000008a0de7f8}> (0x000000008a0de7f8) thrown at [t:/workspace/open/src/hotspot/share/prims/jni.cpp, line 615]
Event: 11.595 Thread 0x00000134afc4f000 Exception <a 'sun/nio/fs/WindowsException'{0x000000008a0e4d48}> (0x000000008a0e4d48) thrown at [t:/workspace/open/src/hotspot/share/prims/jni.cpp, line 615]
Event: 11.595 Thread 0x00000134afc4f000 Exception <a 'sun/nio/fs/WindowsException'{0x000000008a0e5030}> (0x000000008a0e5030) thrown at [t:/workspace/open/src/hotspot/share/prims/jni.cpp, line 615]
Event: 11.595 Thread 0x00000134afc4f000 Exception <a 'sun/nio/fs/WindowsException'{0x000000008a0f6a88}> (0x000000008a0f6a88) thrown at [t:/workspace/open/src/hotspot/share/prims/jni.cpp, line 615]
Event: 11.596 Thread 0x00000134afc4f000 Exception <a 'sun/nio/fs/WindowsException'{0x000000008a0f6db8}> (0x000000008a0f6db8) thrown at [t:/workspace/open/src/hotspot/share/prims/jni.cpp, line 615]
Event: 11.596 Thread 0x00000134afc4f000 Exception <a 'sun/nio/fs/WindowsException'{0x000000008a0f82d8}> (0x000000008a0f82d8) thrown at [t:/workspace/open/src/hotspot/share/prims/jni.cpp, line 615]
Event: 11.596 Thread 0x00000134afc4f000 Exception <a 'sun/nio/fs/WindowsException'{0x000000008a0f8690}> (0x000000008a0f8690) thrown at [t:/workspace/open/src/hotspot/share/prims/jni.cpp, line 615]

Events (10 events):
Event: 11.417 loading class com/sun/tools/javac/code/Type
Event: 11.417 loading class com/sun/tools/javac/code/Type done
Event: 11.417 loading class com/sun/tools/javac/code/Type
Event: 11.417 loading class com/sun/tools/javac/code/Type done
Event: 11.417 loading class com/sun/tools/javac/code/Types$TypeMapping
Event: 11.417 loading class com/sun/tools/javac/code/Types$TypeMapping done
Event: 11.491 Thread 0x00000134afc4f000 DEOPT PACKING pc=0x00000134b87a113c sp=0x0000002e9fbfc2b0
Event: 11.491 Thread 0x00000134afc4f000 DEOPT UNPACKING pc=0x00000134b7fd8d4e sp=0x0000002e9fbfb850 mode 0
Event: 11.522 Executing VM operation: ICBufferFull
Event: 11.522 Executing VM operation: ICBufferFull done


Dynamic libraries:
0x00007ff7605f0000 - 0x00007ff760637000 	C:\Program Files\Java\jdk-11.0.5\bin\java.exe
0x00007fff6c5e0000 - 0x00007fff6c7c1000 	C:\WINDOWS\SYSTEM32\ntdll.dll
0x00007fff64130000 - 0x00007fff64145000 	C:\Program Files\AVAST Software\Avast\aswhook.dll
0x00007fff6c0e0000 - 0x00007fff6c191000 	C:\WINDOWS\System32\KERNEL32.DLL
0x00007fff68cb0000 - 0x00007fff68f23000 	C:\WINDOWS\System32\KERNELBASE.dll
0x00007fff6c380000 - 0x00007fff6c421000 	C:\WINDOWS\System32\ADVAPI32.dll
0x00007fff6c030000 - 0x00007fff6c0ce000 	C:\WINDOWS\System32\msvcrt.dll
0x00007fff69b10000 - 0x00007fff69b6b000 	C:\WINDOWS\System32\sechost.dll
0x00007fff6bf00000 - 0x00007fff6c024000 	C:\WINDOWS\System32\RPCRT4.dll
0x00007fff6bbd0000 - 0x00007fff6bd60000 	C:\WINDOWS\System32\USER32.dll
0x00007fff68f30000 - 0x00007fff68f50000 	C:\WINDOWS\System32\win32u.dll
0x00007fff69a70000 - 0x00007fff69a98000 	C:\WINDOWS\System32\GDI32.dll
0x00007fff69880000 - 0x00007fff69a12000 	C:\WINDOWS\System32\gdi32full.dll
0x00007fff68f50000 - 0x00007fff68fef000 	C:\WINDOWS\System32\msvcp_win.dll
0x00007fff68ff0000 - 0x00007fff690e8000 	C:\WINDOWS\System32\ucrtbase.dll
0x00007fff5ad70000 - 0x00007fff5afd9000 	C:\WINDOWS\WinSxS\amd64_microsoft.windows.common-controls_6595b64144ccf1df_6.0.17134.706_none_fb43a2cb30647007\COMCTL32.dll
0x00007fff6b610000 - 0x00007fff6b932000 	C:\WINDOWS\System32\combase.dll
0x00007fff690f0000 - 0x00007fff6916a000 	C:\WINDOWS\System32\bcryptPrimitives.dll
0x00007fff617e0000 - 0x00007fff617ea000 	C:\WINDOWS\SYSTEM32\VERSION.dll
0x00007fff6c580000 - 0x00007fff6c5ad000 	C:\WINDOWS\System32\IMM32.DLL
0x00007fff631c0000 - 0x00007fff631d6000 	C:\Program Files\Java\jdk-11.0.5\bin\vcruntime140.dll
0x00007fff468c0000 - 0x00007fff4696a000 	C:\Program Files\Java\jdk-11.0.5\bin\msvcp140.dll
0x00007fff13740000 - 0x00007fff14268000 	C:\Program Files\Java\jdk-11.0.5\bin\server\jvm.dll
0x00007fff6c570000 - 0x00007fff6c578000 	C:\WINDOWS\System32\PSAPI.DLL
0x00007fff54550000 - 0x00007fff54559000 	C:\WINDOWS\SYSTEM32\WSOCK32.dll
0x00007fff6bb60000 - 0x00007fff6bbcc000 	C:\WINDOWS\System32\WS2_32.dll
0x00007fff622a0000 - 0x00007fff622c3000 	C:\WINDOWS\SYSTEM32\WINMM.dll
0x00007fff62250000 - 0x00007fff6227a000 	C:\WINDOWS\SYSTEM32\WINMMBASE.dll
0x00007fff69a20000 - 0x00007fff69a69000 	C:\WINDOWS\System32\cfgmgr32.dll
0x00007fff68990000 - 0x00007fff689a1000 	C:\WINDOWS\System32\kernel.appcore.dll
0x00007fff600b0000 - 0x00007fff600c1000 	C:\Program Files\Java\jdk-11.0.5\bin\verify.dll
0x00007fff67300000 - 0x00007fff674c9000 	C:\WINDOWS\SYSTEM32\DBGHELP.DLL
0x00007fff61570000 - 0x00007fff61599000 	C:\WINDOWS\SYSTEM32\dbgcore.DLL
0x00007fff5b7c0000 - 0x00007fff5b7e9000 	C:\Program Files\Java\jdk-11.0.5\bin\java.dll
0x00007fff5b240000 - 0x00007fff5b26f000 	C:\Program Files\Java\jdk-11.0.5\bin\instrument.dll
0x00007fff5fb30000 - 0x00007fff5fb46000 	C:\Program Files\Java\jdk-11.0.5\bin\zip.dll
0x00007fff640b0000 - 0x00007fff640ba000 	C:\Program Files\Java\jdk-11.0.5\bin\jimage.dll
0x00007fff6a1d0000 - 0x00007fff6b610000 	C:\WINDOWS\System32\SHELL32.dll
0x00007fff69b70000 - 0x00007fff69c19000 	C:\WINDOWS\System32\shcore.dll
0x00007fff69170000 - 0x00007fff6987d000 	C:\WINDOWS\System32\windows.storage.dll
0x00007fff6c320000 - 0x00007fff6c371000 	C:\WINDOWS\System32\shlwapi.dll
0x00007fff688f0000 - 0x00007fff6890f000 	C:\WINDOWS\System32\profapi.dll
0x00007fff68930000 - 0x00007fff6897c000 	C:\WINDOWS\System32\powrprof.dll
0x00007fff68980000 - 0x00007fff6898a000 	C:\WINDOWS\System32\FLTLIB.DLL
0x00007fff5db50000 - 0x00007fff5db69000 	C:\Program Files\Java\jdk-11.0.5\bin\net.dll
0x00007fff62530000 - 0x00007fff6260d000 	C:\WINDOWS\SYSTEM32\WINHTTP.dll
0x00007fff68110000 - 0x00007fff68176000 	C:\WINDOWS\system32\mswsock.dll
0x00007fff5a740000 - 0x00007fff5a753000 	C:\Program Files\Java\jdk-11.0.5\bin\nio.dll
0x00007fff5a720000 - 0x00007fff5a73a000 	C:\Program Files\JetBrains\IntelliJ IDEA 2019.3.2\bin\breakgen64.dll
0x00007fff682c0000 - 0x00007fff682d7000 	C:\WINDOWS\SYSTEM32\CRYPTSP.dll
0x00007fff67cf0000 - 0x00007fff67d23000 	C:\WINDOWS\system32\rsaenh.dll
0x00007fff683f0000 - 0x00007fff68415000 	C:\WINDOWS\SYSTEM32\bcrypt.dll
0x00007fff687f0000 - 0x00007fff68818000 	C:\WINDOWS\SYSTEM32\USERENV.dll
0x00007fff682e0000 - 0x00007fff682eb000 	C:\WINDOWS\SYSTEM32\CRYPTBASE.dll
0x00007fff67e90000 - 0x00007fff67ec8000 	C:\WINDOWS\SYSTEM32\IPHLPAPI.DLL
0x00007fff69b00000 - 0x00007fff69b08000 	C:\WINDOWS\System32\NSI.dll
0x00007fff62990000 - 0x00007fff629a6000 	C:\WINDOWS\SYSTEM32\dhcpcsvc6.DLL
0x00007fff62970000 - 0x00007fff6298a000 	C:\WINDOWS\SYSTEM32\dhcpcsvc.DLL
0x00007fff64720000 - 0x00007fff6472a000 	C:\Users\Anna\AppData\Local\Temp\jansi-1.17.1-5377479623903719024.dll
0x00007fff640d0000 - 0x00007fff640da000 	C:\Users\Anna\AppData\Local\Temp\jansi-1.17.1-3406847399291938254.dll

dbghelp: loaded successfully - version: 4.0.5 - missing functions: none
symbol engine: initialized successfully - sym options: 0x614 - pdb path: .;C:\Program Files\Java\jdk-11.0.5\bin;C:\WINDOWS\SYSTEM32;C:\Program Files\AVAST Software\Avast;C:\WINDOWS\WinSxS\amd64_microsoft.windows.common-controls_6595b64144ccf1df_6.0.17134.706_none_fb43a2cb30647007;C:\Program Files\Java\jdk-11.0.5\bin\server;C:\Program Files\JetBrains\IntelliJ IDEA 2019.3.2\bin;C:\Users\Anna\AppData\Local\Temp

VM Arguments:
jvm_args: -Dmaven.multiModuleProjectDirectory=C:\Users\Anna\IdeaProjects\ZeroDayFinal -Dmaven.home=C:\ProgramData\chocolatey\lib\maven\apache-maven-3.6.3 -Dclassworlds.conf=C:\ProgramData\chocolatey\lib\maven\apache-maven-3.6.3\bin\m2.conf -Dmaven.ext.class.path=C:\Program Files\JetBrains\IntelliJ IDEA 2019.3.2\plugins\maven\lib\maven-event-listener.jar -javaagent:C:\Program Files\JetBrains\IntelliJ IDEA 2019.3.2\lib\idea_rt.jar=59380:C:\Program Files\JetBrains\IntelliJ IDEA 2019.3.2\bin -Dfile.encoding=UTF-8 
java_command: org.codehaus.classworlds.Launcher -Didea.version2019.3.2 spring-boot:run
java_class_path (initial): C:\ProgramData\chocolatey\lib\maven\apache-maven-3.6.3\boot\plexus-classworlds-2.6.0.jar;C:\ProgramData\chocolatey\lib\maven\apache-maven-3.6.3\boot\plexus-classworlds.license
Launcher Type: SUN_STANDARD

[Global flags]
     intx CICompilerCount                          = 3                                         {product} {ergonomic}
     uint ConcGCThreads                            = 1                                         {product} {ergonomic}
     uint G1ConcRefinementThreads                  = 4                                         {product} {ergonomic}
   size_t G1HeapRegionSize                         = 1048576                                   {product} {ergonomic}
    uintx GCDrainStackTargetSize                   = 64                                        {product} {ergonomic}
   size_t InitialHeapSize                          = 134217728                                 {product} {ergonomic}
   size_t MarkStackSize                            = 4194304                                   {product} {ergonomic}
   size_t MaxHeapSize                              = 2122317824                                {product} {ergonomic}
   size_t MaxNewSize                               = 1272971264                                {product} {ergonomic}
   size_t MinHeapDeltaBytes                        = 1048576                                   {product} {ergonomic}
    uintx NonNMethodCodeHeapSize                   = 5830732                                {pd product} {ergonomic}
    uintx NonProfiledCodeHeapSize                  = 122913754                              {pd product} {ergonomic}
    uintx ProfiledCodeHeapSize                     = 122913754                              {pd product} {ergonomic}
    uintx ReservedCodeCacheSize                    = 251658240                              {pd product} {ergonomic}
     bool SegmentedCodeCache                       = true                                      {product} {ergonomic}
     bool UseCompressedClassPointers               = true                                 {lp64_product} {ergonomic}
     bool UseCompressedOops                        = true                                 {lp64_product} {ergonomic}
     bool UseG1GC                                  = true                                      {product} {ergonomic}
     bool UseLargePagesIndividualAllocation        = false                                  {pd product} {ergonomic}

Logging:
Log output configuration:
 #0: stdout all=warning uptime,level,tags
 #1: stderr all=off uptime,level,tags

Environment Variables:
JAVA_HOME=C:\Program Files\Java\jdk-11.0.5
PATH=C:\Program Files\Java\jdk-11.0.5\bin;C:\Program Files\Java\jdk1.8.0_121\bin;C:\Program Files (x86)\Common Files\Oracle\Java\javapath;C:\Program Files (x86)\Intel\iCLS Client\;C:\ProgramData\Oracle\Java\javapath;C:\Program Files\Intel\iCLS Client\;C:\WINDOWS\system32;C:\WINDOWS;C:\WINDOWS\System32\Wbem;C:\WINDOWS\System32\WindowsPowerShell\v1.0\;C:\Program Files\Intel\IntelSGXPSW\bin\x64\Release\;C:\Program Files\Intel\IntelSGXPSW\bin\win32\Release\;C:\Program Files\Hewlett-Packard\SimplePass\;C:\MinGW\bin;C:\MinGW\var\cache\mingw-get\packages\make-3.82.90-2-mingw32-cvs-20120902-bin.tar\make-3.82.90-2-mingw32-cvs-20120902-bin\bin;C:\Program Files\MySQL\MySQL Utilities 1.6\;C:\Users\Anna\sisc-1.16.6;C:\Program Files (x86)\Intel\Intel(R) Management Engine Components\DAL;C:\Program Files\Intel\Intel(R) Management Engine Components\DAL;C:\Program Files (x86)\Intel\Intel(R) Management Engine Components\IPT;C:\Program Files\Intel\Intel(R) Management Engine Components\IPT;C:\WINDOWS\System32\OpenSSH\;C:\Program Files\MATLAB\R2018b\bin;C:\Program Files\Intel\WiFi\bin\;C:\Program Files\Common Files\Intel\WirelessCommon\;C:\Program Files (x86)\PuTTY\;C:\ProgramData\chocolatey\bin;C:\ProgramData\chocolatey\lib\maven\apache-maven-3.6.3\bin;C:\Users\Anna\AppData\Local\GitHub\PortableGit_f02737a78695063deace08e96d5042710d3e32db\cmd;C:\Program Files\MySQL\MySQL Shell 8.0\bin\;C:\Ruby24-x64\bin;C:\Users\Anna\AppData\Local\Microsoft\WindowsApps
USERNAME=Anna
OS=Windows_NT
PROCESSOR_IDENTIFIER=Intel64 Family 6 Model 78 Stepping 3, GenuineIntel



---------------  S Y S T E M  ---------------

OS: Windows 10 , 64 bit Build 17134 (10.0.17134.706)

CPU:total 4 (initial active 4) (2 cores per cpu, 2 threads per core) family 6 model 78 stepping 3, cmov, cx8, fxsr, mmx, sse, sse2, sse3, ssse3, sse4.1, sse4.2, popcnt, avx, avx2, aes, clmul, erms, 3dnowpref, lzcnt, ht, tsc, tscinvbit, bmi1, bmi2, adx, fma

Memory: 4k page, system-wide physical 8090M (717M free)
TotalPageFile size 32666M (AvailPageFile size 5M)
current process WorkingSet (physical memory assigned to process): 260M, peak: 260M
current process commit charge ("private bytes"): 313M, peak: 313M

vm_info: Java HotSpot(TM) 64-Bit Server VM (11.0.5+10-LTS) for windows-amd64 JRE (11.0.5+10-LTS), built on Oct  6 2019 12:37:14 by "mach5one" with MS VC++ 15.5 (VS2017)

END.
